
AVRASM ver. 2.1.30  C:\Users\MicroLab\Desktop\SPI\Debug\List\slave.asm Fri Jan 25 18:59:31 2019

C:\Users\MicroLab\Desktop\SPI\Debug\List\slave.asm(1088): warning: Register r5 already defined by the .DEF directive
C:\Users\MicroLab\Desktop\SPI\Debug\List\slave.asm(1089): warning: Register r4 already defined by the .DEF directive
C:\Users\MicroLab\Desktop\SPI\Debug\List\slave.asm(1090): warning: Register r7 already defined by the .DEF directive
C:\Users\MicroLab\Desktop\SPI\Debug\List\slave.asm(1091): warning: Register r6 already defined by the .DEF directive
C:\Users\MicroLab\Desktop\SPI\Debug\List\slave.asm(1092): warning: Register r9 already defined by the .DEF directive
                 
                 
                 ;CodeVisionAVR C Compiler V3.12 Advanced
                 ;(C) Copyright 1998-2014 Pavel Haiduc, HP InfoTech s.r.l.
                 ;http://www.hpinfotech.com
                 
                 ;Build configuration    : Debug
                 ;Chip type              : ATmega16
                 ;Program type           : Application
                 ;Clock frequency        : 8.000000 MHz
                 ;Memory model           : Small
                 ;Optimize for           : Size
                 ;(s)printf features     : int, width
                 ;(s)scanf features      : int, width
                 ;External RAM size      : 0
                 ;Data Stack size        : 256 byte(s)
                 ;Heap size              : 0 byte(s)
                 ;Promote 'char' to 'int': Yes
                 ;'char' is unsigned     : Yes
                 ;8 bit enums            : Yes
                 ;Global 'const' stored in FLASH: Yes
                 ;Enhanced function parameter passing: Yes
                 ;Enhanced core instructions: On
                 ;Automatic register allocation for global variables: On
                 ;Smart register allocation: On
                 
                 	#define _MODEL_SMALL_
                 
                 	#pragma AVRPART ADMIN PART_NAME ATmega16
                 	#pragma AVRPART MEMORY PROG_FLASH 16384
                 	#pragma AVRPART MEMORY EEPROM 512
                 	#pragma AVRPART MEMORY INT_SRAM SIZE 1024
                 	#pragma AVRPART MEMORY INT_SRAM START_ADDR 0x60
                 
                 	#define CALL_SUPPORTED 1
                 
                 	.LISTMAC
                 	.EQU UDRE=0x5
                 	.EQU RXC=0x7
                 	.EQU USR=0xB
                 	.EQU UDR=0xC
                 	.EQU SPSR=0xE
                 	.EQU SPDR=0xF
                 	.EQU EERE=0x0
                 	.EQU EEWE=0x1
                 	.EQU EEMWE=0x2
                 	.EQU EECR=0x1C
                 	.EQU EEDR=0x1D
                 	.EQU EEARL=0x1E
                 	.EQU EEARH=0x1F
                 	.EQU WDTCR=0x21
                 	.EQU MCUCR=0x35
                 	.EQU GICR=0x3B
                 	.EQU SPL=0x3D
                 	.EQU SPH=0x3E
                 	.EQU SREG=0x3F
                 
                 	.DEF R0X0=R0
                 	.DEF R0X1=R1
                 	.DEF R0X2=R2
                 	.DEF R0X3=R3
                 	.DEF R0X4=R4
                 	.DEF R0X5=R5
                 	.DEF R0X6=R6
                 	.DEF R0X7=R7
                 	.DEF R0X8=R8
                 	.DEF R0X9=R9
                 	.DEF R0XA=R10
                 	.DEF R0XB=R11
                 	.DEF R0XC=R12
                 	.DEF R0XD=R13
                 	.DEF R0XE=R14
                 	.DEF R0XF=R15
                 	.DEF R0X10=R16
                 	.DEF R0X11=R17
                 	.DEF R0X12=R18
                 	.DEF R0X13=R19
                 	.DEF R0X14=R20
                 	.DEF R0X15=R21
                 	.DEF R0X16=R22
                 	.DEF R0X17=R23
                 	.DEF R0X18=R24
                 	.DEF R0X19=R25
                 	.DEF R0X1A=R26
                 	.DEF R0X1B=R27
                 	.DEF R0X1C=R28
                 	.DEF R0X1D=R29
                 	.DEF R0X1E=R30
                 	.DEF R0X1F=R31
                 
                 	.EQU __SRAM_START=0x0060
                 	.EQU __SRAM_END=0x045F
                 	.EQU __DSTACK_SIZE=0x0100
                 	.EQU __HEAP_SIZE=0x0000
                 	.EQU __CLEAR_SRAM_SIZE=__SRAM_END-__SRAM_START+1
                 
                 	.MACRO __CPD1N
                 	CPI  R30,LOW(@0)
                 	LDI  R26,HIGH(@0)
                 	CPC  R31,R26
                 	LDI  R26,BYTE3(@0)
                 	CPC  R22,R26
                 	LDI  R26,BYTE4(@0)
                 	CPC  R23,R26
                 	.ENDM
                 
                 	.MACRO __CPD2N
                 	CPI  R26,LOW(@0)
                 	LDI  R30,HIGH(@0)
                 	CPC  R27,R30
                 	LDI  R30,BYTE3(@0)
                 	CPC  R24,R30
                 	LDI  R30,BYTE4(@0)
                 	CPC  R25,R30
                 	.ENDM
                 
                 	.MACRO __CPWRR
                 	CP   R@0,R@2
                 	CPC  R@1,R@3
                 	.ENDM
                 
                 	.MACRO __CPWRN
                 	CPI  R@0,LOW(@2)
                 	LDI  R30,HIGH(@2)
                 	CPC  R@1,R30
                 	.ENDM
                 
                 	.MACRO __ADDB1MN
                 	SUBI R30,LOW(-@0-(@1))
                 	.ENDM
                 
                 	.MACRO __ADDB2MN
                 	SUBI R26,LOW(-@0-(@1))
                 	.ENDM
                 
                 	.MACRO __ADDW1MN
                 	SUBI R30,LOW(-@0-(@1))
                 	SBCI R31,HIGH(-@0-(@1))
                 	.ENDM
                 
                 	.MACRO __ADDW2MN
                 	SUBI R26,LOW(-@0-(@1))
                 	SBCI R27,HIGH(-@0-(@1))
                 	.ENDM
                 
                 	.MACRO __ADDW1FN
                 	SUBI R30,LOW(-2*@0-(@1))
                 	SBCI R31,HIGH(-2*@0-(@1))
                 	.ENDM
                 
                 	.MACRO __ADDD1FN
                 	SUBI R30,LOW(-2*@0-(@1))
                 	SBCI R31,HIGH(-2*@0-(@1))
                 	SBCI R22,BYTE3(-2*@0-(@1))
                 	.ENDM
                 
                 	.MACRO __ADDD1N
                 	SUBI R30,LOW(-@0)
                 	SBCI R31,HIGH(-@0)
                 	SBCI R22,BYTE3(-@0)
                 	SBCI R23,BYTE4(-@0)
                 	.ENDM
                 
                 	.MACRO __ADDD2N
                 	SUBI R26,LOW(-@0)
                 	SBCI R27,HIGH(-@0)
                 	SBCI R24,BYTE3(-@0)
                 	SBCI R25,BYTE4(-@0)
                 	.ENDM
                 
                 	.MACRO __SUBD1N
                 	SUBI R30,LOW(@0)
                 	SBCI R31,HIGH(@0)
                 	SBCI R22,BYTE3(@0)
                 	SBCI R23,BYTE4(@0)
                 	.ENDM
                 
                 	.MACRO __SUBD2N
                 	SUBI R26,LOW(@0)
                 	SBCI R27,HIGH(@0)
                 	SBCI R24,BYTE3(@0)
                 	SBCI R25,BYTE4(@0)
                 	.ENDM
                 
                 	.MACRO __ANDBMNN
                 	LDS  R30,@0+(@1)
                 	ANDI R30,LOW(@2)
                 	STS  @0+(@1),R30
                 	.ENDM
                 
                 	.MACRO __ANDWMNN
                 	LDS  R30,@0+(@1)
                 	ANDI R30,LOW(@2)
                 	STS  @0+(@1),R30
                 	LDS  R30,@0+(@1)+1
                 	ANDI R30,HIGH(@2)
                 	STS  @0+(@1)+1,R30
                 	.ENDM
                 
                 	.MACRO __ANDD1N
                 	ANDI R30,LOW(@0)
                 	ANDI R31,HIGH(@0)
                 	ANDI R22,BYTE3(@0)
                 	ANDI R23,BYTE4(@0)
                 	.ENDM
                 
                 	.MACRO __ANDD2N
                 	ANDI R26,LOW(@0)
                 	ANDI R27,HIGH(@0)
                 	ANDI R24,BYTE3(@0)
                 	ANDI R25,BYTE4(@0)
                 	.ENDM
                 
                 	.MACRO __ORBMNN
                 	LDS  R30,@0+(@1)
                 	ORI  R30,LOW(@2)
                 	STS  @0+(@1),R30
                 	.ENDM
                 
                 	.MACRO __ORWMNN
                 	LDS  R30,@0+(@1)
                 	ORI  R30,LOW(@2)
                 	STS  @0+(@1),R30
                 	LDS  R30,@0+(@1)+1
                 	ORI  R30,HIGH(@2)
                 	STS  @0+(@1)+1,R30
                 	.ENDM
                 
                 	.MACRO __ORD1N
                 	ORI  R30,LOW(@0)
                 	ORI  R31,HIGH(@0)
                 	ORI  R22,BYTE3(@0)
                 	ORI  R23,BYTE4(@0)
                 	.ENDM
                 
                 	.MACRO __ORD2N
                 	ORI  R26,LOW(@0)
                 	ORI  R27,HIGH(@0)
                 	ORI  R24,BYTE3(@0)
                 	ORI  R25,BYTE4(@0)
                 	.ENDM
                 
                 	.MACRO __DELAY_USB
                 	LDI  R24,LOW(@0)
                 __DELAY_USB_LOOP:
                 	DEC  R24
                 	BRNE __DELAY_USB_LOOP
                 	.ENDM
                 
                 	.MACRO __DELAY_USW
                 	LDI  R24,LOW(@0)
                 	LDI  R25,HIGH(@0)
                 __DELAY_USW_LOOP:
                 	SBIW R24,1
                 	BRNE __DELAY_USW_LOOP
                 	.ENDM
                 
                 	.MACRO __GETD1S
                 	LDD  R30,Y+@0
                 	LDD  R31,Y+@0+1
                 	LDD  R22,Y+@0+2
                 	LDD  R23,Y+@0+3
                 	.ENDM
                 
                 	.MACRO __GETD2S
                 	LDD  R26,Y+@0
                 	LDD  R27,Y+@0+1
                 	LDD  R24,Y+@0+2
                 	LDD  R25,Y+@0+3
                 	.ENDM
                 
                 	.MACRO __PUTD1S
                 	STD  Y+@0,R30
                 	STD  Y+@0+1,R31
                 	STD  Y+@0+2,R22
                 	STD  Y+@0+3,R23
                 	.ENDM
                 
                 	.MACRO __PUTD2S
                 	STD  Y+@0,R26
                 	STD  Y+@0+1,R27
                 	STD  Y+@0+2,R24
                 	STD  Y+@0+3,R25
                 	.ENDM
                 
                 	.MACRO __PUTDZ2
                 	STD  Z+@0,R26
                 	STD  Z+@0+1,R27
                 	STD  Z+@0+2,R24
                 	STD  Z+@0+3,R25
                 	.ENDM
                 
                 	.MACRO __CLRD1S
                 	STD  Y+@0,R30
                 	STD  Y+@0+1,R30
                 	STD  Y+@0+2,R30
                 	STD  Y+@0+3,R30
                 	.ENDM
                 
                 	.MACRO __POINTB1MN
                 	LDI  R30,LOW(@0+(@1))
                 	.ENDM
                 
                 	.MACRO __POINTW1MN
                 	LDI  R30,LOW(@0+(@1))
                 	LDI  R31,HIGH(@0+(@1))
                 	.ENDM
                 
                 	.MACRO __POINTD1M
                 	LDI  R30,LOW(@0)
                 	LDI  R31,HIGH(@0)
                 	LDI  R22,BYTE3(@0)
                 	LDI  R23,BYTE4(@0)
                 	.ENDM
                 
                 	.MACRO __POINTW1FN
                 	LDI  R30,LOW(2*@0+(@1))
                 	LDI  R31,HIGH(2*@0+(@1))
                 	.ENDM
                 
                 	.MACRO __POINTD1FN
                 	LDI  R30,LOW(2*@0+(@1))
                 	LDI  R31,HIGH(2*@0+(@1))
                 	LDI  R22,BYTE3(2*@0+(@1))
                 	LDI  R23,BYTE4(2*@0+(@1))
                 	.ENDM
                 
                 	.MACRO __POINTB2MN
                 	LDI  R26,LOW(@0+(@1))
                 	.ENDM
                 
                 	.MACRO __POINTW2MN
                 	LDI  R26,LOW(@0+(@1))
                 	LDI  R27,HIGH(@0+(@1))
                 	.ENDM
                 
                 	.MACRO __POINTW2FN
                 	LDI  R26,LOW(2*@0+(@1))
                 	LDI  R27,HIGH(2*@0+(@1))
                 	.ENDM
                 
                 	.MACRO __POINTD2FN
                 	LDI  R26,LOW(2*@0+(@1))
                 	LDI  R27,HIGH(2*@0+(@1))
                 	LDI  R24,BYTE3(2*@0+(@1))
                 	LDI  R25,BYTE4(2*@0+(@1))
                 	.ENDM
                 
                 	.MACRO __POINTBRM
                 	LDI  R@0,LOW(@1)
                 	.ENDM
                 
                 	.MACRO __POINTWRM
                 	LDI  R@0,LOW(@2)
                 	LDI  R@1,HIGH(@2)
                 	.ENDM
                 
                 	.MACRO __POINTBRMN
                 	LDI  R@0,LOW(@1+(@2))
                 	.ENDM
                 
                 	.MACRO __POINTWRMN
                 	LDI  R@0,LOW(@2+(@3))
                 	LDI  R@1,HIGH(@2+(@3))
                 	.ENDM
                 
                 	.MACRO __POINTWRFN
                 	LDI  R@0,LOW(@2*2+(@3))
                 	LDI  R@1,HIGH(@2*2+(@3))
                 	.ENDM
                 
                 	.MACRO __GETD1N
                 	LDI  R30,LOW(@0)
                 	LDI  R31,HIGH(@0)
                 	LDI  R22,BYTE3(@0)
                 	LDI  R23,BYTE4(@0)
                 	.ENDM
                 
                 	.MACRO __GETD2N
                 	LDI  R26,LOW(@0)
                 	LDI  R27,HIGH(@0)
                 	LDI  R24,BYTE3(@0)
                 	LDI  R25,BYTE4(@0)
                 	.ENDM
                 
                 	.MACRO __GETB1MN
                 	LDS  R30,@0+(@1)
                 	.ENDM
                 
                 	.MACRO __GETB1HMN
                 	LDS  R31,@0+(@1)
                 	.ENDM
                 
                 	.MACRO __GETW1MN
                 	LDS  R30,@0+(@1)
                 	LDS  R31,@0+(@1)+1
                 	.ENDM
                 
                 	.MACRO __GETD1MN
                 	LDS  R30,@0+(@1)
                 	LDS  R31,@0+(@1)+1
                 	LDS  R22,@0+(@1)+2
                 	LDS  R23,@0+(@1)+3
                 	.ENDM
                 
                 	.MACRO __GETBRMN
                 	LDS  R@0,@1+(@2)
                 	.ENDM
                 
                 	.MACRO __GETWRMN
                 	LDS  R@0,@2+(@3)
                 	LDS  R@1,@2+(@3)+1
                 	.ENDM
                 
                 	.MACRO __GETWRZ
                 	LDD  R@0,Z+@2
                 	LDD  R@1,Z+@2+1
                 	.ENDM
                 
                 	.MACRO __GETD2Z
                 	LDD  R26,Z+@0
                 	LDD  R27,Z+@0+1
                 	LDD  R24,Z+@0+2
                 	LDD  R25,Z+@0+3
                 	.ENDM
                 
                 	.MACRO __GETB2MN
                 	LDS  R26,@0+(@1)
                 	.ENDM
                 
                 	.MACRO __GETW2MN
                 	LDS  R26,@0+(@1)
                 	LDS  R27,@0+(@1)+1
                 	.ENDM
                 
                 	.MACRO __GETD2MN
                 	LDS  R26,@0+(@1)
                 	LDS  R27,@0+(@1)+1
                 	LDS  R24,@0+(@1)+2
                 	LDS  R25,@0+(@1)+3
                 	.ENDM
                 
                 	.MACRO __PUTB1MN
                 	STS  @0+(@1),R30
                 	.ENDM
                 
                 	.MACRO __PUTW1MN
                 	STS  @0+(@1),R30
                 	STS  @0+(@1)+1,R31
                 	.ENDM
                 
                 	.MACRO __PUTD1MN
                 	STS  @0+(@1),R30
                 	STS  @0+(@1)+1,R31
                 	STS  @0+(@1)+2,R22
                 	STS  @0+(@1)+3,R23
                 	.ENDM
                 
                 	.MACRO __PUTB1EN
                 	LDI  R26,LOW(@0+(@1))
                 	LDI  R27,HIGH(@0+(@1))
                 	CALL __EEPROMWRB
                 	.ENDM
                 
                 	.MACRO __PUTW1EN
                 	LDI  R26,LOW(@0+(@1))
                 	LDI  R27,HIGH(@0+(@1))
                 	CALL __EEPROMWRW
                 	.ENDM
                 
                 	.MACRO __PUTD1EN
                 	LDI  R26,LOW(@0+(@1))
                 	LDI  R27,HIGH(@0+(@1))
                 	CALL __EEPROMWRD
                 	.ENDM
                 
                 	.MACRO __PUTBR0MN
                 	STS  @0+(@1),R0
                 	.ENDM
                 
                 	.MACRO __PUTBMRN
                 	STS  @0+(@1),R@2
                 	.ENDM
                 
                 	.MACRO __PUTWMRN
                 	STS  @0+(@1),R@2
                 	STS  @0+(@1)+1,R@3
                 	.ENDM
                 
                 	.MACRO __PUTBZR
                 	STD  Z+@1,R@0
                 	.ENDM
                 
                 	.MACRO __PUTWZR
                 	STD  Z+@2,R@0
                 	STD  Z+@2+1,R@1
                 	.ENDM
                 
                 	.MACRO __GETW1R
                 	MOV  R30,R@0
                 	MOV  R31,R@1
                 	.ENDM
                 
                 	.MACRO __GETW2R
                 	MOV  R26,R@0
                 	MOV  R27,R@1
                 	.ENDM
                 
                 	.MACRO __GETWRN
                 	LDI  R@0,LOW(@2)
                 	LDI  R@1,HIGH(@2)
                 	.ENDM
                 
                 	.MACRO __PUTW1R
                 	MOV  R@0,R30
                 	MOV  R@1,R31
                 	.ENDM
                 
                 	.MACRO __PUTW2R
                 	MOV  R@0,R26
                 	MOV  R@1,R27
                 	.ENDM
                 
                 	.MACRO __ADDWRN
                 	SUBI R@0,LOW(-@2)
                 	SBCI R@1,HIGH(-@2)
                 	.ENDM
                 
                 	.MACRO __ADDWRR
                 	ADD  R@0,R@2
                 	ADC  R@1,R@3
                 	.ENDM
                 
                 	.MACRO __SUBWRN
                 	SUBI R@0,LOW(@2)
                 	SBCI R@1,HIGH(@2)
                 	.ENDM
                 
                 	.MACRO __SUBWRR
                 	SUB  R@0,R@2
                 	SBC  R@1,R@3
                 	.ENDM
                 
                 	.MACRO __ANDWRN
                 	ANDI R@0,LOW(@2)
                 	ANDI R@1,HIGH(@2)
                 	.ENDM
                 
                 	.MACRO __ANDWRR
                 	AND  R@0,R@2
                 	AND  R@1,R@3
                 	.ENDM
                 
                 	.MACRO __ORWRN
                 	ORI  R@0,LOW(@2)
                 	ORI  R@1,HIGH(@2)
                 	.ENDM
                 
                 	.MACRO __ORWRR
                 	OR   R@0,R@2
                 	OR   R@1,R@3
                 	.ENDM
                 
                 	.MACRO __EORWRR
                 	EOR  R@0,R@2
                 	EOR  R@1,R@3
                 	.ENDM
                 
                 	.MACRO __GETWRS
                 	LDD  R@0,Y+@2
                 	LDD  R@1,Y+@2+1
                 	.ENDM
                 
                 	.MACRO __PUTBSR
                 	STD  Y+@1,R@0
                 	.ENDM
                 
                 	.MACRO __PUTWSR
                 	STD  Y+@2,R@0
                 	STD  Y+@2+1,R@1
                 	.ENDM
                 
                 	.MACRO __MOVEWRR
                 	MOV  R@0,R@2
                 	MOV  R@1,R@3
                 	.ENDM
                 
                 	.MACRO __INWR
                 	IN   R@0,@2
                 	IN   R@1,@2+1
                 	.ENDM
                 
                 	.MACRO __OUTWR
                 	OUT  @2+1,R@1
                 	OUT  @2,R@0
                 	.ENDM
                 
                 	.MACRO __CALL1MN
                 	LDS  R30,@0+(@1)
                 	LDS  R31,@0+(@1)+1
                 	ICALL
                 	.ENDM
                 
                 	.MACRO __CALL1FN
                 	LDI  R30,LOW(2*@0+(@1))
                 	LDI  R31,HIGH(2*@0+(@1))
                 	CALL __GETW1PF
                 	ICALL
                 	.ENDM
                 
                 	.MACRO __CALL2EN
                 	PUSH R26
                 	PUSH R27
                 	LDI  R26,LOW(@0+(@1))
                 	LDI  R27,HIGH(@0+(@1))
                 	CALL __EEPROMRDW
                 	POP  R27
                 	POP  R26
                 	ICALL
                 	.ENDM
                 
                 	.MACRO __CALL2EX
                 	SUBI R26,LOW(-@0)
                 	SBCI R27,HIGH(-@0)
                 	CALL __EEPROMRDD
                 	ICALL
                 	.ENDM
                 
                 	.MACRO __GETW1STACK
                 	IN   R30,SPL
                 	IN   R31,SPH
                 	ADIW R30,@0+1
                 	LD   R0,Z+
                 	LD   R31,Z
                 	MOV  R30,R0
                 	.ENDM
                 
                 	.MACRO __GETD1STACK
                 	IN   R30,SPL
                 	IN   R31,SPH
                 	ADIW R30,@0+1
                 	LD   R0,Z+
                 	LD   R1,Z+
                 	LD   R22,Z
                 	MOVW R30,R0
                 	.ENDM
                 
                 	.MACRO __NBST
                 	BST  R@0,@1
                 	IN   R30,SREG
                 	LDI  R31,0x40
                 	EOR  R30,R31
                 	OUT  SREG,R30
                 	.ENDM
                 
                 
                 	.MACRO __PUTB1SN
                 	LDD  R26,Y+@0
                 	LDD  R27,Y+@0+1
                 	SUBI R26,LOW(-@1)
                 	SBCI R27,HIGH(-@1)
                 	ST   X,R30
                 	.ENDM
                 
                 	.MACRO __PUTW1SN
                 	LDD  R26,Y+@0
                 	LDD  R27,Y+@0+1
                 	SUBI R26,LOW(-@1)
                 	SBCI R27,HIGH(-@1)
                 	ST   X+,R30
                 	ST   X,R31
                 	.ENDM
                 
                 	.MACRO __PUTD1SN
                 	LDD  R26,Y+@0
                 	LDD  R27,Y+@0+1
                 	SUBI R26,LOW(-@1)
                 	SBCI R27,HIGH(-@1)
                 	CALL __PUTDP1
                 	.ENDM
                 
                 	.MACRO __PUTB1SNS
                 	LDD  R26,Y+@0
                 	LDD  R27,Y+@0+1
                 	ADIW R26,@1
                 	ST   X,R30
                 	.ENDM
                 
                 	.MACRO __PUTW1SNS
                 	LDD  R26,Y+@0
                 	LDD  R27,Y+@0+1
                 	ADIW R26,@1
                 	ST   X+,R30
                 	ST   X,R31
                 	.ENDM
                 
                 	.MACRO __PUTD1SNS
                 	LDD  R26,Y+@0
                 	LDD  R27,Y+@0+1
                 	ADIW R26,@1
                 	CALL __PUTDP1
                 	.ENDM
                 
                 	.MACRO __PUTB1PMN
                 	LDS  R26,@0
                 	LDS  R27,@0+1
                 	SUBI R26,LOW(-@1)
                 	SBCI R27,HIGH(-@1)
                 	ST   X,R30
                 	.ENDM
                 
                 	.MACRO __PUTW1PMN
                 	LDS  R26,@0
                 	LDS  R27,@0+1
                 	SUBI R26,LOW(-@1)
                 	SBCI R27,HIGH(-@1)
                 	ST   X+,R30
                 	ST   X,R31
                 	.ENDM
                 
                 	.MACRO __PUTD1PMN
                 	LDS  R26,@0
                 	LDS  R27,@0+1
                 	SUBI R26,LOW(-@1)
                 	SBCI R27,HIGH(-@1)
                 	CALL __PUTDP1
                 	.ENDM
                 
                 	.MACRO __PUTB1PMNS
                 	LDS  R26,@0
                 	LDS  R27,@0+1
                 	ADIW R26,@1
                 	ST   X,R30
                 	.ENDM
                 
                 	.MACRO __PUTW1PMNS
                 	LDS  R26,@0
                 	LDS  R27,@0+1
                 	ADIW R26,@1
                 	ST   X+,R30
                 	ST   X,R31
                 	.ENDM
                 
                 	.MACRO __PUTD1PMNS
                 	LDS  R26,@0
                 	LDS  R27,@0+1
                 	ADIW R26,@1
                 	CALL __PUTDP1
                 	.ENDM
                 
                 	.MACRO __PUTB1RN
                 	MOVW R26,R@0
                 	SUBI R26,LOW(-@1)
                 	SBCI R27,HIGH(-@1)
                 	ST   X,R30
                 	.ENDM
                 
                 	.MACRO __PUTW1RN
                 	MOVW R26,R@0
                 	SUBI R26,LOW(-@1)
                 	SBCI R27,HIGH(-@1)
                 	ST   X+,R30
                 	ST   X,R31
                 	.ENDM
                 
                 	.MACRO __PUTD1RN
                 	MOVW R26,R@0
                 	SUBI R26,LOW(-@1)
                 	SBCI R27,HIGH(-@1)
                 	CALL __PUTDP1
                 	.ENDM
                 
                 	.MACRO __PUTB1RNS
                 	MOVW R26,R@0
                 	ADIW R26,@1
                 	ST   X,R30
                 	.ENDM
                 
                 	.MACRO __PUTW1RNS
                 	MOVW R26,R@0
                 	ADIW R26,@1
                 	ST   X+,R30
                 	ST   X,R31
                 	.ENDM
                 
                 	.MACRO __PUTD1RNS
                 	MOVW R26,R@0
                 	ADIW R26,@1
                 	CALL __PUTDP1
                 	.ENDM
                 
                 	.MACRO __PUTB1RON
                 	MOV  R26,R@0
                 	MOV  R27,R@1
                 	SUBI R26,LOW(-@2)
                 	SBCI R27,HIGH(-@2)
                 	ST   X,R30
                 	.ENDM
                 
                 	.MACRO __PUTW1RON
                 	MOV  R26,R@0
                 	MOV  R27,R@1
                 	SUBI R26,LOW(-@2)
                 	SBCI R27,HIGH(-@2)
                 	ST   X+,R30
                 	ST   X,R31
                 	.ENDM
                 
                 	.MACRO __PUTD1RON
                 	MOV  R26,R@0
                 	MOV  R27,R@1
                 	SUBI R26,LOW(-@2)
                 	SBCI R27,HIGH(-@2)
                 	CALL __PUTDP1
                 	.ENDM
                 
                 	.MACRO __PUTB1RONS
                 	MOV  R26,R@0
                 	MOV  R27,R@1
                 	ADIW R26,@2
                 	ST   X,R30
                 	.ENDM
                 
                 	.MACRO __PUTW1RONS
                 	MOV  R26,R@0
                 	MOV  R27,R@1
                 	ADIW R26,@2
                 	ST   X+,R30
                 	ST   X,R31
                 	.ENDM
                 
                 	.MACRO __PUTD1RONS
                 	MOV  R26,R@0
                 	MOV  R27,R@1
                 	ADIW R26,@2
                 	CALL __PUTDP1
                 	.ENDM
                 
                 
                 	.MACRO __GETB1SX
                 	MOVW R30,R28
                 	SUBI R30,LOW(-@0)
                 	SBCI R31,HIGH(-@0)
                 	LD   R30,Z
                 	.ENDM
                 
                 	.MACRO __GETB1HSX
                 	MOVW R30,R28
                 	SUBI R30,LOW(-@0)
                 	SBCI R31,HIGH(-@0)
                 	LD   R31,Z
                 	.ENDM
                 
                 	.MACRO __GETW1SX
                 	MOVW R30,R28
                 	SUBI R30,LOW(-@0)
                 	SBCI R31,HIGH(-@0)
                 	LD   R0,Z+
                 	LD   R31,Z
                 	MOV  R30,R0
                 	.ENDM
                 
                 	.MACRO __GETD1SX
                 	MOVW R30,R28
                 	SUBI R30,LOW(-@0)
                 	SBCI R31,HIGH(-@0)
                 	LD   R0,Z+
                 	LD   R1,Z+
                 	LD   R22,Z+
                 	LD   R23,Z
                 	MOVW R30,R0
                 	.ENDM
                 
                 	.MACRO __GETB2SX
                 	MOVW R26,R28
                 	SUBI R26,LOW(-@0)
                 	SBCI R27,HIGH(-@0)
                 	LD   R26,X
                 	.ENDM
                 
                 	.MACRO __GETW2SX
                 	MOVW R26,R28
                 	SUBI R26,LOW(-@0)
                 	SBCI R27,HIGH(-@0)
                 	LD   R0,X+
                 	LD   R27,X
                 	MOV  R26,R0
                 	.ENDM
                 
                 	.MACRO __GETD2SX
                 	MOVW R26,R28
                 	SUBI R26,LOW(-@0)
                 	SBCI R27,HIGH(-@0)
                 	LD   R0,X+
                 	LD   R1,X+
                 	LD   R24,X+
                 	LD   R25,X
                 	MOVW R26,R0
                 	.ENDM
                 
                 	.MACRO __GETBRSX
                 	MOVW R30,R28
                 	SUBI R30,LOW(-@1)
                 	SBCI R31,HIGH(-@1)
                 	LD   R@0,Z
                 	.ENDM
                 
                 	.MACRO __GETWRSX
                 	MOVW R30,R28
                 	SUBI R30,LOW(-@2)
                 	SBCI R31,HIGH(-@2)
                 	LD   R@0,Z+
                 	LD   R@1,Z
                 	.ENDM
                 
                 	.MACRO __GETBRSX2
                 	MOVW R26,R28
                 	SUBI R26,LOW(-@1)
                 	SBCI R27,HIGH(-@1)
                 	LD   R@0,X
                 	.ENDM
                 
                 	.MACRO __GETWRSX2
                 	MOVW R26,R28
                 	SUBI R26,LOW(-@2)
                 	SBCI R27,HIGH(-@2)
                 	LD   R@0,X+
                 	LD   R@1,X
                 	.ENDM
                 
                 	.MACRO __LSLW8SX
                 	MOVW R30,R28
                 	SUBI R30,LOW(-@0)
                 	SBCI R31,HIGH(-@0)
                 	LD   R31,Z
                 	CLR  R30
                 	.ENDM
                 
                 	.MACRO __PUTB1SX
                 	MOVW R26,R28
                 	SUBI R26,LOW(-@0)
                 	SBCI R27,HIGH(-@0)
                 	ST   X,R30
                 	.ENDM
                 
                 	.MACRO __PUTW1SX
                 	MOVW R26,R28
                 	SUBI R26,LOW(-@0)
                 	SBCI R27,HIGH(-@0)
                 	ST   X+,R30
                 	ST   X,R31
                 	.ENDM
                 
                 	.MACRO __PUTD1SX
                 	MOVW R26,R28
                 	SUBI R26,LOW(-@0)
                 	SBCI R27,HIGH(-@0)
                 	ST   X+,R30
                 	ST   X+,R31
                 	ST   X+,R22
                 	ST   X,R23
                 	.ENDM
                 
                 	.MACRO __CLRW1SX
                 	MOVW R26,R28
                 	SUBI R26,LOW(-@0)
                 	SBCI R27,HIGH(-@0)
                 	ST   X+,R30
                 	ST   X,R30
                 	.ENDM
                 
                 	.MACRO __CLRD1SX
                 	MOVW R26,R28
                 	SUBI R26,LOW(-@0)
                 	SBCI R27,HIGH(-@0)
                 	ST   X+,R30
                 	ST   X+,R30
                 	ST   X+,R30
                 	ST   X,R30
                 	.ENDM
                 
                 	.MACRO __PUTB2SX
                 	MOVW R30,R28
                 	SUBI R30,LOW(-@0)
                 	SBCI R31,HIGH(-@0)
                 	ST   Z,R26
                 	.ENDM
                 
                 	.MACRO __PUTW2SX
                 	MOVW R30,R28
                 	SUBI R30,LOW(-@0)
                 	SBCI R31,HIGH(-@0)
                 	ST   Z+,R26
                 	ST   Z,R27
                 	.ENDM
                 
                 	.MACRO __PUTD2SX
                 	MOVW R30,R28
                 	SUBI R30,LOW(-@0)
                 	SBCI R31,HIGH(-@0)
                 	ST   Z+,R26
                 	ST   Z+,R27
                 	ST   Z+,R24
                 	ST   Z,R25
                 	.ENDM
                 
                 	.MACRO __PUTBSRX
                 	MOVW R30,R28
                 	SUBI R30,LOW(-@1)
                 	SBCI R31,HIGH(-@1)
                 	ST   Z,R@0
                 	.ENDM
                 
                 	.MACRO __PUTWSRX
                 	MOVW R30,R28
                 	SUBI R30,LOW(-@2)
                 	SBCI R31,HIGH(-@2)
                 	ST   Z+,R@0
                 	ST   Z,R@1
                 	.ENDM
                 
                 	.MACRO __PUTB1SNX
                 	MOVW R26,R28
                 	SUBI R26,LOW(-@0)
                 	SBCI R27,HIGH(-@0)
                 	LD   R0,X+
                 	LD   R27,X
                 	MOV  R26,R0
                 	SUBI R26,LOW(-@1)
                 	SBCI R27,HIGH(-@1)
                 	ST   X,R30
                 	.ENDM
                 
                 	.MACRO __PUTW1SNX
                 	MOVW R26,R28
                 	SUBI R26,LOW(-@0)
                 	SBCI R27,HIGH(-@0)
                 	LD   R0,X+
                 	LD   R27,X
                 	MOV  R26,R0
                 	SUBI R26,LOW(-@1)
                 	SBCI R27,HIGH(-@1)
                 	ST   X+,R30
                 	ST   X,R31
                 	.ENDM
                 
                 	.MACRO __PUTD1SNX
                 	MOVW R26,R28
                 	SUBI R26,LOW(-@0)
                 	SBCI R27,HIGH(-@0)
                 	LD   R0,X+
                 	LD   R27,X
                 	MOV  R26,R0
                 	SUBI R26,LOW(-@1)
                 	SBCI R27,HIGH(-@1)
                 	ST   X+,R30
                 	ST   X+,R31
                 	ST   X+,R22
                 	ST   X,R23
                 	.ENDM
                 
                 	.MACRO __MULBRR
                 	MULS R@0,R@1
                 	MOVW R30,R0
                 	.ENDM
                 
                 	.MACRO __MULBRRU
                 	MUL  R@0,R@1
                 	MOVW R30,R0
                 	.ENDM
                 
                 	.MACRO __MULBRR0
                 	MULS R@0,R@1
                 	.ENDM
                 
                 	.MACRO __MULBRRU0
                 	MUL  R@0,R@1
                 	.ENDM
                 
                 	.MACRO __MULBNWRU
                 	LDI  R26,@2
                 	MUL  R26,R@0
                 	MOVW R30,R0
                 	MUL  R26,R@1
                 	ADD  R31,R0
                 	.ENDM
                 
                 ;NAME DEFINITIONS FOR GLOBAL VARIABLES ALLOCATED TO REGISTERS
                 	.DEF _data_send=R5
                 	.DEF _data_get=R4
                 	.DEF __lcd_x=R7
                 	.DEF __lcd_y=R6
                 	.DEF __lcd_maxx=R9
                 
                 	.CSEG
                 	.ORG 0x00
                 
                 ;START OF CODE MARKER
                 __START_OF_CODE:
                 
                 ;INTERRUPT VECTORS
000000 940c 0038 	JMP  __RESET
000002 940c 0000 	JMP  0x00
000004 940c 0000 	JMP  0x00
000006 940c 0000 	JMP  0x00
000008 940c 0000 	JMP  0x00
00000a 940c 0000 	JMP  0x00
00000c 940c 0000 	JMP  0x00
00000e 940c 0000 	JMP  0x00
000010 940c 0000 	JMP  0x00
000012 940c 0000 	JMP  0x00
000014 940c 0000 	JMP  0x00
000016 940c 0000 	JMP  0x00
000018 940c 0000 	JMP  0x00
00001a 940c 0000 	JMP  0x00
00001c 940c 0000 	JMP  0x00
00001e 940c 0000 	JMP  0x00
000020 940c 0000 	JMP  0x00
000022 940c 0000 	JMP  0x00
000024 940c 0000 	JMP  0x00
000026 940c 0000 	JMP  0x00
000028 940c 0000 	JMP  0x00
                 
                 _0x2000003:
00002a c080      	.DB  0x80,0xC0
                 _0x2020060:
C:\Users\MicroLab\Desktop\SPI\Debug\List\slave.asm(1126): warning: .cseg .db misalignment - padding zero byte
00002b 0001      	.DB  0x1
                 _0x2020000:
00002c 4e2d
00002d 4e41
00002e 4900
00002f 464e      	.DB  0x2D,0x4E,0x41,0x4E,0x0,0x49,0x4E,0x46
C:\Users\MicroLab\Desktop\SPI\Debug\List\slave.asm(1129): warning: .cseg .db misalignment - padding zero byte
000030 0000      	.DB  0x0
                 
                 __GLOBAL_INI_TBL:
000031 0002      	.DW  0x02
000032 0161      	.DW  __base_y_G100
000033 0054      	.DW  _0x2000003*2
                 
000034 0001      	.DW  0x01
000035 0165      	.DW  __seed_G101
000036 0056      	.DW  _0x2020060*2
                 
                 _0xFFFFFFFF:
000037 0000      	.DW  0
                 
                 #define __GLOBAL_INI_TBL_PRESENT 1
                 
                 __RESET:
000038 94f8      	CLI
000039 27ee      	CLR  R30
00003a bbec      	OUT  EECR,R30
                 
                 ;INTERRUPT VECTORS ARE PLACED
                 ;AT THE START OF FLASH
00003b e0f1      	LDI  R31,1
00003c bffb      	OUT  GICR,R31
00003d bfeb      	OUT  GICR,R30
00003e bfe5      	OUT  MCUCR,R30
                 
                 ;CLEAR R2-R14
00003f e08d      	LDI  R24,(14-2)+1
000040 e0a2      	LDI  R26,2
000041 27bb      	CLR  R27
                 __CLEAR_REG:
000042 93ed      	ST   X+,R30
000043 958a      	DEC  R24
000044 f7e9      	BRNE __CLEAR_REG
                 
                 ;CLEAR SRAM
000045 e080      	LDI  R24,LOW(__CLEAR_SRAM_SIZE)
000046 e094      	LDI  R25,HIGH(__CLEAR_SRAM_SIZE)
000047 e6a0      	LDI  R26,__SRAM_START
                 __CLEAR_SRAM:
000048 93ed      	ST   X+,R30
000049 9701      	SBIW R24,1
00004a f7e9      	BRNE __CLEAR_SRAM
                 
                 ;GLOBAL VARIABLES INITIALIZATION
00004b e6e2      	LDI  R30,LOW(__GLOBAL_INI_TBL*2)
00004c e0f0      	LDI  R31,HIGH(__GLOBAL_INI_TBL*2)
                 __GLOBAL_INI_NEXT:
00004d 9185      	LPM  R24,Z+
00004e 9195      	LPM  R25,Z+
00004f 9700      	SBIW R24,0
000050 f061      	BREQ __GLOBAL_INI_END
000051 91a5      	LPM  R26,Z+
000052 91b5      	LPM  R27,Z+
000053 9005      	LPM  R0,Z+
000054 9015      	LPM  R1,Z+
000055 01bf      	MOVW R22,R30
000056 01f0      	MOVW R30,R0
                 __GLOBAL_INI_LOOP:
000057 9005      	LPM  R0,Z+
000058 920d      	ST   X+,R0
000059 9701      	SBIW R24,1
00005a f7e1      	BRNE __GLOBAL_INI_LOOP
00005b 01fb      	MOVW R30,R22
00005c cff0      	RJMP __GLOBAL_INI_NEXT
                 __GLOBAL_INI_END:
                 
                 ;HARDWARE STACK POINTER INITIALIZATION
00005d e5ef      	LDI  R30,LOW(__SRAM_END-__HEAP_SIZE)
00005e bfed      	OUT  SPL,R30
00005f e0e4      	LDI  R30,HIGH(__SRAM_END-__HEAP_SIZE)
000060 bfee      	OUT  SPH,R30
                 
                 ;DATA STACK POINTER INITIALIZATION
000061 e6c0      	LDI  R28,LOW(__SRAM_START+__DSTACK_SIZE)
000062 e0d1      	LDI  R29,HIGH(__SRAM_START+__DSTACK_SIZE)
                 
000063 940c 0065 	JMP  _main
                 
                 	.ESEG
                 	.ORG 0
                 
                 	.DSEG
                 	.ORG 0x160
                 
                 	.CSEG
                 ;/*******************************************************
                 ;This program was created by the
                 ;CodeWizardAVR V3.12 Advanced
                 ;Automatic Program Generator
                 ;© Copyright 1998-2014 Pavel Haiduc, HP InfoTech s.r.l.
                 ;http://www.hpinfotech.com
                 ;
                 ;Project :
                 ;Version :
                 ;Date    : 1/25/2019
                 ;Author  :
                 ;Company :
                 ;Comments:
                 ;
                 ;
                 ;Chip type               : ATmega16
                 ;Program type            : Application
                 ;AVR Core Clock frequency: 8.000000 MHz
                 ;Memory model            : Small
                 ;External RAM size       : 0
                 ;Data Stack size         : 256
                 ;*******************************************************/
                 ;
                 ;#include <mega16.h>
                 	#ifndef __SLEEP_DEFINED__
                 	#define __SLEEP_DEFINED__
                 	.EQU __se_bit=0x40
                 	.EQU __sm_mask=0xB0
                 	.EQU __sm_powerdown=0x20
                 	.EQU __sm_powersave=0x30
                 	.EQU __sm_standby=0xA0
                 	.EQU __sm_ext_standby=0xB0
                 	.EQU __sm_adc_noise_red=0x10
                 	.SET power_ctrl_reg=mcucr
                 	#endif
                 ;
                 ;// Alphanumeric LCD functions
                 ;#include <alcd.h>
                 ;#include <stdlib.h>
                 ;// Declare your global variables here
                 ;unsigned char data_send;
                 ;unsigned char data_get;
                 ;unsigned char buffer[];
                 ;// SPI functions
                 ;#include <spi.h>
                 ;
                 ;void main(void)
                 ; 0000 0025 {
                 
                 	.CSEG
                 _main:
                 ; .FSTART _main
                 ; 0000 0026 // Declare your local variables here
                 ; 0000 0027 
                 ; 0000 0028 // Input/Output Ports initialization
                 ; 0000 0029 // Port A initialization
                 ; 0000 002A // Function: Bit7=In Bit6=In Bit5=In Bit4=out Bit3=In Bit2=In Bit1=In Bit0=In
                 ; 0000 002B DDRA=(0<<DDA7) | (0<<DDA6) | (0<<DDA5) | (1<<DDA4) | (0<<DDA3) | (0<<DDA2) | (0<<DDA1) | (0<<DDA0);
000065 e1e0      	LDI  R30,LOW(16)
000066 bbea      	OUT  0x1A,R30
                 ; 0000 002C // State: Bit7=T Bit6=T Bit5=T Bit4=T Bit3=T Bit2=T Bit1=T Bit0=T
                 ; 0000 002D PORTA=(0<<PORTA7) | (0<<PORTA6) | (0<<PORTA5) | (0<<PORTA4) | (0<<PORTA3) | (0<<PORTA2) | (0<<PORTA1) | (0<<PORTA0);
000067 e0e0      	LDI  R30,LOW(0)
000068 bbeb      	OUT  0x1B,R30
                 ; 0000 002E 
                 ; 0000 002F // Port B initialization
                 ; 0000 0030 // Function: Bit7=In Bit6=Out Bit5=In Bit4=In Bit3=In Bit2=In Bit1=In Bit0=In
                 ; 0000 0031 DDRB=(0<<DDB7) | (1<<DDB6) | (0<<DDB5) | (0<<DDB4) | (0<<DDB3) | (0<<DDB2) | (0<<DDB1) | (0<<DDB0);
000069 e4e0      	LDI  R30,LOW(64)
00006a bbe7      	OUT  0x17,R30
                 ; 0000 0032 // State: Bit7=T Bit6=0 Bit5=T Bit4=T Bit3=T Bit2=T Bit1=T Bit0=T
                 ; 0000 0033 PORTB=(0<<PORTB7) | (0<<PORTB6) | (0<<PORTB5) | (0<<PORTB4) | (0<<PORTB3) | (0<<PORTB2) | (0<<PORTB1) | (0<<PORTB0);
00006b e0e0      	LDI  R30,LOW(0)
00006c bbe8      	OUT  0x18,R30
                 ; 0000 0034 
                 ; 0000 0035 // Port C initialization
                 ; 0000 0036 // Function: Bit7=In Bit6=In Bit5=In Bit4=In Bit3=In Bit2=In Bit1=In Bit0=In
                 ; 0000 0037 DDRC=(0<<DDC7) | (0<<DDC6) | (0<<DDC5) | (0<<DDC4) | (0<<DDC3) | (0<<DDC2) | (0<<DDC1) | (0<<DDC0);
00006d bbe4      	OUT  0x14,R30
                 ; 0000 0038 // State: Bit7=T Bit6=T Bit5=T Bit4=T Bit3=T Bit2=T Bit1=T Bit0=T
                 ; 0000 0039 PORTC=(0<<PORTC7) | (0<<PORTC6) | (0<<PORTC5) | (0<<PORTC4) | (0<<PORTC3) | (0<<PORTC2) | (0<<PORTC1) | (0<<PORTC0);
00006e bbe5      	OUT  0x15,R30
                 ; 0000 003A 
                 ; 0000 003B // Port D initialization
                 ; 0000 003C // Function: Bit7=In Bit6=In Bit5=In Bit4=In Bit3=In Bit2=In Bit1=In Bit0=In
                 ; 0000 003D DDRD=(0<<DDD7) | (0<<DDD6) | (0<<DDD5) | (0<<DDD4) | (0<<DDD3) | (0<<DDD2) | (0<<DDD1) | (0<<DDD0);
00006f bbe1      	OUT  0x11,R30
                 ; 0000 003E // State: Bit7=T Bit6=T Bit5=T Bit4=T Bit3=T Bit2=T Bit1=T Bit0=T
                 ; 0000 003F PORTD=(0<<PORTD7) | (0<<PORTD6) | (0<<PORTD5) | (0<<PORTD4) | (0<<PORTD3) | (0<<PORTD2) | (0<<PORTD1) | (0<<PORTD0);
000070 bbe2      	OUT  0x12,R30
                 ; 0000 0040 
                 ; 0000 0041 // SPI initialization
                 ; 0000 0042 // SPI Type: Slave
                 ; 0000 0043 // SPI Clock Rate: 2000.000 kHz
                 ; 0000 0044 // SPI Clock Phase: Cycle Start
                 ; 0000 0045 // SPI Clock Polarity: Low
                 ; 0000 0046 // SPI Data Order: MSB First
                 ; 0000 0047 SPCR=(0<<SPIE) | (1<<SPE) | (0<<DORD) | (0<<MSTR) | (0<<CPOL) | (0<<CPHA) | (0<<SPR1) | (0<<SPR0);
000071 e4e0      	LDI  R30,LOW(64)
000072 b9ed      	OUT  0xD,R30
                 ; 0000 0048 SPSR=(0<<SPI2X);
000073 e0e0      	LDI  R30,LOW(0)
000074 b9ee      	OUT  0xE,R30
                 ; 0000 0049 
                 ; 0000 004A // Alphanumeric LCD initialization
                 ; 0000 004B // Connections are specified in the
                 ; 0000 004C // Project|Configure|C Compiler|Libraries|Alphanumeric LCD menu:
                 ; 0000 004D // RS - PORTC Bit 0
                 ; 0000 004E // RD - PORTC Bit 1
                 ; 0000 004F // EN - PORTC Bit 2
                 ; 0000 0050 // D4 - PORTC Bit 4
                 ; 0000 0051 // D5 - PORTC Bit 5
                 ; 0000 0052 // D6 - PORTC Bit 6
                 ; 0000 0053 // D7 - PORTC Bit 7
                 ; 0000 0054 // Characters/line: 16
                 ; 0000 0055 lcd_init(16);
000075 e1a0      	LDI  R26,LOW(16)
000076 d080      	RCALL _lcd_init
                 ; 0000 0056 
                 ; 0000 0057 data_send = 0110;
000077 e4e8      	LDI  R30,LOW(72)
000078 2e5e      	MOV  R5,R30
                 ; 0000 0058 data_get = spi(data_send);
000079 2da5      	MOV  R26,R5
00007a 940e 0153 	CALL _spi
00007c 2e4e      	MOV  R4,R30
                 ; 0000 0059 while(SPSR & (1<<SPIF));
                 _0x3:
00007d 9977      	SBIC 0xE,7
00007e cffe      	RJMP _0x3
                 ; 0000 005A itoa(data_get,buffer);
00007f 2de4      	MOV  R30,R4
000080 e0f0      	LDI  R31,0
000081 93fa      	ST   -Y,R31
000082 93ea      	ST   -Y,R30
000083 e6a0      	LDI  R26,LOW(_buffer)
000084 e0b1      	LDI  R27,HIGH(_buffer)
000085 940e 0125 	CALL _itoa
                 ; 0000 005B lcd_gotoxy(0,0);
000087 e0e0      	LDI  R30,LOW(0)
000088 93ea      	ST   -Y,R30
000089 e0a0      	LDI  R26,LOW(0)
00008a d02b      	RCALL _lcd_gotoxy
                 ; 0000 005C lcd_puts(buffer);
00008b e6a0      	LDI  R26,LOW(_buffer)
00008c e0b1      	LDI  R27,HIGH(_buffer)
00008d d058      	RCALL _lcd_puts
                 ; 0000 005D 
                 ; 0000 005E if (data_get == 0){
00008e 2044      	TST  R4
00008f f411      	BRNE _0x6
                 ; 0000 005F      PORTA.4=1;
000090 9adc      	SBI  0x1B,4
                 ; 0000 0060 }
                 ; 0000 0061 else{
000091 c001      	RJMP _0x9
                 _0x6:
                 ; 0000 0062       PORTA.4=0;
000092 98dc      	CBI  0x1B,4
                 ; 0000 0063 }
                 _0x9:
                 ; 0000 0064 
                 ; 0000 0065 }
                 _0xC:
000093 cfff      	RJMP _0xC
                 ; .FEND
                 	#ifndef __SLEEP_DEFINED__
                 	#endif
                 
                 	.DSEG
                 
                 	.CSEG
                 __lcd_write_nibble_G100:
                 ; .FSTART __lcd_write_nibble_G100
000094 93aa      	ST   -Y,R26
000095 b3e5      	IN   R30,0x15
000096 70ef      	ANDI R30,LOW(0xF)
000097 2fae      	MOV  R26,R30
000098 81e8      	LD   R30,Y
000099 7fe0      	ANDI R30,LOW(0xF0)
00009a 2bea      	OR   R30,R26
00009b bbe5      	OUT  0x15,R30
                +
00009c e08d     +LDI R24 , LOW ( 13 )
                +__DELAY_USB_LOOP :
00009d 958a     +DEC R24
00009e f7f1     +BRNE __DELAY_USB_LOOP
                 	__DELAY_USB 13
00009f 9aaa      	SBI  0x15,2
                +
0000a0 e08d     +LDI R24 , LOW ( 13 )
                +__DELAY_USB_LOOP :
0000a1 958a     +DEC R24
0000a2 f7f1     +BRNE __DELAY_USB_LOOP
                 	__DELAY_USB 13
0000a3 98aa      	CBI  0x15,2
                +
0000a4 e08d     +LDI R24 , LOW ( 13 )
                +__DELAY_USB_LOOP :
0000a5 958a     +DEC R24
0000a6 f7f1     +BRNE __DELAY_USB_LOOP
                 	__DELAY_USB 13
0000a7 940c 0159 	JMP  _0x20C0001
                 ; .FEND
                 __lcd_write_data:
                 ; .FSTART __lcd_write_data
0000a9 93aa      	ST   -Y,R26
0000aa 81a8      	LD   R26,Y
0000ab dfe8      	RCALL __lcd_write_nibble_G100
0000ac 81e8          ld    r30,y
0000ad 95e2          swap  r30
0000ae 83e8          st    y,r30
0000af 81a8      	LD   R26,Y
0000b0 dfe3      	RCALL __lcd_write_nibble_G100
                +
0000b1 e885     +LDI R24 , LOW ( 133 )
                +__DELAY_USB_LOOP :
0000b2 958a     +DEC R24
0000b3 f7f1     +BRNE __DELAY_USB_LOOP
                 	__DELAY_USB 133
0000b4 940c 0159 	JMP  _0x20C0001
                 ; .FEND
                 _lcd_gotoxy:
                 ; .FSTART _lcd_gotoxy
0000b6 93aa      	ST   -Y,R26
0000b7 81e8      	LD   R30,Y
0000b8 e0f0      	LDI  R31,0
0000b9 59ef      	SUBI R30,LOW(-__base_y_G100)
0000ba 4ffe      	SBCI R31,HIGH(-__base_y_G100)
0000bb 81e0      	LD   R30,Z
0000bc 81a9      	LDD  R26,Y+1
0000bd 0fae      	ADD  R26,R30
0000be dfea      	RCALL __lcd_write_data
0000bf 8079      	LDD  R7,Y+1
0000c0 8068      	LDD  R6,Y+0
0000c1 9622      	ADIW R28,2
0000c2 9508      	RET
                 ; .FEND
                 _lcd_clear:
                 ; .FSTART _lcd_clear
0000c3 e0a2      	LDI  R26,LOW(2)
0000c4 940e 015b 	CALL SUBOPT_0x0
0000c6 e0ac      	LDI  R26,LOW(12)
0000c7 dfe1      	RCALL __lcd_write_data
0000c8 e0a1      	LDI  R26,LOW(1)
0000c9 940e 015b 	CALL SUBOPT_0x0
0000cb e0e0      	LDI  R30,LOW(0)
0000cc 2e6e      	MOV  R6,R30
0000cd 2e7e      	MOV  R7,R30
0000ce 9508      	RET
                 ; .FEND
                 _lcd_putchar:
                 ; .FSTART _lcd_putchar
0000cf 93aa      	ST   -Y,R26
0000d0 81a8      	LD   R26,Y
0000d1 30aa      	CPI  R26,LOW(0xA)
0000d2 f011      	BREQ _0x2000005
0000d3 1479      	CP   R7,R9
0000d4 f050      	BRLO _0x2000004
                 _0x2000005:
0000d5 e0e0      	LDI  R30,LOW(0)
0000d6 93ea      	ST   -Y,R30
0000d7 9463      	INC  R6
0000d8 2da6      	MOV  R26,R6
0000d9 dfdc      	RCALL _lcd_gotoxy
0000da 81a8      	LD   R26,Y
0000db 30aa      	CPI  R26,LOW(0xA)
0000dc f411      	BRNE _0x2000007
0000dd 940c 0159 	JMP  _0x20C0001
                 _0x2000007:
                 _0x2000004:
0000df 9473      	INC  R7
0000e0 9aa8      	SBI  0x15,0
0000e1 81a8      	LD   R26,Y
0000e2 dfc6      	RCALL __lcd_write_data
0000e3 98a8      	CBI  0x15,0
0000e4 940c 0159 	JMP  _0x20C0001
                 ; .FEND
                 _lcd_puts:
                 ; .FSTART _lcd_puts
0000e6 93ba      	ST   -Y,R27
0000e7 93aa      	ST   -Y,R26
0000e8 931a      	ST   -Y,R17
                 _0x2000008:
0000e9 81a9      	LDD  R26,Y+1
0000ea 81ba      	LDD  R27,Y+1+1
0000eb 91ed      	LD   R30,X+
0000ec 83a9      	STD  Y+1,R26
0000ed 83ba      	STD  Y+1+1,R27
0000ee 2f1e      	MOV  R17,R30
0000ef 30e0      	CPI  R30,0
0000f0 f019      	BREQ _0x200000A
0000f1 2fa1      	MOV  R26,R17
0000f2 dfdc      	RCALL _lcd_putchar
0000f3 cff5      	RJMP _0x2000008
                 _0x200000A:
0000f4 8118      	LDD  R17,Y+0
0000f5 9623      	ADIW R28,3
0000f6 9508      	RET
                 ; .FEND
                 _lcd_init:
                 ; .FSTART _lcd_init
0000f7 93aa      	ST   -Y,R26
0000f8 b3e4      	IN   R30,0x14
0000f9 6fe0      	ORI  R30,LOW(0xF0)
0000fa bbe4      	OUT  0x14,R30
0000fb 9aa2      	SBI  0x14,2
0000fc 9aa0      	SBI  0x14,0
0000fd 9aa1      	SBI  0x14,1
0000fe 98aa      	CBI  0x15,2
0000ff 98a8      	CBI  0x15,0
000100 98a9      	CBI  0x15,1
000101 8098      	LDD  R9,Y+0
000102 81e8      	LD   R30,Y
000103 58e0      	SUBI R30,-LOW(128)
                +
000104 93e0 0163+STS __base_y_G100 + ( 2 ) , R30
                 	__PUTB1MN __base_y_G100,2
000106 81e8      	LD   R30,Y
000107 54e0      	SUBI R30,-LOW(192)
                +
000108 93e0 0164+STS __base_y_G100 + ( 3 ) , R30
                 	__PUTB1MN __base_y_G100,3
00010a e1a4      	LDI  R26,LOW(20)
00010b e0b0      	LDI  R27,0
00010c 940e 0169 	CALL _delay_ms
00010e 940e 0161 	CALL SUBOPT_0x1
000110 940e 0161 	CALL SUBOPT_0x1
000112 940e 0161 	CALL SUBOPT_0x1
000114 e2a0      	LDI  R26,LOW(32)
000115 df7e      	RCALL __lcd_write_nibble_G100
                +
000116 ec88     +LDI R24 , LOW ( 200 )
000117 e090     +LDI R25 , HIGH ( 200 )
                +__DELAY_USW_LOOP :
000118 9701     +SBIW R24 , 1
000119 f7f1     +BRNE __DELAY_USW_LOOP
                 	__DELAY_USW 200
00011a e2a8      	LDI  R26,LOW(40)
00011b df8d      	RCALL __lcd_write_data
00011c e0a4      	LDI  R26,LOW(4)
00011d df8b      	RCALL __lcd_write_data
00011e e8a5      	LDI  R26,LOW(133)
00011f df89      	RCALL __lcd_write_data
000120 e0a6      	LDI  R26,LOW(6)
000121 df87      	RCALL __lcd_write_data
000122 dfa0      	RCALL _lcd_clear
000123 940c 0159 	JMP  _0x20C0001
                 ; .FEND
                 
                 	.CSEG
                 _itoa:
                 ; .FSTART _itoa
000125 93ba      	ST   -Y,R27
000126 93aa      	ST   -Y,R26
000127 91a9          ld   r26,y+
000128 91b9          ld   r27,y+
000129 91e9          ld   r30,y+
00012a 91f9          ld   r31,y+
00012b 9630          adiw r30,0
00012c f42a          brpl __itoa0
00012d 95e0          com  r30
00012e 95f0          com  r31
00012f 9631          adiw r30,1
000130 e26d          ldi  r22,'-'
000131 936d          st   x+,r22
                 __itoa0:
000132 94e8          clt
000133 e180          ldi  r24,low(10000)
000134 e297          ldi  r25,high(10000)
000135 d00d          rcall __itoa1
000136 ee88          ldi  r24,low(1000)
000137 e093          ldi  r25,high(1000)
000138 d00a          rcall __itoa1
000139 e684          ldi  r24,100
00013a 2799          clr  r25
00013b d007          rcall __itoa1
00013c e08a          ldi  r24,10
00013d d005          rcall __itoa1
00013e 2f6e          mov  r22,r30
00013f d010          rcall __itoa5
000140 2766          clr  r22
000141 936c          st   x,r22
000142 9508          ret
                 
                 __itoa1:
000143 2766          clr	 r22
                 __itoa2:
000144 17e8          cp   r30,r24
000145 07f9          cpc  r31,r25
000146 f020          brlo __itoa3
000147 9563          inc  r22
000148 1be8          sub  r30,r24
000149 0bf9          sbc  r31,r25
00014a f7c9          brne __itoa2
                 __itoa3:
00014b 2366          tst  r22
00014c f411          brne __itoa4
00014d f016          brts __itoa5
00014e 9508          ret
                 __itoa4:
00014f 9468          set
                 __itoa5:
000150 5d60          subi r22,-0x30
000151 936d          st   x+,r22
000152 9508          ret
                 ; .FEND
                 
                 	.DSEG
                 
                 	.CSEG
                 	#ifndef __SLEEP_DEFINED__
                 	#endif
                 
                 	.CSEG
                 _spi:
                 ; .FSTART _spi
000153 93aa      	ST   -Y,R26
000154 81e8      	LD   R30,Y
000155 b9ef      	OUT  0xF,R30
                 _0x2040003:
000156 9b77      	SBIS 0xE,7
000157 cffe      	RJMP _0x2040003
000158 b1ef      	IN   R30,0xF
                 _0x20C0001:
000159 9621      	ADIW R28,1
00015a 9508      	RET
                 ; .FEND
                 
                 	.CSEG
                 
                 	.CSEG
                 
                 	.CSEG
                 
                 	.DSEG
                 _buffer:
000160           	.BYTE 0x1
                 __base_y_G100:
000161           	.BYTE 0x4
                 __seed_G101:
000165           	.BYTE 0x4
                 
                 	.CSEG
                 ;OPTIMIZER ADDED SUBROUTINE, CALLED 2 TIMES, CODE SIZE REDUCTION:1 WORDS
                 SUBOPT_0x0:
00015b 940e 00a9 	CALL __lcd_write_data
00015d e0a3      	LDI  R26,LOW(3)
00015e e0b0      	LDI  R27,0
00015f 940c 0169 	JMP  _delay_ms
                 
                 ;OPTIMIZER ADDED SUBROUTINE, CALLED 3 TIMES, CODE SIZE REDUCTION:7 WORDS
                 SUBOPT_0x1:
000161 e3a0      	LDI  R26,LOW(48)
000162 940e 0094 	CALL __lcd_write_nibble_G100
                +
000164 ec88     +LDI R24 , LOW ( 200 )
000165 e090     +LDI R25 , HIGH ( 200 )
                +__DELAY_USW_LOOP :
000166 9701     +SBIW R24 , 1
000167 f7f1     +BRNE __DELAY_USW_LOOP
                 	__DELAY_USW 200
000168 9508      	RET
                 
                 
                 	.CSEG
                 _delay_ms:
000169 9610      	adiw r26,0
00016a f039      	breq __delay_ms1
                 __delay_ms0:
                +
00016b ed80     +LDI R24 , LOW ( 0x7D0 )
00016c e097     +LDI R25 , HIGH ( 0x7D0 )
                +__DELAY_USW_LOOP :
00016d 9701     +SBIW R24 , 1
00016e f7f1     +BRNE __DELAY_USW_LOOP
                 	__DELAY_USW 0x7D0
00016f 95a8      	wdr
000170 9711      	sbiw r26,1
000171 f7c9      	brne __delay_ms0
                 __delay_ms1:
000172 9508      	ret
                 
                 ;END OF CODE MARKER
                 __END_OF_CODE:


RESOURCE USE INFORMATION
------------------------

Notice:
The register and instruction counts are symbol table hit counts,
and hence implicitly used resources are not counted, eg, the
'lpm' instruction without operands implicitly uses r0 and z,
none of which are counted.

x,y,z are separate entities in the symbol table and are
counted separately from r26..r31 here.

.dseg memory usage only counts static data declared with .byte

ATmega16 register use summary:
r0 :   4 r1 :   1 r2 :   0 r3 :   0 r4 :   3 r5 :   2 r6 :   4 r7 :   4 
r8 :   0 r9 :   2 r10:   0 r11:   0 r12:   0 r13:   0 r14:   0 r15:   0 
r16:   0 r17:   4 r18:   0 r19:   0 r20:   0 r21:   0 r22:  12 r23:   0 
r24:  27 r25:  10 r26:  45 r27:  11 r28:   4 r29:   1 r30:  78 r31:  11 
x  :   7 y  :  40 z  :   8 
Registers used: 20 out of 35 (57.1%)

ATmega16 instruction use summary:
.lds  :   0 .lds.l:   0 .sts  :   0 .sts.l:   0 adc   :   0 add   :   1 
adiw  :   6 and   :   0 andi  :   2 asr   :   0 bclr  :   0 bld   :   0 
brbc  :   0 brbs  :   0 brcc  :   0 brcs  :   0 break :   0 breq  :   4 
brge  :   0 brhc  :   0 brhs  :   0 brid  :   0 brie  :   0 brlo  :   2 
brlt  :   0 brmi  :   0 brne  :  15 brpl  :   1 brsh  :   0 brtc  :   0 
brts  :   1 brvc  :   0 brvs  :   0 bset  :   0 bst   :   0 call  :  10 
cbi   :   6 cbr   :   0 clc   :   0 clh   :   0 cli   :   1 cln   :   0 
clr   :   5 cls   :   0 clt   :   1 clv   :   0 clz   :   0 com   :   2 
cp    :   2 cpc   :   1 cpi   :   3 cpse  :   0 dec   :   5 des   :   0 
eor   :   0 fmul  :   0 fmuls :   0 fmulsu:   0 icall :   0 ijmp  :   0 
in    :   3 inc   :   3 jmp   :  28 ld    :  17 ldd   :   7 ldi   :  60 
lds   :   0 lpm   :   7 lsl   :   0 lsr   :   0 mov   :  11 movw  :   3 
mul   :   0 muls  :   0 mulsu :   0 neg   :   0 nop   :   0 or    :   1 
ori   :   1 out   :  19 pop   :   0 push  :   0 rcall :  21 ret   :   9 
reti  :   0 rjmp  :   6 rol   :   0 ror   :   0 sbc   :   1 sbci  :   1 
sbi   :   6 sbic  :   1 sbis  :   1 sbiw  :   7 sbr   :   0 sbrc  :   0 
sbrs  :   0 sec   :   0 seh   :   0 sei   :   0 sen   :   0 ser   :   0 
ses   :   0 set   :   1 sev   :   0 sez   :   0 sleep :   0 spm   :   0 
st    :  22 std   :   2 sts   :   2 sub   :   1 subi  :   4 swap  :   1 
tst   :   2 wdr   :   1 
Instructions used: 48 out of 116 (41.4%)

ATmega16 memory use summary [bytes]:
Segment   Begin    End      Code   Data   Used    Size   Use%
---------------------------------------------------------------
[.cseg] 0x000000 0x0002e6    714     28    742   16384   4.5%
[.dseg] 0x000060 0x000169      0      9      9    1024   0.9%
[.eseg] 0x000000 0x000000      0      0      0     512   0.0%

Assembly complete, 0 errors, 7 warnings
