
AVRASM ver. 2.1.30  C:\Users\NooShin\Desktop\Lab\6\Q1\Debug\List\a.asm Tue Dec 18 14:54:10 2018

C:\Users\NooShin\Desktop\Lab\6\Q1\Debug\List\a.asm(1088): warning: Register r4 already defined by the .DEF directive
C:\Users\NooShin\Desktop\Lab\6\Q1\Debug\List\a.asm(1089): warning: Register r5 already defined by the .DEF directive
C:\Users\NooShin\Desktop\Lab\6\Q1\Debug\List\a.asm(1090): warning: Register r6 already defined by the .DEF directive
C:\Users\NooShin\Desktop\Lab\6\Q1\Debug\List\a.asm(1091): warning: Register r7 already defined by the .DEF directive
C:\Users\NooShin\Desktop\Lab\6\Q1\Debug\List\a.asm(1092): warning: Register r9 already defined by the .DEF directive
C:\Users\NooShin\Desktop\Lab\6\Q1\Debug\List\a.asm(1093): warning: Register r8 already defined by the .DEF directive
C:\Users\NooShin\Desktop\Lab\6\Q1\Debug\List\a.asm(1094): warning: Register r11 already defined by the .DEF directive
                 
                 
                 ;CodeVisionAVR C Compiler V3.12 Advanced
                 ;(C) Copyright 1998-2014 Pavel Haiduc, HP InfoTech s.r.l.
                 ;http://www.hpinfotech.com
                 
                 ;Build configuration    : Debug
                 ;Chip type              : ATmega16
                 ;Program type           : Application
                 ;Clock frequency        : 8.000000 MHz
                 ;Memory model           : Small
                 ;Optimize for           : Size
                 ;(s)printf features     : int, width
                 ;(s)scanf features      : int, width
                 ;External RAM size      : 0
                 ;Data Stack size        : 256 byte(s)
                 ;Heap size              : 0 byte(s)
                 ;Promote 'char' to 'int': Yes
                 ;'char' is unsigned     : Yes
                 ;8 bit enums            : Yes
                 ;Global 'const' stored in FLASH: Yes
                 ;Enhanced function parameter passing: Yes
                 ;Enhanced core instructions: On
                 ;Automatic register allocation for global variables: On
                 ;Smart register allocation: On
                 
                 	#define _MODEL_SMALL_
                 
                 	#pragma AVRPART ADMIN PART_NAME ATmega16
                 	#pragma AVRPART MEMORY PROG_FLASH 16384
                 	#pragma AVRPART MEMORY EEPROM 512
                 	#pragma AVRPART MEMORY INT_SRAM SIZE 1024
                 	#pragma AVRPART MEMORY INT_SRAM START_ADDR 0x60
                 
                 	#define CALL_SUPPORTED 1
                 
                 	.LISTMAC
                 	.EQU UDRE=0x5
                 	.EQU RXC=0x7
                 	.EQU USR=0xB
                 	.EQU UDR=0xC
                 	.EQU SPSR=0xE
                 	.EQU SPDR=0xF
                 	.EQU EERE=0x0
                 	.EQU EEWE=0x1
                 	.EQU EEMWE=0x2
                 	.EQU EECR=0x1C
                 	.EQU EEDR=0x1D
                 	.EQU EEARL=0x1E
                 	.EQU EEARH=0x1F
                 	.EQU WDTCR=0x21
                 	.EQU MCUCR=0x35
                 	.EQU GICR=0x3B
                 	.EQU SPL=0x3D
                 	.EQU SPH=0x3E
                 	.EQU SREG=0x3F
                 
                 	.DEF R0X0=R0
                 	.DEF R0X1=R1
                 	.DEF R0X2=R2
                 	.DEF R0X3=R3
                 	.DEF R0X4=R4
                 	.DEF R0X5=R5
                 	.DEF R0X6=R6
                 	.DEF R0X7=R7
                 	.DEF R0X8=R8
                 	.DEF R0X9=R9
                 	.DEF R0XA=R10
                 	.DEF R0XB=R11
                 	.DEF R0XC=R12
                 	.DEF R0XD=R13
                 	.DEF R0XE=R14
                 	.DEF R0XF=R15
                 	.DEF R0X10=R16
                 	.DEF R0X11=R17
                 	.DEF R0X12=R18
                 	.DEF R0X13=R19
                 	.DEF R0X14=R20
                 	.DEF R0X15=R21
                 	.DEF R0X16=R22
                 	.DEF R0X17=R23
                 	.DEF R0X18=R24
                 	.DEF R0X19=R25
                 	.DEF R0X1A=R26
                 	.DEF R0X1B=R27
                 	.DEF R0X1C=R28
                 	.DEF R0X1D=R29
                 	.DEF R0X1E=R30
                 	.DEF R0X1F=R31
                 
                 	.EQU __SRAM_START=0x0060
                 	.EQU __SRAM_END=0x045F
                 	.EQU __DSTACK_SIZE=0x0100
                 	.EQU __HEAP_SIZE=0x0000
                 	.EQU __CLEAR_SRAM_SIZE=__SRAM_END-__SRAM_START+1
                 
                 	.MACRO __CPD1N
                 	CPI  R30,LOW(@0)
                 	LDI  R26,HIGH(@0)
                 	CPC  R31,R26
                 	LDI  R26,BYTE3(@0)
                 	CPC  R22,R26
                 	LDI  R26,BYTE4(@0)
                 	CPC  R23,R26
                 	.ENDM
                 
                 	.MACRO __CPD2N
                 	CPI  R26,LOW(@0)
                 	LDI  R30,HIGH(@0)
                 	CPC  R27,R30
                 	LDI  R30,BYTE3(@0)
                 	CPC  R24,R30
                 	LDI  R30,BYTE4(@0)
                 	CPC  R25,R30
                 	.ENDM
                 
                 	.MACRO __CPWRR
                 	CP   R@0,R@2
                 	CPC  R@1,R@3
                 	.ENDM
                 
                 	.MACRO __CPWRN
                 	CPI  R@0,LOW(@2)
                 	LDI  R30,HIGH(@2)
                 	CPC  R@1,R30
                 	.ENDM
                 
                 	.MACRO __ADDB1MN
                 	SUBI R30,LOW(-@0-(@1))
                 	.ENDM
                 
                 	.MACRO __ADDB2MN
                 	SUBI R26,LOW(-@0-(@1))
                 	.ENDM
                 
                 	.MACRO __ADDW1MN
                 	SUBI R30,LOW(-@0-(@1))
                 	SBCI R31,HIGH(-@0-(@1))
                 	.ENDM
                 
                 	.MACRO __ADDW2MN
                 	SUBI R26,LOW(-@0-(@1))
                 	SBCI R27,HIGH(-@0-(@1))
                 	.ENDM
                 
                 	.MACRO __ADDW1FN
                 	SUBI R30,LOW(-2*@0-(@1))
                 	SBCI R31,HIGH(-2*@0-(@1))
                 	.ENDM
                 
                 	.MACRO __ADDD1FN
                 	SUBI R30,LOW(-2*@0-(@1))
                 	SBCI R31,HIGH(-2*@0-(@1))
                 	SBCI R22,BYTE3(-2*@0-(@1))
                 	.ENDM
                 
                 	.MACRO __ADDD1N
                 	SUBI R30,LOW(-@0)
                 	SBCI R31,HIGH(-@0)
                 	SBCI R22,BYTE3(-@0)
                 	SBCI R23,BYTE4(-@0)
                 	.ENDM
                 
                 	.MACRO __ADDD2N
                 	SUBI R26,LOW(-@0)
                 	SBCI R27,HIGH(-@0)
                 	SBCI R24,BYTE3(-@0)
                 	SBCI R25,BYTE4(-@0)
                 	.ENDM
                 
                 	.MACRO __SUBD1N
                 	SUBI R30,LOW(@0)
                 	SBCI R31,HIGH(@0)
                 	SBCI R22,BYTE3(@0)
                 	SBCI R23,BYTE4(@0)
                 	.ENDM
                 
                 	.MACRO __SUBD2N
                 	SUBI R26,LOW(@0)
                 	SBCI R27,HIGH(@0)
                 	SBCI R24,BYTE3(@0)
                 	SBCI R25,BYTE4(@0)
                 	.ENDM
                 
                 	.MACRO __ANDBMNN
                 	LDS  R30,@0+(@1)
                 	ANDI R30,LOW(@2)
                 	STS  @0+(@1),R30
                 	.ENDM
                 
                 	.MACRO __ANDWMNN
                 	LDS  R30,@0+(@1)
                 	ANDI R30,LOW(@2)
                 	STS  @0+(@1),R30
                 	LDS  R30,@0+(@1)+1
                 	ANDI R30,HIGH(@2)
                 	STS  @0+(@1)+1,R30
                 	.ENDM
                 
                 	.MACRO __ANDD1N
                 	ANDI R30,LOW(@0)
                 	ANDI R31,HIGH(@0)
                 	ANDI R22,BYTE3(@0)
                 	ANDI R23,BYTE4(@0)
                 	.ENDM
                 
                 	.MACRO __ANDD2N
                 	ANDI R26,LOW(@0)
                 	ANDI R27,HIGH(@0)
                 	ANDI R24,BYTE3(@0)
                 	ANDI R25,BYTE4(@0)
                 	.ENDM
                 
                 	.MACRO __ORBMNN
                 	LDS  R30,@0+(@1)
                 	ORI  R30,LOW(@2)
                 	STS  @0+(@1),R30
                 	.ENDM
                 
                 	.MACRO __ORWMNN
                 	LDS  R30,@0+(@1)
                 	ORI  R30,LOW(@2)
                 	STS  @0+(@1),R30
                 	LDS  R30,@0+(@1)+1
                 	ORI  R30,HIGH(@2)
                 	STS  @0+(@1)+1,R30
                 	.ENDM
                 
                 	.MACRO __ORD1N
                 	ORI  R30,LOW(@0)
                 	ORI  R31,HIGH(@0)
                 	ORI  R22,BYTE3(@0)
                 	ORI  R23,BYTE4(@0)
                 	.ENDM
                 
                 	.MACRO __ORD2N
                 	ORI  R26,LOW(@0)
                 	ORI  R27,HIGH(@0)
                 	ORI  R24,BYTE3(@0)
                 	ORI  R25,BYTE4(@0)
                 	.ENDM
                 
                 	.MACRO __DELAY_USB
                 	LDI  R24,LOW(@0)
                 __DELAY_USB_LOOP:
                 	DEC  R24
                 	BRNE __DELAY_USB_LOOP
                 	.ENDM
                 
                 	.MACRO __DELAY_USW
                 	LDI  R24,LOW(@0)
                 	LDI  R25,HIGH(@0)
                 __DELAY_USW_LOOP:
                 	SBIW R24,1
                 	BRNE __DELAY_USW_LOOP
                 	.ENDM
                 
                 	.MACRO __GETD1S
                 	LDD  R30,Y+@0
                 	LDD  R31,Y+@0+1
                 	LDD  R22,Y+@0+2
                 	LDD  R23,Y+@0+3
                 	.ENDM
                 
                 	.MACRO __GETD2S
                 	LDD  R26,Y+@0
                 	LDD  R27,Y+@0+1
                 	LDD  R24,Y+@0+2
                 	LDD  R25,Y+@0+3
                 	.ENDM
                 
                 	.MACRO __PUTD1S
                 	STD  Y+@0,R30
                 	STD  Y+@0+1,R31
                 	STD  Y+@0+2,R22
                 	STD  Y+@0+3,R23
                 	.ENDM
                 
                 	.MACRO __PUTD2S
                 	STD  Y+@0,R26
                 	STD  Y+@0+1,R27
                 	STD  Y+@0+2,R24
                 	STD  Y+@0+3,R25
                 	.ENDM
                 
                 	.MACRO __PUTDZ2
                 	STD  Z+@0,R26
                 	STD  Z+@0+1,R27
                 	STD  Z+@0+2,R24
                 	STD  Z+@0+3,R25
                 	.ENDM
                 
                 	.MACRO __CLRD1S
                 	STD  Y+@0,R30
                 	STD  Y+@0+1,R30
                 	STD  Y+@0+2,R30
                 	STD  Y+@0+3,R30
                 	.ENDM
                 
                 	.MACRO __POINTB1MN
                 	LDI  R30,LOW(@0+(@1))
                 	.ENDM
                 
                 	.MACRO __POINTW1MN
                 	LDI  R30,LOW(@0+(@1))
                 	LDI  R31,HIGH(@0+(@1))
                 	.ENDM
                 
                 	.MACRO __POINTD1M
                 	LDI  R30,LOW(@0)
                 	LDI  R31,HIGH(@0)
                 	LDI  R22,BYTE3(@0)
                 	LDI  R23,BYTE4(@0)
                 	.ENDM
                 
                 	.MACRO __POINTW1FN
                 	LDI  R30,LOW(2*@0+(@1))
                 	LDI  R31,HIGH(2*@0+(@1))
                 	.ENDM
                 
                 	.MACRO __POINTD1FN
                 	LDI  R30,LOW(2*@0+(@1))
                 	LDI  R31,HIGH(2*@0+(@1))
                 	LDI  R22,BYTE3(2*@0+(@1))
                 	LDI  R23,BYTE4(2*@0+(@1))
                 	.ENDM
                 
                 	.MACRO __POINTB2MN
                 	LDI  R26,LOW(@0+(@1))
                 	.ENDM
                 
                 	.MACRO __POINTW2MN
                 	LDI  R26,LOW(@0+(@1))
                 	LDI  R27,HIGH(@0+(@1))
                 	.ENDM
                 
                 	.MACRO __POINTW2FN
                 	LDI  R26,LOW(2*@0+(@1))
                 	LDI  R27,HIGH(2*@0+(@1))
                 	.ENDM
                 
                 	.MACRO __POINTD2FN
                 	LDI  R26,LOW(2*@0+(@1))
                 	LDI  R27,HIGH(2*@0+(@1))
                 	LDI  R24,BYTE3(2*@0+(@1))
                 	LDI  R25,BYTE4(2*@0+(@1))
                 	.ENDM
                 
                 	.MACRO __POINTBRM
                 	LDI  R@0,LOW(@1)
                 	.ENDM
                 
                 	.MACRO __POINTWRM
                 	LDI  R@0,LOW(@2)
                 	LDI  R@1,HIGH(@2)
                 	.ENDM
                 
                 	.MACRO __POINTBRMN
                 	LDI  R@0,LOW(@1+(@2))
                 	.ENDM
                 
                 	.MACRO __POINTWRMN
                 	LDI  R@0,LOW(@2+(@3))
                 	LDI  R@1,HIGH(@2+(@3))
                 	.ENDM
                 
                 	.MACRO __POINTWRFN
                 	LDI  R@0,LOW(@2*2+(@3))
                 	LDI  R@1,HIGH(@2*2+(@3))
                 	.ENDM
                 
                 	.MACRO __GETD1N
                 	LDI  R30,LOW(@0)
                 	LDI  R31,HIGH(@0)
                 	LDI  R22,BYTE3(@0)
                 	LDI  R23,BYTE4(@0)
                 	.ENDM
                 
                 	.MACRO __GETD2N
                 	LDI  R26,LOW(@0)
                 	LDI  R27,HIGH(@0)
                 	LDI  R24,BYTE3(@0)
                 	LDI  R25,BYTE4(@0)
                 	.ENDM
                 
                 	.MACRO __GETB1MN
                 	LDS  R30,@0+(@1)
                 	.ENDM
                 
                 	.MACRO __GETB1HMN
                 	LDS  R31,@0+(@1)
                 	.ENDM
                 
                 	.MACRO __GETW1MN
                 	LDS  R30,@0+(@1)
                 	LDS  R31,@0+(@1)+1
                 	.ENDM
                 
                 	.MACRO __GETD1MN
                 	LDS  R30,@0+(@1)
                 	LDS  R31,@0+(@1)+1
                 	LDS  R22,@0+(@1)+2
                 	LDS  R23,@0+(@1)+3
                 	.ENDM
                 
                 	.MACRO __GETBRMN
                 	LDS  R@0,@1+(@2)
                 	.ENDM
                 
                 	.MACRO __GETWRMN
                 	LDS  R@0,@2+(@3)
                 	LDS  R@1,@2+(@3)+1
                 	.ENDM
                 
                 	.MACRO __GETWRZ
                 	LDD  R@0,Z+@2
                 	LDD  R@1,Z+@2+1
                 	.ENDM
                 
                 	.MACRO __GETD2Z
                 	LDD  R26,Z+@0
                 	LDD  R27,Z+@0+1
                 	LDD  R24,Z+@0+2
                 	LDD  R25,Z+@0+3
                 	.ENDM
                 
                 	.MACRO __GETB2MN
                 	LDS  R26,@0+(@1)
                 	.ENDM
                 
                 	.MACRO __GETW2MN
                 	LDS  R26,@0+(@1)
                 	LDS  R27,@0+(@1)+1
                 	.ENDM
                 
                 	.MACRO __GETD2MN
                 	LDS  R26,@0+(@1)
                 	LDS  R27,@0+(@1)+1
                 	LDS  R24,@0+(@1)+2
                 	LDS  R25,@0+(@1)+3
                 	.ENDM
                 
                 	.MACRO __PUTB1MN
                 	STS  @0+(@1),R30
                 	.ENDM
                 
                 	.MACRO __PUTW1MN
                 	STS  @0+(@1),R30
                 	STS  @0+(@1)+1,R31
                 	.ENDM
                 
                 	.MACRO __PUTD1MN
                 	STS  @0+(@1),R30
                 	STS  @0+(@1)+1,R31
                 	STS  @0+(@1)+2,R22
                 	STS  @0+(@1)+3,R23
                 	.ENDM
                 
                 	.MACRO __PUTB1EN
                 	LDI  R26,LOW(@0+(@1))
                 	LDI  R27,HIGH(@0+(@1))
                 	CALL __EEPROMWRB
                 	.ENDM
                 
                 	.MACRO __PUTW1EN
                 	LDI  R26,LOW(@0+(@1))
                 	LDI  R27,HIGH(@0+(@1))
                 	CALL __EEPROMWRW
                 	.ENDM
                 
                 	.MACRO __PUTD1EN
                 	LDI  R26,LOW(@0+(@1))
                 	LDI  R27,HIGH(@0+(@1))
                 	CALL __EEPROMWRD
                 	.ENDM
                 
                 	.MACRO __PUTBR0MN
                 	STS  @0+(@1),R0
                 	.ENDM
                 
                 	.MACRO __PUTBMRN
                 	STS  @0+(@1),R@2
                 	.ENDM
                 
                 	.MACRO __PUTWMRN
                 	STS  @0+(@1),R@2
                 	STS  @0+(@1)+1,R@3
                 	.ENDM
                 
                 	.MACRO __PUTBZR
                 	STD  Z+@1,R@0
                 	.ENDM
                 
                 	.MACRO __PUTWZR
                 	STD  Z+@2,R@0
                 	STD  Z+@2+1,R@1
                 	.ENDM
                 
                 	.MACRO __GETW1R
                 	MOV  R30,R@0
                 	MOV  R31,R@1
                 	.ENDM
                 
                 	.MACRO __GETW2R
                 	MOV  R26,R@0
                 	MOV  R27,R@1
                 	.ENDM
                 
                 	.MACRO __GETWRN
                 	LDI  R@0,LOW(@2)
                 	LDI  R@1,HIGH(@2)
                 	.ENDM
                 
                 	.MACRO __PUTW1R
                 	MOV  R@0,R30
                 	MOV  R@1,R31
                 	.ENDM
                 
                 	.MACRO __PUTW2R
                 	MOV  R@0,R26
                 	MOV  R@1,R27
                 	.ENDM
                 
                 	.MACRO __ADDWRN
                 	SUBI R@0,LOW(-@2)
                 	SBCI R@1,HIGH(-@2)
                 	.ENDM
                 
                 	.MACRO __ADDWRR
                 	ADD  R@0,R@2
                 	ADC  R@1,R@3
                 	.ENDM
                 
                 	.MACRO __SUBWRN
                 	SUBI R@0,LOW(@2)
                 	SBCI R@1,HIGH(@2)
                 	.ENDM
                 
                 	.MACRO __SUBWRR
                 	SUB  R@0,R@2
                 	SBC  R@1,R@3
                 	.ENDM
                 
                 	.MACRO __ANDWRN
                 	ANDI R@0,LOW(@2)
                 	ANDI R@1,HIGH(@2)
                 	.ENDM
                 
                 	.MACRO __ANDWRR
                 	AND  R@0,R@2
                 	AND  R@1,R@3
                 	.ENDM
                 
                 	.MACRO __ORWRN
                 	ORI  R@0,LOW(@2)
                 	ORI  R@1,HIGH(@2)
                 	.ENDM
                 
                 	.MACRO __ORWRR
                 	OR   R@0,R@2
                 	OR   R@1,R@3
                 	.ENDM
                 
                 	.MACRO __EORWRR
                 	EOR  R@0,R@2
                 	EOR  R@1,R@3
                 	.ENDM
                 
                 	.MACRO __GETWRS
                 	LDD  R@0,Y+@2
                 	LDD  R@1,Y+@2+1
                 	.ENDM
                 
                 	.MACRO __PUTBSR
                 	STD  Y+@1,R@0
                 	.ENDM
                 
                 	.MACRO __PUTWSR
                 	STD  Y+@2,R@0
                 	STD  Y+@2+1,R@1
                 	.ENDM
                 
                 	.MACRO __MOVEWRR
                 	MOV  R@0,R@2
                 	MOV  R@1,R@3
                 	.ENDM
                 
                 	.MACRO __INWR
                 	IN   R@0,@2
                 	IN   R@1,@2+1
                 	.ENDM
                 
                 	.MACRO __OUTWR
                 	OUT  @2+1,R@1
                 	OUT  @2,R@0
                 	.ENDM
                 
                 	.MACRO __CALL1MN
                 	LDS  R30,@0+(@1)
                 	LDS  R31,@0+(@1)+1
                 	ICALL
                 	.ENDM
                 
                 	.MACRO __CALL1FN
                 	LDI  R30,LOW(2*@0+(@1))
                 	LDI  R31,HIGH(2*@0+(@1))
                 	CALL __GETW1PF
                 	ICALL
                 	.ENDM
                 
                 	.MACRO __CALL2EN
                 	PUSH R26
                 	PUSH R27
                 	LDI  R26,LOW(@0+(@1))
                 	LDI  R27,HIGH(@0+(@1))
                 	CALL __EEPROMRDW
                 	POP  R27
                 	POP  R26
                 	ICALL
                 	.ENDM
                 
                 	.MACRO __CALL2EX
                 	SUBI R26,LOW(-@0)
                 	SBCI R27,HIGH(-@0)
                 	CALL __EEPROMRDD
                 	ICALL
                 	.ENDM
                 
                 	.MACRO __GETW1STACK
                 	IN   R30,SPL
                 	IN   R31,SPH
                 	ADIW R30,@0+1
                 	LD   R0,Z+
                 	LD   R31,Z
                 	MOV  R30,R0
                 	.ENDM
                 
                 	.MACRO __GETD1STACK
                 	IN   R30,SPL
                 	IN   R31,SPH
                 	ADIW R30,@0+1
                 	LD   R0,Z+
                 	LD   R1,Z+
                 	LD   R22,Z
                 	MOVW R30,R0
                 	.ENDM
                 
                 	.MACRO __NBST
                 	BST  R@0,@1
                 	IN   R30,SREG
                 	LDI  R31,0x40
                 	EOR  R30,R31
                 	OUT  SREG,R30
                 	.ENDM
                 
                 
                 	.MACRO __PUTB1SN
                 	LDD  R26,Y+@0
                 	LDD  R27,Y+@0+1
                 	SUBI R26,LOW(-@1)
                 	SBCI R27,HIGH(-@1)
                 	ST   X,R30
                 	.ENDM
                 
                 	.MACRO __PUTW1SN
                 	LDD  R26,Y+@0
                 	LDD  R27,Y+@0+1
                 	SUBI R26,LOW(-@1)
                 	SBCI R27,HIGH(-@1)
                 	ST   X+,R30
                 	ST   X,R31
                 	.ENDM
                 
                 	.MACRO __PUTD1SN
                 	LDD  R26,Y+@0
                 	LDD  R27,Y+@0+1
                 	SUBI R26,LOW(-@1)
                 	SBCI R27,HIGH(-@1)
                 	CALL __PUTDP1
                 	.ENDM
                 
                 	.MACRO __PUTB1SNS
                 	LDD  R26,Y+@0
                 	LDD  R27,Y+@0+1
                 	ADIW R26,@1
                 	ST   X,R30
                 	.ENDM
                 
                 	.MACRO __PUTW1SNS
                 	LDD  R26,Y+@0
                 	LDD  R27,Y+@0+1
                 	ADIW R26,@1
                 	ST   X+,R30
                 	ST   X,R31
                 	.ENDM
                 
                 	.MACRO __PUTD1SNS
                 	LDD  R26,Y+@0
                 	LDD  R27,Y+@0+1
                 	ADIW R26,@1
                 	CALL __PUTDP1
                 	.ENDM
                 
                 	.MACRO __PUTB1PMN
                 	LDS  R26,@0
                 	LDS  R27,@0+1
                 	SUBI R26,LOW(-@1)
                 	SBCI R27,HIGH(-@1)
                 	ST   X,R30
                 	.ENDM
                 
                 	.MACRO __PUTW1PMN
                 	LDS  R26,@0
                 	LDS  R27,@0+1
                 	SUBI R26,LOW(-@1)
                 	SBCI R27,HIGH(-@1)
                 	ST   X+,R30
                 	ST   X,R31
                 	.ENDM
                 
                 	.MACRO __PUTD1PMN
                 	LDS  R26,@0
                 	LDS  R27,@0+1
                 	SUBI R26,LOW(-@1)
                 	SBCI R27,HIGH(-@1)
                 	CALL __PUTDP1
                 	.ENDM
                 
                 	.MACRO __PUTB1PMNS
                 	LDS  R26,@0
                 	LDS  R27,@0+1
                 	ADIW R26,@1
                 	ST   X,R30
                 	.ENDM
                 
                 	.MACRO __PUTW1PMNS
                 	LDS  R26,@0
                 	LDS  R27,@0+1
                 	ADIW R26,@1
                 	ST   X+,R30
                 	ST   X,R31
                 	.ENDM
                 
                 	.MACRO __PUTD1PMNS
                 	LDS  R26,@0
                 	LDS  R27,@0+1
                 	ADIW R26,@1
                 	CALL __PUTDP1
                 	.ENDM
                 
                 	.MACRO __PUTB1RN
                 	MOVW R26,R@0
                 	SUBI R26,LOW(-@1)
                 	SBCI R27,HIGH(-@1)
                 	ST   X,R30
                 	.ENDM
                 
                 	.MACRO __PUTW1RN
                 	MOVW R26,R@0
                 	SUBI R26,LOW(-@1)
                 	SBCI R27,HIGH(-@1)
                 	ST   X+,R30
                 	ST   X,R31
                 	.ENDM
                 
                 	.MACRO __PUTD1RN
                 	MOVW R26,R@0
                 	SUBI R26,LOW(-@1)
                 	SBCI R27,HIGH(-@1)
                 	CALL __PUTDP1
                 	.ENDM
                 
                 	.MACRO __PUTB1RNS
                 	MOVW R26,R@0
                 	ADIW R26,@1
                 	ST   X,R30
                 	.ENDM
                 
                 	.MACRO __PUTW1RNS
                 	MOVW R26,R@0
                 	ADIW R26,@1
                 	ST   X+,R30
                 	ST   X,R31
                 	.ENDM
                 
                 	.MACRO __PUTD1RNS
                 	MOVW R26,R@0
                 	ADIW R26,@1
                 	CALL __PUTDP1
                 	.ENDM
                 
                 	.MACRO __PUTB1RON
                 	MOV  R26,R@0
                 	MOV  R27,R@1
                 	SUBI R26,LOW(-@2)
                 	SBCI R27,HIGH(-@2)
                 	ST   X,R30
                 	.ENDM
                 
                 	.MACRO __PUTW1RON
                 	MOV  R26,R@0
                 	MOV  R27,R@1
                 	SUBI R26,LOW(-@2)
                 	SBCI R27,HIGH(-@2)
                 	ST   X+,R30
                 	ST   X,R31
                 	.ENDM
                 
                 	.MACRO __PUTD1RON
                 	MOV  R26,R@0
                 	MOV  R27,R@1
                 	SUBI R26,LOW(-@2)
                 	SBCI R27,HIGH(-@2)
                 	CALL __PUTDP1
                 	.ENDM
                 
                 	.MACRO __PUTB1RONS
                 	MOV  R26,R@0
                 	MOV  R27,R@1
                 	ADIW R26,@2
                 	ST   X,R30
                 	.ENDM
                 
                 	.MACRO __PUTW1RONS
                 	MOV  R26,R@0
                 	MOV  R27,R@1
                 	ADIW R26,@2
                 	ST   X+,R30
                 	ST   X,R31
                 	.ENDM
                 
                 	.MACRO __PUTD1RONS
                 	MOV  R26,R@0
                 	MOV  R27,R@1
                 	ADIW R26,@2
                 	CALL __PUTDP1
                 	.ENDM
                 
                 
                 	.MACRO __GETB1SX
                 	MOVW R30,R28
                 	SUBI R30,LOW(-@0)
                 	SBCI R31,HIGH(-@0)
                 	LD   R30,Z
                 	.ENDM
                 
                 	.MACRO __GETB1HSX
                 	MOVW R30,R28
                 	SUBI R30,LOW(-@0)
                 	SBCI R31,HIGH(-@0)
                 	LD   R31,Z
                 	.ENDM
                 
                 	.MACRO __GETW1SX
                 	MOVW R30,R28
                 	SUBI R30,LOW(-@0)
                 	SBCI R31,HIGH(-@0)
                 	LD   R0,Z+
                 	LD   R31,Z
                 	MOV  R30,R0
                 	.ENDM
                 
                 	.MACRO __GETD1SX
                 	MOVW R30,R28
                 	SUBI R30,LOW(-@0)
                 	SBCI R31,HIGH(-@0)
                 	LD   R0,Z+
                 	LD   R1,Z+
                 	LD   R22,Z+
                 	LD   R23,Z
                 	MOVW R30,R0
                 	.ENDM
                 
                 	.MACRO __GETB2SX
                 	MOVW R26,R28
                 	SUBI R26,LOW(-@0)
                 	SBCI R27,HIGH(-@0)
                 	LD   R26,X
                 	.ENDM
                 
                 	.MACRO __GETW2SX
                 	MOVW R26,R28
                 	SUBI R26,LOW(-@0)
                 	SBCI R27,HIGH(-@0)
                 	LD   R0,X+
                 	LD   R27,X
                 	MOV  R26,R0
                 	.ENDM
                 
                 	.MACRO __GETD2SX
                 	MOVW R26,R28
                 	SUBI R26,LOW(-@0)
                 	SBCI R27,HIGH(-@0)
                 	LD   R0,X+
                 	LD   R1,X+
                 	LD   R24,X+
                 	LD   R25,X
                 	MOVW R26,R0
                 	.ENDM
                 
                 	.MACRO __GETBRSX
                 	MOVW R30,R28
                 	SUBI R30,LOW(-@1)
                 	SBCI R31,HIGH(-@1)
                 	LD   R@0,Z
                 	.ENDM
                 
                 	.MACRO __GETWRSX
                 	MOVW R30,R28
                 	SUBI R30,LOW(-@2)
                 	SBCI R31,HIGH(-@2)
                 	LD   R@0,Z+
                 	LD   R@1,Z
                 	.ENDM
                 
                 	.MACRO __GETBRSX2
                 	MOVW R26,R28
                 	SUBI R26,LOW(-@1)
                 	SBCI R27,HIGH(-@1)
                 	LD   R@0,X
                 	.ENDM
                 
                 	.MACRO __GETWRSX2
                 	MOVW R26,R28
                 	SUBI R26,LOW(-@2)
                 	SBCI R27,HIGH(-@2)
                 	LD   R@0,X+
                 	LD   R@1,X
                 	.ENDM
                 
                 	.MACRO __LSLW8SX
                 	MOVW R30,R28
                 	SUBI R30,LOW(-@0)
                 	SBCI R31,HIGH(-@0)
                 	LD   R31,Z
                 	CLR  R30
                 	.ENDM
                 
                 	.MACRO __PUTB1SX
                 	MOVW R26,R28
                 	SUBI R26,LOW(-@0)
                 	SBCI R27,HIGH(-@0)
                 	ST   X,R30
                 	.ENDM
                 
                 	.MACRO __PUTW1SX
                 	MOVW R26,R28
                 	SUBI R26,LOW(-@0)
                 	SBCI R27,HIGH(-@0)
                 	ST   X+,R30
                 	ST   X,R31
                 	.ENDM
                 
                 	.MACRO __PUTD1SX
                 	MOVW R26,R28
                 	SUBI R26,LOW(-@0)
                 	SBCI R27,HIGH(-@0)
                 	ST   X+,R30
                 	ST   X+,R31
                 	ST   X+,R22
                 	ST   X,R23
                 	.ENDM
                 
                 	.MACRO __CLRW1SX
                 	MOVW R26,R28
                 	SUBI R26,LOW(-@0)
                 	SBCI R27,HIGH(-@0)
                 	ST   X+,R30
                 	ST   X,R30
                 	.ENDM
                 
                 	.MACRO __CLRD1SX
                 	MOVW R26,R28
                 	SUBI R26,LOW(-@0)
                 	SBCI R27,HIGH(-@0)
                 	ST   X+,R30
                 	ST   X+,R30
                 	ST   X+,R30
                 	ST   X,R30
                 	.ENDM
                 
                 	.MACRO __PUTB2SX
                 	MOVW R30,R28
                 	SUBI R30,LOW(-@0)
                 	SBCI R31,HIGH(-@0)
                 	ST   Z,R26
                 	.ENDM
                 
                 	.MACRO __PUTW2SX
                 	MOVW R30,R28
                 	SUBI R30,LOW(-@0)
                 	SBCI R31,HIGH(-@0)
                 	ST   Z+,R26
                 	ST   Z,R27
                 	.ENDM
                 
                 	.MACRO __PUTD2SX
                 	MOVW R30,R28
                 	SUBI R30,LOW(-@0)
                 	SBCI R31,HIGH(-@0)
                 	ST   Z+,R26
                 	ST   Z+,R27
                 	ST   Z+,R24
                 	ST   Z,R25
                 	.ENDM
                 
                 	.MACRO __PUTBSRX
                 	MOVW R30,R28
                 	SUBI R30,LOW(-@1)
                 	SBCI R31,HIGH(-@1)
                 	ST   Z,R@0
                 	.ENDM
                 
                 	.MACRO __PUTWSRX
                 	MOVW R30,R28
                 	SUBI R30,LOW(-@2)
                 	SBCI R31,HIGH(-@2)
                 	ST   Z+,R@0
                 	ST   Z,R@1
                 	.ENDM
                 
                 	.MACRO __PUTB1SNX
                 	MOVW R26,R28
                 	SUBI R26,LOW(-@0)
                 	SBCI R27,HIGH(-@0)
                 	LD   R0,X+
                 	LD   R27,X
                 	MOV  R26,R0
                 	SUBI R26,LOW(-@1)
                 	SBCI R27,HIGH(-@1)
                 	ST   X,R30
                 	.ENDM
                 
                 	.MACRO __PUTW1SNX
                 	MOVW R26,R28
                 	SUBI R26,LOW(-@0)
                 	SBCI R27,HIGH(-@0)
                 	LD   R0,X+
                 	LD   R27,X
                 	MOV  R26,R0
                 	SUBI R26,LOW(-@1)
                 	SBCI R27,HIGH(-@1)
                 	ST   X+,R30
                 	ST   X,R31
                 	.ENDM
                 
                 	.MACRO __PUTD1SNX
                 	MOVW R26,R28
                 	SUBI R26,LOW(-@0)
                 	SBCI R27,HIGH(-@0)
                 	LD   R0,X+
                 	LD   R27,X
                 	MOV  R26,R0
                 	SUBI R26,LOW(-@1)
                 	SBCI R27,HIGH(-@1)
                 	ST   X+,R30
                 	ST   X+,R31
                 	ST   X+,R22
                 	ST   X,R23
                 	.ENDM
                 
                 	.MACRO __MULBRR
                 	MULS R@0,R@1
                 	MOVW R30,R0
                 	.ENDM
                 
                 	.MACRO __MULBRRU
                 	MUL  R@0,R@1
                 	MOVW R30,R0
                 	.ENDM
                 
                 	.MACRO __MULBRR0
                 	MULS R@0,R@1
                 	.ENDM
                 
                 	.MACRO __MULBRRU0
                 	MUL  R@0,R@1
                 	.ENDM
                 
                 	.MACRO __MULBNWRU
                 	LDI  R26,@2
                 	MUL  R26,R@0
                 	MOVW R30,R0
                 	MUL  R26,R@1
                 	ADD  R31,R0
                 	.ENDM
                 
                 ;NAME DEFINITIONS FOR GLOBAL VARIABLES ALLOCATED TO REGISTERS
                 	.DEF _num=R4
                 	.DEF _num_msb=R5
                 	.DEF _str=R6
                 	.DEF _str_msb=R7
                 	.DEF __lcd_x=R9
                 	.DEF __lcd_y=R8
                 	.DEF __lcd_maxx=R11
                 
                 	.CSEG
                 	.ORG 0x00
                 
                 ;START OF CODE MARKER
                 __START_OF_CODE:
                 
                 ;INTERRUPT VECTORS
000000 940c 0038 	JMP  __RESET
000002 940c 0000 	JMP  0x00
000004 940c 0000 	JMP  0x00
000006 940c 0000 	JMP  0x00
000008 940c 0000 	JMP  0x00
00000a 940c 0000 	JMP  0x00
00000c 940c 0000 	JMP  0x00
00000e 940c 0000 	JMP  0x00
000010 940c 0000 	JMP  0x00
000012 940c 0065 	JMP  _timer0_ovf_isr
000014 940c 0000 	JMP  0x00
000016 940c 0000 	JMP  0x00
000018 940c 0000 	JMP  0x00
00001a 940c 0000 	JMP  0x00
00001c 940c 0000 	JMP  0x00
00001e 940c 0000 	JMP  0x00
000020 940c 0000 	JMP  0x00
000022 940c 0000 	JMP  0x00
000024 940c 0000 	JMP  0x00
000026 940c 0000 	JMP  0x00
000028 940c 0000 	JMP  0x00
                 
                 _0x2000003:
00002a c080      	.DB  0x80,0xC0
                 _0x2020060:
C:\Users\NooShin\Desktop\Lab\6\Q1\Debug\List\a.asm(1128): warning: .cseg .db misalignment - padding zero byte
00002b 0001      	.DB  0x1
                 _0x2020000:
00002c 4e2d
00002d 4e41
00002e 4900
00002f 464e      	.DB  0x2D,0x4E,0x41,0x4E,0x0,0x49,0x4E,0x46
C:\Users\NooShin\Desktop\Lab\6\Q1\Debug\List\a.asm(1131): warning: .cseg .db misalignment - padding zero byte
000030 0000      	.DB  0x0
                 
                 __GLOBAL_INI_TBL:
000031 0002      	.DW  0x02
000032 0160      	.DW  __base_y_G100
000033 0054      	.DW  _0x2000003*2
                 
000034 0001      	.DW  0x01
000035 0164      	.DW  __seed_G101
000036 0056      	.DW  _0x2020060*2
                 
                 _0xFFFFFFFF:
000037 0000      	.DW  0
                 
                 #define __GLOBAL_INI_TBL_PRESENT 1
                 
                 __RESET:
000038 94f8      	CLI
000039 27ee      	CLR  R30
00003a bbec      	OUT  EECR,R30
                 
                 ;INTERRUPT VECTORS ARE PLACED
                 ;AT THE START OF FLASH
00003b e0f1      	LDI  R31,1
00003c bffb      	OUT  GICR,R31
00003d bfeb      	OUT  GICR,R30
00003e bfe5      	OUT  MCUCR,R30
                 
                 ;CLEAR R2-R14
00003f e08d      	LDI  R24,(14-2)+1
000040 e0a2      	LDI  R26,2
000041 27bb      	CLR  R27
                 __CLEAR_REG:
000042 93ed      	ST   X+,R30
000043 958a      	DEC  R24
000044 f7e9      	BRNE __CLEAR_REG
                 
                 ;CLEAR SRAM
000045 e080      	LDI  R24,LOW(__CLEAR_SRAM_SIZE)
000046 e094      	LDI  R25,HIGH(__CLEAR_SRAM_SIZE)
000047 e6a0      	LDI  R26,__SRAM_START
                 __CLEAR_SRAM:
000048 93ed      	ST   X+,R30
000049 9701      	SBIW R24,1
00004a f7e9      	BRNE __CLEAR_SRAM
                 
                 ;GLOBAL VARIABLES INITIALIZATION
00004b e6e2      	LDI  R30,LOW(__GLOBAL_INI_TBL*2)
00004c e0f0      	LDI  R31,HIGH(__GLOBAL_INI_TBL*2)
                 __GLOBAL_INI_NEXT:
00004d 9185      	LPM  R24,Z+
00004e 9195      	LPM  R25,Z+
00004f 9700      	SBIW R24,0
000050 f061      	BREQ __GLOBAL_INI_END
000051 91a5      	LPM  R26,Z+
000052 91b5      	LPM  R27,Z+
000053 9005      	LPM  R0,Z+
000054 9015      	LPM  R1,Z+
000055 01bf      	MOVW R22,R30
000056 01f0      	MOVW R30,R0
                 __GLOBAL_INI_LOOP:
000057 9005      	LPM  R0,Z+
000058 920d      	ST   X+,R0
000059 9701      	SBIW R24,1
00005a f7e1      	BRNE __GLOBAL_INI_LOOP
00005b 01fb      	MOVW R30,R22
00005c cff0      	RJMP __GLOBAL_INI_NEXT
                 __GLOBAL_INI_END:
                 
                 ;HARDWARE STACK POINTER INITIALIZATION
00005d e5ef      	LDI  R30,LOW(__SRAM_END-__HEAP_SIZE)
00005e bfed      	OUT  SPL,R30
00005f e0e4      	LDI  R30,HIGH(__SRAM_END-__HEAP_SIZE)
000060 bfee      	OUT  SPH,R30
                 
                 ;DATA STACK POINTER INITIALIZATION
000061 e6c0      	LDI  R28,LOW(__SRAM_START+__DSTACK_SIZE)
000062 e0d1      	LDI  R29,HIGH(__SRAM_START+__DSTACK_SIZE)
                 
000063 940c 0077 	JMP  _main
                 
                 	.ESEG
                 	.ORG 0
                 
                 	.DSEG
                 	.ORG 0x160
                 
                 	.CSEG
                 ;/*******************************************************
                 ;This program was created by the
                 ;CodeWizardAVR V3.12 Advanced
                 ;Automatic Program Generator
                 ;© Copyright 1998-2014 Pavel Haiduc, HP InfoTech s.r.l.
                 ;http://www.hpinfotech.com
                 ;
                 ;Project :
                 ;Version :
                 ;Date    : 12/18/2018
                 ;Author  :
                 ;Company :
                 ;Comments:
                 ;
                 ;
                 ;Chip type               : ATmega16
                 ;Program type            : Application
                 ;AVR Core Clock frequency: 8.000000 MHz
                 ;Memory model            : Small
                 ;External RAM size       : 0
                 ;Data Stack size         : 256
                 ;*******************************************************/
                 ;
                 ;#include <mega16.h>
                 	#ifndef __SLEEP_DEFINED__
                 	#define __SLEEP_DEFINED__
                 	.EQU __se_bit=0x40
                 	.EQU __sm_mask=0xB0
                 	.EQU __sm_powerdown=0x20
                 	.EQU __sm_powersave=0x30
                 	.EQU __sm_standby=0xA0
                 	.EQU __sm_ext_standby=0xB0
                 	.EQU __sm_adc_noise_red=0x10
                 	.SET power_ctrl_reg=mcucr
                 	#endif
                 ;
                 ;#include <delay.h>
                 ;
                 ;// Alphanumeric LCD functions
                 ;#include <alcd.h>
                 ;#include <stdlib.h>
                 ;// Declare your global variables here
                 ;
                 ;int num;
                 ;char *str;
                 ;
                 ;// Timer 0 overflow interrupt service routine
                 ;interrupt [TIM0_OVF] void timer0_ovf_isr(void)
                 ; 0000 0026 {
                 
                 	.CSEG
                 _timer0_ovf_isr:
                 ; .FSTART _timer0_ovf_isr
000065 93ea      	ST   -Y,R30
                 ; 0000 0027 // Reinitialize Timer 0 value
                 ; 0000 0028 TCNT0=0xB2;
000066 ebe2      	LDI  R30,LOW(178)
000067 bfe2      	OUT  0x32,R30
                 ; 0000 0029 // Place your code here
                 ; 0000 002A 
                 ; 0000 002B }
000068 91e9      	LD   R30,Y+
000069 9518      	RETI
                 ; .FEND
                 ;
                 ;// Voltage Reference: AVCC pin
                 ;#define ADC_VREF_TYPE ((0<<REFS1) | (1<<REFS0) | (0<<ADLAR))
                 ;
                 ;// ADC interrupt service routine
                 ;//interrupt [ADC_INT] void adc_isr(void)
                 ;//{
                 ;//unsigned int adc_data;
                 ;// Read the AD conversion result
                 ;//adc_data=ADCW;
                 ;// Place your code here
                 ;//}
                 ;
                 ;// Read the 8 most significant bits
                 ;// of the AD conversion result
                 ;unsigned char read_adc(unsigned char adc_input)
                 ; 0000 003C {
                 _read_adc:
                 ; .FSTART _read_adc
                 ; 0000 003D ADMUX=adc_input | ADC_VREF_TYPE;
00006a 93aa      	ST   -Y,R26
                 ;	adc_input -> Y+0
00006b 81e8      	LD   R30,Y
00006c 64e0      	ORI  R30,0x40
00006d b9e7      	OUT  0x7,R30
                 ; 0000 003E // Delay needed for the stabilization of the ADC input voltage
                 ; 0000 003F delay_us(10);
                +
00006e e18b     +LDI R24 , LOW ( 27 )
                +__DELAY_USB_LOOP :
00006f 958a     +DEC R24
000070 f7f1     +BRNE __DELAY_USB_LOOP
                 	__DELAY_USB 27
                 ; 0000 0040 // Start the AD conversion
                 ; 0000 0041 ADCSRA|=(1<<ADSC);
000071 9a36      	SBI  0x6,6
                 ; 0000 0042 // Wait for the AD conversion to complete
                 ; 0000 0043 while ((ADCSRA & (1<<ADIF))==0);
                 _0x3:
000072 9b34      	SBIS 0x6,4
000073 cffe      	RJMP _0x3
                 ; 0000 0044 ADCSRA|=(1<<ADIF);
000074 9a34      	SBI  0x6,4
                 ; 0000 0045 return ADCH;
000075 b1e5      	IN   R30,0x5
000076 c0bf      	RJMP _0x20A0001
                 ; 0000 0046 }
                 ; .FEND
                 ;void main(void)
                 ; 0000 0048 {
                 _main:
                 ; .FSTART _main
                 ; 0000 0049 // Declare your local variables here
                 ; 0000 004A 
                 ; 0000 004B // Input/Output Ports initialization
                 ; 0000 004C // Port A initialization
                 ; 0000 004D // Function: Bit7=In Bit6=In Bit5=In Bit4=In Bit3=In Bit2=In Bit1=In Bit0=In
                 ; 0000 004E DDRA=(0<<DDA7) | (0<<DDA6) | (0<<DDA5) | (0<<DDA4) | (0<<DDA3) | (0<<DDA2) | (0<<DDA1) | (0<<DDA0);
000077 e0e0      	LDI  R30,LOW(0)
000078 bbea      	OUT  0x1A,R30
                 ; 0000 004F // State: Bit7=T Bit6=T Bit5=T Bit4=T Bit3=T Bit2=T Bit1=T Bit0=T
                 ; 0000 0050 PORTA=(0<<PORTA7) | (0<<PORTA6) | (0<<PORTA5) | (0<<PORTA4) | (0<<PORTA3) | (0<<PORTA2) | (0<<PORTA1) | (0<<PORTA0);
000079 bbeb      	OUT  0x1B,R30
                 ; 0000 0051 
                 ; 0000 0052 // Port B initialization
                 ; 0000 0053 // Function: Bit7=In Bit6=In Bit5=In Bit4=In Bit3=In Bit2=In Bit1=In Bit0=In
                 ; 0000 0054 DDRB=(0<<DDB7) | (0<<DDB6) | (0<<DDB5) | (0<<DDB4) | (0<<DDB3) | (0<<DDB2) | (0<<DDB1) | (0<<DDB0);
00007a bbe7      	OUT  0x17,R30
                 ; 0000 0055 // State: Bit7=T Bit6=T Bit5=T Bit4=T Bit3=T Bit2=T Bit1=T Bit0=T
                 ; 0000 0056 PORTB=(0<<PORTB7) | (0<<PORTB6) | (0<<PORTB5) | (0<<PORTB4) | (0<<PORTB3) | (0<<PORTB2) | (0<<PORTB1) | (0<<PORTB0);
00007b bbe8      	OUT  0x18,R30
                 ; 0000 0057 
                 ; 0000 0058 // Port C initialization
                 ; 0000 0059 // Function: Bit7=In Bit6=In Bit5=In Bit4=In Bit3=In Bit2=In Bit1=In Bit0=In
                 ; 0000 005A DDRC=(0<<DDC7) | (0<<DDC6) | (0<<DDC5) | (0<<DDC4) | (0<<DDC3) | (0<<DDC2) | (0<<DDC1) | (0<<DDC0);
00007c bbe4      	OUT  0x14,R30
                 ; 0000 005B // State: Bit7=T Bit6=T Bit5=T Bit4=T Bit3=T Bit2=T Bit1=T Bit0=T
                 ; 0000 005C PORTC=(0<<PORTC7) | (0<<PORTC6) | (0<<PORTC5) | (0<<PORTC4) | (0<<PORTC3) | (0<<PORTC2) | (0<<PORTC1) | (0<<PORTC0);
00007d bbe5      	OUT  0x15,R30
                 ; 0000 005D 
                 ; 0000 005E // Port D initialization
                 ; 0000 005F // Function: Bit7=Out Bit6=Out Bit5=Out Bit4=Out Bit3=Out Bit2=Out Bit1=Out Bit0=Out
                 ; 0000 0060 DDRD=(1<<DDD7) | (1<<DDD6) | (1<<DDD5) | (1<<DDD4) | (1<<DDD3) | (1<<DDD2) | (1<<DDD1) | (1<<DDD0);
00007e efef      	LDI  R30,LOW(255)
00007f bbe1      	OUT  0x11,R30
                 ; 0000 0061 // State: Bit7=0 Bit6=0 Bit5=0 Bit4=0 Bit3=0 Bit2=0 Bit1=0 Bit0=0
                 ; 0000 0062 PORTD=(0<<PORTD7) | (0<<PORTD6) | (0<<PORTD5) | (0<<PORTD4) | (0<<PORTD3) | (0<<PORTD2) | (0<<PORTD1) | (0<<PORTD0);
000080 e0e0      	LDI  R30,LOW(0)
000081 bbe2      	OUT  0x12,R30
                 ; 0000 0063 
                 ; 0000 0064 // Timer/Counter 0 initialization
                 ; 0000 0065 // Clock source: System Clock
                 ; 0000 0066 // Clock value: 7.813 kHz
                 ; 0000 0067 // Mode: Normal top=0xFF
                 ; 0000 0068 // OC0 output: Disconnected
                 ; 0000 0069 // Timer Period: 9.984 ms
                 ; 0000 006A TCCR0=(0<<WGM00) | (0<<COM01) | (0<<COM00) | (0<<WGM01) | (1<<CS02) | (0<<CS01) | (1<<CS00);
000082 e0e5      	LDI  R30,LOW(5)
000083 bfe3      	OUT  0x33,R30
                 ; 0000 006B TCNT0=0xB2;
000084 ebe2      	LDI  R30,LOW(178)
000085 bfe2      	OUT  0x32,R30
                 ; 0000 006C OCR0=0x00;
000086 e0e0      	LDI  R30,LOW(0)
000087 bfec      	OUT  0x3C,R30
                 ; 0000 006D 
                 ; 0000 006E // Timer/Counter 1 initialization
                 ; 0000 006F // Clock source: System Clock
                 ; 0000 0070 // Clock value: Timer1 Stopped
                 ; 0000 0071 // Mode: Normal top=0xFFFF
                 ; 0000 0072 // OC1A output: Disconnected
                 ; 0000 0073 // OC1B output: Disconnected
                 ; 0000 0074 // Noise Canceler: Off
                 ; 0000 0075 // Input Capture on Falling Edge
                 ; 0000 0076 // Timer1 Overflow Interrupt: Off
                 ; 0000 0077 // Input Capture Interrupt: Off
                 ; 0000 0078 // Compare A Match Interrupt: Off
                 ; 0000 0079 // Compare B Match Interrupt: Off
                 ; 0000 007A TCCR1A=(0<<COM1A1) | (0<<COM1A0) | (0<<COM1B1) | (0<<COM1B0) | (0<<WGM11) | (0<<WGM10);
000088 bdef      	OUT  0x2F,R30
                 ; 0000 007B TCCR1B=(0<<ICNC1) | (0<<ICES1) | (0<<WGM13) | (0<<WGM12) | (0<<CS12) | (0<<CS11) | (0<<CS10);
000089 bdee      	OUT  0x2E,R30
                 ; 0000 007C TCNT1H=0x00;
00008a bded      	OUT  0x2D,R30
                 ; 0000 007D TCNT1L=0x00;
00008b bdec      	OUT  0x2C,R30
                 ; 0000 007E ICR1H=0x00;
00008c bde7      	OUT  0x27,R30
                 ; 0000 007F ICR1L=0x00;
00008d bde6      	OUT  0x26,R30
                 ; 0000 0080 OCR1AH=0x00;
00008e bdeb      	OUT  0x2B,R30
                 ; 0000 0081 OCR1AL=0x00;
00008f bdea      	OUT  0x2A,R30
                 ; 0000 0082 OCR1BH=0x00;
000090 bde9      	OUT  0x29,R30
                 ; 0000 0083 OCR1BL=0x00;
000091 bde8      	OUT  0x28,R30
                 ; 0000 0084 
                 ; 0000 0085 // Timer/Counter 2 initialization
                 ; 0000 0086 // Clock source: System Clock
                 ; 0000 0087 // Clock value: Timer2 Stopped
                 ; 0000 0088 // Mode: Normal top=0xFF
                 ; 0000 0089 // OC2 output: Disconnected
                 ; 0000 008A ASSR=0<<AS2;
000092 bde2      	OUT  0x22,R30
                 ; 0000 008B TCCR2=(0<<PWM2) | (0<<COM21) | (0<<COM20) | (0<<CTC2) | (0<<CS22) | (0<<CS21) | (0<<CS20);
000093 bde5      	OUT  0x25,R30
                 ; 0000 008C TCNT2=0x00;
000094 bde4      	OUT  0x24,R30
                 ; 0000 008D OCR2=0x00;
000095 bde3      	OUT  0x23,R30
                 ; 0000 008E 
                 ; 0000 008F // Timer(s)/Counter(s) Interrupt(s) initialization
                 ; 0000 0090 TIMSK=(0<<OCIE2) | (0<<TOIE2) | (0<<TICIE1) | (0<<OCIE1A) | (0<<OCIE1B) | (0<<TOIE1) | (0<<OCIE0) | (1<<TOIE0);
000096 e0e1      	LDI  R30,LOW(1)
000097 bfe9      	OUT  0x39,R30
                 ; 0000 0091 
                 ; 0000 0092 // External Interrupt(s) initialization
                 ; 0000 0093 // INT0: Off
                 ; 0000 0094 // INT1: Off
                 ; 0000 0095 // INT2: Off
                 ; 0000 0096 MCUCR=(0<<ISC11) | (0<<ISC10) | (0<<ISC01) | (0<<ISC00);
000098 e0e0      	LDI  R30,LOW(0)
000099 bfe5      	OUT  0x35,R30
                 ; 0000 0097 MCUCSR=(0<<ISC2);
00009a bfe4      	OUT  0x34,R30
                 ; 0000 0098 
                 ; 0000 0099 // USART initialization
                 ; 0000 009A // USART disabled
                 ; 0000 009B UCSRB=(0<<RXCIE) | (0<<TXCIE) | (0<<UDRIE) | (0<<RXEN) | (0<<TXEN) | (0<<UCSZ2) | (0<<RXB8) | (0<<TXB8);
00009b b9ea      	OUT  0xA,R30
                 ; 0000 009C 
                 ; 0000 009D // Analog Comparator initialization
                 ; 0000 009E // Analog Comparator: Off
                 ; 0000 009F // The Analog Comparator's positive input is
                 ; 0000 00A0 // connected to the AIN0 pin
                 ; 0000 00A1 // The Analog Comparator's negative input is
                 ; 0000 00A2 // connected to the AIN1 pin
                 ; 0000 00A3 ACSR=(1<<ACD) | (0<<ACBG) | (0<<ACO) | (0<<ACI) | (0<<ACIE) | (0<<ACIC) | (0<<ACIS1) | (0<<ACIS0);
00009c e8e0      	LDI  R30,LOW(128)
00009d b9e8      	OUT  0x8,R30
                 ; 0000 00A4 
                 ; 0000 00A5 // ADC initialization
                 ; 0000 00A6 // ADC Clock frequency: 1000.000 kHz
                 ; 0000 00A7 // ADC Voltage Reference: AVCC pin
                 ; 0000 00A8 // ADC Auto Trigger Source: ADC Stopped
                 ; 0000 00A9 ADMUX=ADC_VREF_TYPE;
00009e e4e0      	LDI  R30,LOW(64)
00009f b9e7      	OUT  0x7,R30
                 ; 0000 00AA ADCSRA=(1<<ADEN) | (0<<ADSC) | (0<<ADATE) | (0<<ADIF) | (1<<ADIE) | (0<<ADPS2) | (1<<ADPS1) | (1<<ADPS0);
0000a0 e8eb      	LDI  R30,LOW(139)
0000a1 b9e6      	OUT  0x6,R30
                 ; 0000 00AB SFIOR=(0<<ADTS2) | (0<<ADTS1) | (0<<ADTS0);
0000a2 e0e0      	LDI  R30,LOW(0)
0000a3 bfe0      	OUT  0x30,R30
                 ; 0000 00AC 
                 ; 0000 00AD // SPI initialization
                 ; 0000 00AE // SPI disabled
                 ; 0000 00AF SPCR=(0<<SPIE) | (0<<SPE) | (0<<DORD) | (0<<MSTR) | (0<<CPOL) | (0<<CPHA) | (0<<SPR1) | (0<<SPR0);
0000a4 b9ed      	OUT  0xD,R30
                 ; 0000 00B0 
                 ; 0000 00B1 // TWI initialization
                 ; 0000 00B2 // TWI disabled
                 ; 0000 00B3 TWCR=(0<<TWEA) | (0<<TWSTA) | (0<<TWSTO) | (0<<TWEN) | (0<<TWIE);
0000a5 bfe6      	OUT  0x36,R30
                 ; 0000 00B4 
                 ; 0000 00B5 // Alphanumeric LCD initialization
                 ; 0000 00B6 // Connections are specified in the
                 ; 0000 00B7 // Project|Configure|C Compiler|Libraries|Alphanumeric LCD menu:
                 ; 0000 00B8 // RS - PORTD Bit 0
                 ; 0000 00B9 // RD - PORTD Bit 1
                 ; 0000 00BA // EN - PORTD Bit 2
                 ; 0000 00BB // D4 - PORTD Bit 4
                 ; 0000 00BC // D5 - PORTD Bit 5
                 ; 0000 00BD // D6 - PORTD Bit 6
                 ; 0000 00BE // D7 - PORTD Bit 7
                 ; 0000 00BF // Characters/line: 8
                 ; 0000 00C0 lcd_init(8);
0000a6 e0a8      	LDI  R26,LOW(8)
0000a7 d062      	RCALL _lcd_init
                 ; 0000 00C1 
                 ; 0000 00C2 // Global enable interrupts
                 ; 0000 00C3 #asm("sei")
0000a8 9478      	sei
                 ; 0000 00C4 
                 ; 0000 00C5 while (1)
                 _0x6:
                 ; 0000 00C6       {
                 ; 0000 00C7          num = read_adc('0');
0000a9 e3a0      	LDI  R26,LOW(48)
0000aa dfbf      	RCALL _read_adc
0000ab 2e4e      	MOV  R4,R30
0000ac 2455      	CLR  R5
                 ; 0000 00C8          ltoa(num, str);
0000ad 01f2      	MOVW R30,R4
0000ae 940e 01c3 	CALL __CWD1
0000b0 940e 01f1 	CALL __PUTPARD1
0000b2 01d3      	MOVW R26,R6
0000b3 940e 0138 	CALL _ltoa
                 ; 0000 00C9          lcd_gotoxy(0,0);
0000b5 e0e0      	LDI  R30,LOW(0)
0000b6 93ea      	ST   -Y,R30
0000b7 e0a0      	LDI  R26,LOW(0)
0000b8 d024      	RCALL _lcd_gotoxy
                 ; 0000 00CA          //lcd_puts(str);
                 ; 0000 00CB          lcd_putchar('d');
0000b9 e6a4      	LDI  R26,LOW(100)
0000ba d03b      	RCALL _lcd_putchar
                 ; 0000 00CC       }
0000bb cfed      	RJMP _0x6
                 ; 0000 00CD }
                 _0x9:
0000bc cfff      	RJMP _0x9
                 ; .FEND
                 	#ifndef __SLEEP_DEFINED__
                 	#endif
                 
                 	.DSEG
                 
                 	.CSEG
                 __lcd_write_nibble_G100:
                 ; .FSTART __lcd_write_nibble_G100
0000bd 93aa      	ST   -Y,R26
0000be b3e2      	IN   R30,0x12
0000bf 70ef      	ANDI R30,LOW(0xF)
0000c0 2fae      	MOV  R26,R30
0000c1 81e8      	LD   R30,Y
0000c2 7fe0      	ANDI R30,LOW(0xF0)
0000c3 2bea      	OR   R30,R26
0000c4 bbe2      	OUT  0x12,R30
                +
0000c5 e08d     +LDI R24 , LOW ( 13 )
                +__DELAY_USB_LOOP :
0000c6 958a     +DEC R24
0000c7 f7f1     +BRNE __DELAY_USB_LOOP
                 	__DELAY_USB 13
0000c8 9a92      	SBI  0x12,2
                +
0000c9 e08d     +LDI R24 , LOW ( 13 )
                +__DELAY_USB_LOOP :
0000ca 958a     +DEC R24
0000cb f7f1     +BRNE __DELAY_USB_LOOP
                 	__DELAY_USB 13
0000cc 9892      	CBI  0x12,2
                +
0000cd e08d     +LDI R24 , LOW ( 13 )
                +__DELAY_USB_LOOP :
0000ce 958a     +DEC R24
0000cf f7f1     +BRNE __DELAY_USB_LOOP
                 	__DELAY_USB 13
0000d0 c065      	RJMP _0x20A0001
                 ; .FEND
                 __lcd_write_data:
                 ; .FSTART __lcd_write_data
0000d1 93aa      	ST   -Y,R26
0000d2 81a8      	LD   R26,Y
0000d3 dfe9      	RCALL __lcd_write_nibble_G100
0000d4 81e8          ld    r30,y
0000d5 95e2          swap  r30
0000d6 83e8          st    y,r30
0000d7 81a8      	LD   R26,Y
0000d8 dfe4      	RCALL __lcd_write_nibble_G100
                +
0000d9 e885     +LDI R24 , LOW ( 133 )
                +__DELAY_USB_LOOP :
0000da 958a     +DEC R24
0000db f7f1     +BRNE __DELAY_USB_LOOP
                 	__DELAY_USB 133
0000dc c059      	RJMP _0x20A0001
                 ; .FEND
                 _lcd_gotoxy:
                 ; .FSTART _lcd_gotoxy
0000dd 93aa      	ST   -Y,R26
0000de 81e8      	LD   R30,Y
0000df e0f0      	LDI  R31,0
0000e0 5ae0      	SUBI R30,LOW(-__base_y_G100)
0000e1 4ffe      	SBCI R31,HIGH(-__base_y_G100)
0000e2 81e0      	LD   R30,Z
0000e3 81a9      	LDD  R26,Y+1
0000e4 0fae      	ADD  R26,R30
0000e5 dfeb      	RCALL __lcd_write_data
0000e6 8099      	LDD  R9,Y+1
0000e7 8088      	LDD  R8,Y+0
0000e8 9622      	ADIW R28,2
0000e9 9508      	RET
                 ; .FEND
                 _lcd_clear:
                 ; .FSTART _lcd_clear
0000ea e0a2      	LDI  R26,LOW(2)
0000eb 940e 0193 	CALL SUBOPT_0x0
0000ed e0ac      	LDI  R26,LOW(12)
0000ee dfe2      	RCALL __lcd_write_data
0000ef e0a1      	LDI  R26,LOW(1)
0000f0 940e 0193 	CALL SUBOPT_0x0
0000f2 e0e0      	LDI  R30,LOW(0)
0000f3 2e8e      	MOV  R8,R30
0000f4 2e9e      	MOV  R9,R30
0000f5 9508      	RET
                 ; .FEND
                 _lcd_putchar:
                 ; .FSTART _lcd_putchar
0000f6 93aa      	ST   -Y,R26
0000f7 81a8      	LD   R26,Y
0000f8 30aa      	CPI  R26,LOW(0xA)
0000f9 f011      	BREQ _0x2000005
0000fa 149b      	CP   R9,R11
0000fb f040      	BRLO _0x2000004
                 _0x2000005:
0000fc e0e0      	LDI  R30,LOW(0)
0000fd 93ea      	ST   -Y,R30
0000fe 9483      	INC  R8
0000ff 2da8      	MOV  R26,R8
000100 dfdc      	RCALL _lcd_gotoxy
000101 81a8      	LD   R26,Y
000102 30aa      	CPI  R26,LOW(0xA)
000103 f191      	BREQ _0x20A0001
                 _0x2000004:
000104 9493      	INC  R9
000105 9a90      	SBI  0x12,0
000106 81a8      	LD   R26,Y
000107 dfc9      	RCALL __lcd_write_data
000108 9890      	CBI  0x12,0
000109 c02c      	RJMP _0x20A0001
                 ; .FEND
                 _lcd_init:
                 ; .FSTART _lcd_init
00010a 93aa      	ST   -Y,R26
00010b b3e1      	IN   R30,0x11
00010c 6fe0      	ORI  R30,LOW(0xF0)
00010d bbe1      	OUT  0x11,R30
00010e 9a8a      	SBI  0x11,2
00010f 9a88      	SBI  0x11,0
000110 9a89      	SBI  0x11,1
000111 9892      	CBI  0x12,2
000112 9890      	CBI  0x12,0
000113 9891      	CBI  0x12,1
000114 80b8      	LDD  R11,Y+0
000115 81e8      	LD   R30,Y
000116 58e0      	SUBI R30,-LOW(128)
                +
000117 93e0 0162+STS __base_y_G100 + ( 2 ) , R30
                 	__PUTB1MN __base_y_G100,2
000119 81e8      	LD   R30,Y
00011a 54e0      	SUBI R30,-LOW(192)
                +
00011b 93e0 0163+STS __base_y_G100 + ( 3 ) , R30
                 	__PUTB1MN __base_y_G100,3
00011d e1a4      	LDI  R26,LOW(20)
00011e e0b0      	LDI  R27,0
00011f 940e 01b1 	CALL _delay_ms
000121 940e 0199 	CALL SUBOPT_0x1
000123 940e 0199 	CALL SUBOPT_0x1
000125 940e 0199 	CALL SUBOPT_0x1
000127 e2a0      	LDI  R26,LOW(32)
000128 df94      	RCALL __lcd_write_nibble_G100
                +
000129 ec88     +LDI R24 , LOW ( 200 )
00012a e090     +LDI R25 , HIGH ( 200 )
                +__DELAY_USW_LOOP :
00012b 9701     +SBIW R24 , 1
00012c f7f1     +BRNE __DELAY_USW_LOOP
                 	__DELAY_USW 200
00012d e2a8      	LDI  R26,LOW(40)
00012e dfa2      	RCALL __lcd_write_data
00012f e0a4      	LDI  R26,LOW(4)
000130 dfa0      	RCALL __lcd_write_data
000131 e8a5      	LDI  R26,LOW(133)
000132 df9e      	RCALL __lcd_write_data
000133 e0a6      	LDI  R26,LOW(6)
000134 df9c      	RCALL __lcd_write_data
000135 dfb4      	RCALL _lcd_clear
                 _0x20A0001:
000136 9621      	ADIW R28,1
000137 9508      	RET
                 ; .FEND
                 
                 	.CSEG
                 _ltoa:
                 ; .FSTART _ltoa
000138 93ba      	ST   -Y,R27
000139 93aa      	ST   -Y,R26
00013a 9724      	SBIW R28,4
00013b 931a      	ST   -Y,R17
00013c 930a      	ST   -Y,R16
                +
00013d e0e0     +LDI R30 , LOW ( 0x3B9ACA00 )
00013e ecfa     +LDI R31 , HIGH ( 0x3B9ACA00 )
00013f e96a     +LDI R22 , BYTE3 ( 0x3B9ACA00 )
000140 e37b     +LDI R23 , BYTE4 ( 0x3B9ACA00 )
                 	__GETD1N 0x3B9ACA00
                +
000141 83ea     +STD Y + 2 , R30
000142 83fb     +STD Y + 2 + 1 , R31
000143 836c     +STD Y + 2 + 2 , R22
000144 837d     +STD Y + 2 + 3 , R23
                 	__PUTD1S 2
000145 e000      	LDI  R16,LOW(0)
000146 85ab      	LDD  R26,Y+11
000147 23aa      	TST  R26
000148 f472      	BRPL _0x2020003
                +
000149 85e8     +LDD R30 , Y + 8
00014a 85f9     +LDD R31 , Y + 8 + 1
00014b 856a     +LDD R22 , Y + 8 + 2
00014c 857b     +LDD R23 , Y + 8 + 3
                 	__GETD1S 8
00014d 940e 01bb 	CALL __ANEGD1
                +
00014f 87e8     +STD Y + 8 , R30
000150 87f9     +STD Y + 8 + 1 , R31
000151 876a     +STD Y + 8 + 2 , R22
000152 877b     +STD Y + 8 + 3 , R23
                 	__PUTD1S 8
000153 940e 01a1 	CALL SUBOPT_0x2
000155 e2ed      	LDI  R30,LOW(45)
000156 93ec      	ST   X,R30
                 _0x2020003:
                 _0x2020005:
000157 940e 01a8 	CALL SUBOPT_0x3
000159 940e 01c8 	CALL __DIVD21U
00015b 2f1e      	MOV  R17,R30
00015c 3010      	CPI  R17,0
00015d f471      	BRNE _0x2020008
00015e 3000      	CPI  R16,0
00015f f461      	BRNE _0x2020008
                +
000160 81aa     +LDD R26 , Y + 2
000161 81bb     +LDD R27 , Y + 2 + 1
000162 818c     +LDD R24 , Y + 2 + 2
000163 819d     +LDD R25 , Y + 2 + 3
                 	__GETD2S 2
                +
000164 30a1     +CPI R26 , LOW ( 0x1 )
000165 e0e0     +LDI R30 , HIGH ( 0x1 )
000166 07be     +CPC R27 , R30
000167 e0e0     +LDI R30 , BYTE3 ( 0x1 )
000168 078e     +CPC R24 , R30
000169 e0e0     +LDI R30 , BYTE4 ( 0x1 )
00016a 079e     +CPC R25 , R30
                 	__CPD2N 0x1
00016b f431      	BRNE _0x2020007
                 _0x2020008:
00016c 940e 01a1 	CALL SUBOPT_0x2
00016e 2fe1      	MOV  R30,R17
00016f 5de0      	SUBI R30,-LOW(48)
000170 93ec      	ST   X,R30
000171 e001      	LDI  R16,LOW(1)
                 _0x2020007:
000172 940e 01a8 	CALL SUBOPT_0x3
000174 940e 01ed 	CALL __MODD21U
                +
000176 87e8     +STD Y + 8 , R30
000177 87f9     +STD Y + 8 + 1 , R31
000178 876a     +STD Y + 8 + 2 , R22
000179 877b     +STD Y + 8 + 3 , R23
                 	__PUTD1S 8
                +
00017a 81aa     +LDD R26 , Y + 2
00017b 81bb     +LDD R27 , Y + 2 + 1
00017c 818c     +LDD R24 , Y + 2 + 2
00017d 819d     +LDD R25 , Y + 2 + 3
                 	__GETD2S 2
                +
00017e e0ea     +LDI R30 , LOW ( 0xA )
00017f e0f0     +LDI R31 , HIGH ( 0xA )
000180 e060     +LDI R22 , BYTE3 ( 0xA )
000181 e070     +LDI R23 , BYTE4 ( 0xA )
                 	__GETD1N 0xA
000182 940e 01c8 	CALL __DIVD21U
                +
000184 83ea     +STD Y + 2 , R30
000185 83fb     +STD Y + 2 + 1 , R31
000186 836c     +STD Y + 2 + 2 , R22
000187 837d     +STD Y + 2 + 3 , R23
                 	__PUTD1S 2
000188 940e 01f6 	CALL __CPD10
00018a f661      	BRNE _0x2020005
00018b 81ae      	LDD  R26,Y+6
00018c 81bf      	LDD  R27,Y+6+1
00018d e0e0      	LDI  R30,LOW(0)
00018e 93ec      	ST   X,R30
00018f 8119      	LDD  R17,Y+1
000190 8108      	LDD  R16,Y+0
000191 962c      	ADIW R28,12
000192 9508      	RET
                 ; .FEND
                 
                 	.DSEG
                 
                 	.CSEG
                 
                 	.CSEG
                 
                 	.CSEG
                 
                 	.CSEG
                 
                 	.DSEG
                 __base_y_G100:
000160           	.BYTE 0x4
                 __seed_G101:
000164           	.BYTE 0x4
                 
                 	.CSEG
                 ;OPTIMIZER ADDED SUBROUTINE, CALLED 2 TIMES, CODE SIZE REDUCTION:1 WORDS
                 SUBOPT_0x0:
000193 940e 00d1 	CALL __lcd_write_data
000195 e0a3      	LDI  R26,LOW(3)
000196 e0b0      	LDI  R27,0
000197 940c 01b1 	JMP  _delay_ms
                 
                 ;OPTIMIZER ADDED SUBROUTINE, CALLED 3 TIMES, CODE SIZE REDUCTION:7 WORDS
                 SUBOPT_0x1:
000199 e3a0      	LDI  R26,LOW(48)
00019a 940e 00bd 	CALL __lcd_write_nibble_G100
                +
00019c ec88     +LDI R24 , LOW ( 200 )
00019d e090     +LDI R25 , HIGH ( 200 )
                +__DELAY_USW_LOOP :
00019e 9701     +SBIW R24 , 1
00019f f7f1     +BRNE __DELAY_USW_LOOP
                 	__DELAY_USW 200
0001a0 9508      	RET
                 
                 ;OPTIMIZER ADDED SUBROUTINE, CALLED 2 TIMES, CODE SIZE REDUCTION:1 WORDS
                 SUBOPT_0x2:
0001a1 81ae      	LDD  R26,Y+6
0001a2 81bf      	LDD  R27,Y+6+1
0001a3 9611      	ADIW R26,1
0001a4 83ae      	STD  Y+6,R26
0001a5 83bf      	STD  Y+6+1,R27
0001a6 9711      	SBIW R26,1
0001a7 9508      	RET
                 
                 ;OPTIMIZER ADDED SUBROUTINE, CALLED 2 TIMES, CODE SIZE REDUCTION:3 WORDS
                 SUBOPT_0x3:
                +
0001a8 81ea     +LDD R30 , Y + 2
0001a9 81fb     +LDD R31 , Y + 2 + 1
0001aa 816c     +LDD R22 , Y + 2 + 2
0001ab 817d     +LDD R23 , Y + 2 + 3
                 	__GETD1S 2
                +
0001ac 85a8     +LDD R26 , Y + 8
0001ad 85b9     +LDD R27 , Y + 8 + 1
0001ae 858a     +LDD R24 , Y + 8 + 2
0001af 859b     +LDD R25 , Y + 8 + 3
                 	__GETD2S 8
0001b0 9508      	RET
                 
                 
                 	.CSEG
                 _delay_ms:
0001b1 9610      	adiw r26,0
0001b2 f039      	breq __delay_ms1
                 __delay_ms0:
                +
0001b3 ed80     +LDI R24 , LOW ( 0x7D0 )
0001b4 e097     +LDI R25 , HIGH ( 0x7D0 )
                +__DELAY_USW_LOOP :
0001b5 9701     +SBIW R24 , 1
0001b6 f7f1     +BRNE __DELAY_USW_LOOP
                 	__DELAY_USW 0x7D0
0001b7 95a8      	wdr
0001b8 9711      	sbiw r26,1
0001b9 f7c9      	brne __delay_ms0
                 __delay_ms1:
0001ba 9508      	ret
                 
                 __ANEGD1:
0001bb 95f0      	COM  R31
0001bc 9560      	COM  R22
0001bd 9570      	COM  R23
0001be 95e1      	NEG  R30
0001bf 4fff      	SBCI R31,-1
0001c0 4f6f      	SBCI R22,-1
0001c1 4f7f      	SBCI R23,-1
0001c2 9508      	RET
                 
                 __CWD1:
0001c3 2f6f      	MOV  R22,R31
0001c4 0f66      	ADD  R22,R22
0001c5 0b66      	SBC  R22,R22
0001c6 2f76      	MOV  R23,R22
0001c7 9508      	RET
                 
                 __DIVD21U:
0001c8 933f      	PUSH R19
0001c9 934f      	PUSH R20
0001ca 935f      	PUSH R21
0001cb 2400      	CLR  R0
0001cc 2411      	CLR  R1
0001cd 2744      	CLR  R20
0001ce 2755      	CLR  R21
0001cf e230      	LDI  R19,32
                 __DIVD21U1:
0001d0 0faa      	LSL  R26
0001d1 1fbb      	ROL  R27
0001d2 1f88      	ROL  R24
0001d3 1f99      	ROL  R25
0001d4 1c00      	ROL  R0
0001d5 1c11      	ROL  R1
0001d6 1f44      	ROL  R20
0001d7 1f55      	ROL  R21
0001d8 1a0e      	SUB  R0,R30
0001d9 0a1f      	SBC  R1,R31
0001da 0b46      	SBC  R20,R22
0001db 0b57      	SBC  R21,R23
0001dc f428      	BRCC __DIVD21U2
0001dd 0e0e      	ADD  R0,R30
0001de 1e1f      	ADC  R1,R31
0001df 1f46      	ADC  R20,R22
0001e0 1f57      	ADC  R21,R23
0001e1 c001      	RJMP __DIVD21U3
                 __DIVD21U2:
0001e2 60a1      	SBR  R26,1
                 __DIVD21U3:
0001e3 953a      	DEC  R19
0001e4 f759      	BRNE __DIVD21U1
0001e5 01fd      	MOVW R30,R26
0001e6 01bc      	MOVW R22,R24
0001e7 01d0      	MOVW R26,R0
0001e8 01ca      	MOVW R24,R20
0001e9 915f      	POP  R21
0001ea 914f      	POP  R20
0001eb 913f      	POP  R19
0001ec 9508      	RET
                 
                 __MODD21U:
0001ed dfda      	RCALL __DIVD21U
0001ee 01fd      	MOVW R30,R26
0001ef 01bc      	MOVW R22,R24
0001f0 9508      	RET
                 
                 __PUTPARD1:
0001f1 937a      	ST   -Y,R23
0001f2 936a      	ST   -Y,R22
0001f3 93fa      	ST   -Y,R31
0001f4 93ea      	ST   -Y,R30
0001f5 9508      	RET
                 
                 __CPD10:
0001f6 9730      	SBIW R30,0
0001f7 4060      	SBCI R22,0
0001f8 4070      	SBCI R23,0
0001f9 9508      	RET
                 
                 ;END OF CODE MARKER
                 __END_OF_CODE:


RESOURCE USE INFORMATION
------------------------

Notice:
The register and instruction counts are symbol table hit counts,
and hence implicitly used resources are not counted, eg, the
'lpm' instruction without operands implicitly uses r0 and z,
none of which are counted.

x,y,z are separate entities in the symbol table and are
counted separately from r26..r31 here.

.dseg memory usage only counts static data declared with .byte

ATmega16 register use summary:
r0 :   9 r1 :   5 r2 :   0 r3 :   0 r4 :   2 r5 :   1 r6 :   1 r7 :   0 
r8 :   4 r9 :   4 r10:   0 r11:   2 r12:   0 r13:   0 r14:   0 r15:   0 
r16:   5 r17:   5 r18:   0 r19:   4 r20:   7 r21:   6 r22:  24 r23:  15 
r24:  31 r25:  10 r26:  56 r27:  13 r28:   5 r29:   1 r30: 130 r31:  19 
x  :   6 y  :  79 z  :   8 
Registers used: 26 out of 35 (74.3%)

ATmega16 instruction use summary:
.lds  :   0 .lds.l:   0 .sts  :   0 .sts.l:   0 adc   :   3 add   :   3 
adiw  :   5 and   :   0 andi  :   2 asr   :   0 bclr  :   0 bld   :   0 
brbc  :   0 brbs  :   0 brcc  :   1 brcs  :   0 break :   0 breq  :   4 
brge  :   0 brhc  :   0 brhs  :   0 brid  :   0 brie  :   0 brlo  :   1 
brlt  :   0 brmi  :   0 brne  :  17 brpl  :   1 brsh  :   0 brtc  :   0 
brts  :   0 brvc  :   0 brvs  :   0 bset  :   0 bst   :   0 call  :  20 
cbi   :   5 cbr   :   0 clc   :   0 clh   :   0 cli   :   1 cln   :   0 
clr   :   7 cls   :   0 clt   :   0 clv   :   0 clz   :   0 com   :   3 
cp    :   1 cpc   :   3 cpi   :   5 cpse  :   0 dec   :   7 des   :   0 
eor   :   0 fmul  :   0 fmuls :   0 fmulsu:   0 icall :   0 ijmp  :   0 
in    :   3 inc   :   2 jmp   :  23 ld    :  13 ldd   :  31 ldi   :  73 
lds   :   0 lpm   :   7 lsl   :   1 lsr   :   0 mov   :   9 movw  :  11 
mul   :   0 muls  :   0 mulsu :   0 neg   :   1 nop   :   0 or    :   1 
ori   :   2 out   :  45 pop   :   3 push  :   3 rcall :  17 ret   :  14 
reti  :   1 rjmp  :   9 rol   :   7 ror   :   0 sbc   :   4 sbci  :   6 
sbi   :   7 sbic  :   0 sbis  :   1 sbiw  :  10 sbr   :   1 sbrc  :   0 
sbrs  :   0 sec   :   0 seh   :   0 sei   :   1 sen   :   0 ser   :   0 
ses   :   0 set   :   0 sev   :   0 sez   :   0 sleep :   0 spm   :   0 
st    :  24 std   :  18 sts   :   2 sub   :   1 subi  :   4 swap  :   1 
tst   :   1 wdr   :   1 
Instructions used: 54 out of 116 (46.6%)

ATmega16 memory use summary [bytes]:
Segment   Begin    End      Code   Data   Used    Size   Use%
---------------------------------------------------------------
[.cseg] 0x000000 0x0003f4    984     28   1012   16384   6.2%
[.dseg] 0x000060 0x000168      0      8      8    1024   0.8%
[.eseg] 0x000000 0x000000      0      0      0     512   0.0%

Assembly complete, 0 errors, 9 warnings
