
AVRASM ver. 2.1.30  C:\Users\NooShin\Desktop\Lab\6\Q1\Debug\List\d.asm Wed Dec 19 19:37:45 2018

C:\Users\NooShin\Desktop\Lab\6\Q1\Debug\List\d.asm(1088): warning: Register r4 already defined by the .DEF directive
C:\Users\NooShin\Desktop\Lab\6\Q1\Debug\List\d.asm(1089): warning: Register r5 already defined by the .DEF directive
C:\Users\NooShin\Desktop\Lab\6\Q1\Debug\List\d.asm(1090): warning: Register r7 already defined by the .DEF directive
C:\Users\NooShin\Desktop\Lab\6\Q1\Debug\List\d.asm(1091): warning: Register r8 already defined by the .DEF directive
C:\Users\NooShin\Desktop\Lab\6\Q1\Debug\List\d.asm(1092): warning: Register r9 already defined by the .DEF directive
C:\Users\NooShin\Desktop\Lab\6\Q1\Debug\List\d.asm(1093): warning: Register r10 already defined by the .DEF directive
C:\Users\NooShin\Desktop\Lab\6\Q1\Debug\List\d.asm(1094): warning: Register r11 already defined by the .DEF directive
C:\Users\NooShin\Desktop\Lab\6\Q1\Debug\List\d.asm(1095): warning: Register r6 already defined by the .DEF directive
C:\Users\NooShin\Desktop\Lab\6\Q1\Debug\List\d.asm(1096): warning: Register r13 already defined by the .DEF directive
C:\Users\NooShin\Desktop\Lab\6\Q1\Debug\List\d.asm(1097): warning: Register r12 already defined by the .DEF directive
                 
                 
                 ;CodeVisionAVR C Compiler V3.12 Advanced
                 ;(C) Copyright 1998-2014 Pavel Haiduc, HP InfoTech s.r.l.
                 ;http://www.hpinfotech.com
                 
                 ;Build configuration    : Debug
                 ;Chip type              : ATmega16
                 ;Program type           : Application
                 ;Clock frequency        : 8.000000 MHz
                 ;Memory model           : Small
                 ;Optimize for           : Size
                 ;(s)printf features     : int, width
                 ;(s)scanf features      : int, width
                 ;External RAM size      : 0
                 ;Data Stack size        : 256 byte(s)
                 ;Heap size              : 0 byte(s)
                 ;Promote 'char' to 'int': Yes
                 ;'char' is unsigned     : Yes
                 ;8 bit enums            : Yes
                 ;Global 'const' stored in FLASH: Yes
                 ;Enhanced function parameter passing: Yes
                 ;Enhanced core instructions: On
                 ;Automatic register allocation for global variables: On
                 ;Smart register allocation: On
                 
                 	#define _MODEL_SMALL_
                 
                 	#pragma AVRPART ADMIN PART_NAME ATmega16
                 	#pragma AVRPART MEMORY PROG_FLASH 16384
                 	#pragma AVRPART MEMORY EEPROM 512
                 	#pragma AVRPART MEMORY INT_SRAM SIZE 1024
                 	#pragma AVRPART MEMORY INT_SRAM START_ADDR 0x60
                 
                 	#define CALL_SUPPORTED 1
                 
                 	.LISTMAC
                 	.EQU UDRE=0x5
                 	.EQU RXC=0x7
                 	.EQU USR=0xB
                 	.EQU UDR=0xC
                 	.EQU SPSR=0xE
                 	.EQU SPDR=0xF
                 	.EQU EERE=0x0
                 	.EQU EEWE=0x1
                 	.EQU EEMWE=0x2
                 	.EQU EECR=0x1C
                 	.EQU EEDR=0x1D
                 	.EQU EEARL=0x1E
                 	.EQU EEARH=0x1F
                 	.EQU WDTCR=0x21
                 	.EQU MCUCR=0x35
                 	.EQU GICR=0x3B
                 	.EQU SPL=0x3D
                 	.EQU SPH=0x3E
                 	.EQU SREG=0x3F
                 
                 	.DEF R0X0=R0
                 	.DEF R0X1=R1
                 	.DEF R0X2=R2
                 	.DEF R0X3=R3
                 	.DEF R0X4=R4
                 	.DEF R0X5=R5
                 	.DEF R0X6=R6
                 	.DEF R0X7=R7
                 	.DEF R0X8=R8
                 	.DEF R0X9=R9
                 	.DEF R0XA=R10
                 	.DEF R0XB=R11
                 	.DEF R0XC=R12
                 	.DEF R0XD=R13
                 	.DEF R0XE=R14
                 	.DEF R0XF=R15
                 	.DEF R0X10=R16
                 	.DEF R0X11=R17
                 	.DEF R0X12=R18
                 	.DEF R0X13=R19
                 	.DEF R0X14=R20
                 	.DEF R0X15=R21
                 	.DEF R0X16=R22
                 	.DEF R0X17=R23
                 	.DEF R0X18=R24
                 	.DEF R0X19=R25
                 	.DEF R0X1A=R26
                 	.DEF R0X1B=R27
                 	.DEF R0X1C=R28
                 	.DEF R0X1D=R29
                 	.DEF R0X1E=R30
                 	.DEF R0X1F=R31
                 
                 	.EQU __SRAM_START=0x0060
                 	.EQU __SRAM_END=0x045F
                 	.EQU __DSTACK_SIZE=0x0100
                 	.EQU __HEAP_SIZE=0x0000
                 	.EQU __CLEAR_SRAM_SIZE=__SRAM_END-__SRAM_START+1
                 
                 	.MACRO __CPD1N
                 	CPI  R30,LOW(@0)
                 	LDI  R26,HIGH(@0)
                 	CPC  R31,R26
                 	LDI  R26,BYTE3(@0)
                 	CPC  R22,R26
                 	LDI  R26,BYTE4(@0)
                 	CPC  R23,R26
                 	.ENDM
                 
                 	.MACRO __CPD2N
                 	CPI  R26,LOW(@0)
                 	LDI  R30,HIGH(@0)
                 	CPC  R27,R30
                 	LDI  R30,BYTE3(@0)
                 	CPC  R24,R30
                 	LDI  R30,BYTE4(@0)
                 	CPC  R25,R30
                 	.ENDM
                 
                 	.MACRO __CPWRR
                 	CP   R@0,R@2
                 	CPC  R@1,R@3
                 	.ENDM
                 
                 	.MACRO __CPWRN
                 	CPI  R@0,LOW(@2)
                 	LDI  R30,HIGH(@2)
                 	CPC  R@1,R30
                 	.ENDM
                 
                 	.MACRO __ADDB1MN
                 	SUBI R30,LOW(-@0-(@1))
                 	.ENDM
                 
                 	.MACRO __ADDB2MN
                 	SUBI R26,LOW(-@0-(@1))
                 	.ENDM
                 
                 	.MACRO __ADDW1MN
                 	SUBI R30,LOW(-@0-(@1))
                 	SBCI R31,HIGH(-@0-(@1))
                 	.ENDM
                 
                 	.MACRO __ADDW2MN
                 	SUBI R26,LOW(-@0-(@1))
                 	SBCI R27,HIGH(-@0-(@1))
                 	.ENDM
                 
                 	.MACRO __ADDW1FN
                 	SUBI R30,LOW(-2*@0-(@1))
                 	SBCI R31,HIGH(-2*@0-(@1))
                 	.ENDM
                 
                 	.MACRO __ADDD1FN
                 	SUBI R30,LOW(-2*@0-(@1))
                 	SBCI R31,HIGH(-2*@0-(@1))
                 	SBCI R22,BYTE3(-2*@0-(@1))
                 	.ENDM
                 
                 	.MACRO __ADDD1N
                 	SUBI R30,LOW(-@0)
                 	SBCI R31,HIGH(-@0)
                 	SBCI R22,BYTE3(-@0)
                 	SBCI R23,BYTE4(-@0)
                 	.ENDM
                 
                 	.MACRO __ADDD2N
                 	SUBI R26,LOW(-@0)
                 	SBCI R27,HIGH(-@0)
                 	SBCI R24,BYTE3(-@0)
                 	SBCI R25,BYTE4(-@0)
                 	.ENDM
                 
                 	.MACRO __SUBD1N
                 	SUBI R30,LOW(@0)
                 	SBCI R31,HIGH(@0)
                 	SBCI R22,BYTE3(@0)
                 	SBCI R23,BYTE4(@0)
                 	.ENDM
                 
                 	.MACRO __SUBD2N
                 	SUBI R26,LOW(@0)
                 	SBCI R27,HIGH(@0)
                 	SBCI R24,BYTE3(@0)
                 	SBCI R25,BYTE4(@0)
                 	.ENDM
                 
                 	.MACRO __ANDBMNN
                 	LDS  R30,@0+(@1)
                 	ANDI R30,LOW(@2)
                 	STS  @0+(@1),R30
                 	.ENDM
                 
                 	.MACRO __ANDWMNN
                 	LDS  R30,@0+(@1)
                 	ANDI R30,LOW(@2)
                 	STS  @0+(@1),R30
                 	LDS  R30,@0+(@1)+1
                 	ANDI R30,HIGH(@2)
                 	STS  @0+(@1)+1,R30
                 	.ENDM
                 
                 	.MACRO __ANDD1N
                 	ANDI R30,LOW(@0)
                 	ANDI R31,HIGH(@0)
                 	ANDI R22,BYTE3(@0)
                 	ANDI R23,BYTE4(@0)
                 	.ENDM
                 
                 	.MACRO __ANDD2N
                 	ANDI R26,LOW(@0)
                 	ANDI R27,HIGH(@0)
                 	ANDI R24,BYTE3(@0)
                 	ANDI R25,BYTE4(@0)
                 	.ENDM
                 
                 	.MACRO __ORBMNN
                 	LDS  R30,@0+(@1)
                 	ORI  R30,LOW(@2)
                 	STS  @0+(@1),R30
                 	.ENDM
                 
                 	.MACRO __ORWMNN
                 	LDS  R30,@0+(@1)
                 	ORI  R30,LOW(@2)
                 	STS  @0+(@1),R30
                 	LDS  R30,@0+(@1)+1
                 	ORI  R30,HIGH(@2)
                 	STS  @0+(@1)+1,R30
                 	.ENDM
                 
                 	.MACRO __ORD1N
                 	ORI  R30,LOW(@0)
                 	ORI  R31,HIGH(@0)
                 	ORI  R22,BYTE3(@0)
                 	ORI  R23,BYTE4(@0)
                 	.ENDM
                 
                 	.MACRO __ORD2N
                 	ORI  R26,LOW(@0)
                 	ORI  R27,HIGH(@0)
                 	ORI  R24,BYTE3(@0)
                 	ORI  R25,BYTE4(@0)
                 	.ENDM
                 
                 	.MACRO __DELAY_USB
                 	LDI  R24,LOW(@0)
                 __DELAY_USB_LOOP:
                 	DEC  R24
                 	BRNE __DELAY_USB_LOOP
                 	.ENDM
                 
                 	.MACRO __DELAY_USW
                 	LDI  R24,LOW(@0)
                 	LDI  R25,HIGH(@0)
                 __DELAY_USW_LOOP:
                 	SBIW R24,1
                 	BRNE __DELAY_USW_LOOP
                 	.ENDM
                 
                 	.MACRO __GETD1S
                 	LDD  R30,Y+@0
                 	LDD  R31,Y+@0+1
                 	LDD  R22,Y+@0+2
                 	LDD  R23,Y+@0+3
                 	.ENDM
                 
                 	.MACRO __GETD2S
                 	LDD  R26,Y+@0
                 	LDD  R27,Y+@0+1
                 	LDD  R24,Y+@0+2
                 	LDD  R25,Y+@0+3
                 	.ENDM
                 
                 	.MACRO __PUTD1S
                 	STD  Y+@0,R30
                 	STD  Y+@0+1,R31
                 	STD  Y+@0+2,R22
                 	STD  Y+@0+3,R23
                 	.ENDM
                 
                 	.MACRO __PUTD2S
                 	STD  Y+@0,R26
                 	STD  Y+@0+1,R27
                 	STD  Y+@0+2,R24
                 	STD  Y+@0+3,R25
                 	.ENDM
                 
                 	.MACRO __PUTDZ2
                 	STD  Z+@0,R26
                 	STD  Z+@0+1,R27
                 	STD  Z+@0+2,R24
                 	STD  Z+@0+3,R25
                 	.ENDM
                 
                 	.MACRO __CLRD1S
                 	STD  Y+@0,R30
                 	STD  Y+@0+1,R30
                 	STD  Y+@0+2,R30
                 	STD  Y+@0+3,R30
                 	.ENDM
                 
                 	.MACRO __POINTB1MN
                 	LDI  R30,LOW(@0+(@1))
                 	.ENDM
                 
                 	.MACRO __POINTW1MN
                 	LDI  R30,LOW(@0+(@1))
                 	LDI  R31,HIGH(@0+(@1))
                 	.ENDM
                 
                 	.MACRO __POINTD1M
                 	LDI  R30,LOW(@0)
                 	LDI  R31,HIGH(@0)
                 	LDI  R22,BYTE3(@0)
                 	LDI  R23,BYTE4(@0)
                 	.ENDM
                 
                 	.MACRO __POINTW1FN
                 	LDI  R30,LOW(2*@0+(@1))
                 	LDI  R31,HIGH(2*@0+(@1))
                 	.ENDM
                 
                 	.MACRO __POINTD1FN
                 	LDI  R30,LOW(2*@0+(@1))
                 	LDI  R31,HIGH(2*@0+(@1))
                 	LDI  R22,BYTE3(2*@0+(@1))
                 	LDI  R23,BYTE4(2*@0+(@1))
                 	.ENDM
                 
                 	.MACRO __POINTB2MN
                 	LDI  R26,LOW(@0+(@1))
                 	.ENDM
                 
                 	.MACRO __POINTW2MN
                 	LDI  R26,LOW(@0+(@1))
                 	LDI  R27,HIGH(@0+(@1))
                 	.ENDM
                 
                 	.MACRO __POINTW2FN
                 	LDI  R26,LOW(2*@0+(@1))
                 	LDI  R27,HIGH(2*@0+(@1))
                 	.ENDM
                 
                 	.MACRO __POINTD2FN
                 	LDI  R26,LOW(2*@0+(@1))
                 	LDI  R27,HIGH(2*@0+(@1))
                 	LDI  R24,BYTE3(2*@0+(@1))
                 	LDI  R25,BYTE4(2*@0+(@1))
                 	.ENDM
                 
                 	.MACRO __POINTBRM
                 	LDI  R@0,LOW(@1)
                 	.ENDM
                 
                 	.MACRO __POINTWRM
                 	LDI  R@0,LOW(@2)
                 	LDI  R@1,HIGH(@2)
                 	.ENDM
                 
                 	.MACRO __POINTBRMN
                 	LDI  R@0,LOW(@1+(@2))
                 	.ENDM
                 
                 	.MACRO __POINTWRMN
                 	LDI  R@0,LOW(@2+(@3))
                 	LDI  R@1,HIGH(@2+(@3))
                 	.ENDM
                 
                 	.MACRO __POINTWRFN
                 	LDI  R@0,LOW(@2*2+(@3))
                 	LDI  R@1,HIGH(@2*2+(@3))
                 	.ENDM
                 
                 	.MACRO __GETD1N
                 	LDI  R30,LOW(@0)
                 	LDI  R31,HIGH(@0)
                 	LDI  R22,BYTE3(@0)
                 	LDI  R23,BYTE4(@0)
                 	.ENDM
                 
                 	.MACRO __GETD2N
                 	LDI  R26,LOW(@0)
                 	LDI  R27,HIGH(@0)
                 	LDI  R24,BYTE3(@0)
                 	LDI  R25,BYTE4(@0)
                 	.ENDM
                 
                 	.MACRO __GETB1MN
                 	LDS  R30,@0+(@1)
                 	.ENDM
                 
                 	.MACRO __GETB1HMN
                 	LDS  R31,@0+(@1)
                 	.ENDM
                 
                 	.MACRO __GETW1MN
                 	LDS  R30,@0+(@1)
                 	LDS  R31,@0+(@1)+1
                 	.ENDM
                 
                 	.MACRO __GETD1MN
                 	LDS  R30,@0+(@1)
                 	LDS  R31,@0+(@1)+1
                 	LDS  R22,@0+(@1)+2
                 	LDS  R23,@0+(@1)+3
                 	.ENDM
                 
                 	.MACRO __GETBRMN
                 	LDS  R@0,@1+(@2)
                 	.ENDM
                 
                 	.MACRO __GETWRMN
                 	LDS  R@0,@2+(@3)
                 	LDS  R@1,@2+(@3)+1
                 	.ENDM
                 
                 	.MACRO __GETWRZ
                 	LDD  R@0,Z+@2
                 	LDD  R@1,Z+@2+1
                 	.ENDM
                 
                 	.MACRO __GETD2Z
                 	LDD  R26,Z+@0
                 	LDD  R27,Z+@0+1
                 	LDD  R24,Z+@0+2
                 	LDD  R25,Z+@0+3
                 	.ENDM
                 
                 	.MACRO __GETB2MN
                 	LDS  R26,@0+(@1)
                 	.ENDM
                 
                 	.MACRO __GETW2MN
                 	LDS  R26,@0+(@1)
                 	LDS  R27,@0+(@1)+1
                 	.ENDM
                 
                 	.MACRO __GETD2MN
                 	LDS  R26,@0+(@1)
                 	LDS  R27,@0+(@1)+1
                 	LDS  R24,@0+(@1)+2
                 	LDS  R25,@0+(@1)+3
                 	.ENDM
                 
                 	.MACRO __PUTB1MN
                 	STS  @0+(@1),R30
                 	.ENDM
                 
                 	.MACRO __PUTW1MN
                 	STS  @0+(@1),R30
                 	STS  @0+(@1)+1,R31
                 	.ENDM
                 
                 	.MACRO __PUTD1MN
                 	STS  @0+(@1),R30
                 	STS  @0+(@1)+1,R31
                 	STS  @0+(@1)+2,R22
                 	STS  @0+(@1)+3,R23
                 	.ENDM
                 
                 	.MACRO __PUTB1EN
                 	LDI  R26,LOW(@0+(@1))
                 	LDI  R27,HIGH(@0+(@1))
                 	CALL __EEPROMWRB
                 	.ENDM
                 
                 	.MACRO __PUTW1EN
                 	LDI  R26,LOW(@0+(@1))
                 	LDI  R27,HIGH(@0+(@1))
                 	CALL __EEPROMWRW
                 	.ENDM
                 
                 	.MACRO __PUTD1EN
                 	LDI  R26,LOW(@0+(@1))
                 	LDI  R27,HIGH(@0+(@1))
                 	CALL __EEPROMWRD
                 	.ENDM
                 
                 	.MACRO __PUTBR0MN
                 	STS  @0+(@1),R0
                 	.ENDM
                 
                 	.MACRO __PUTBMRN
                 	STS  @0+(@1),R@2
                 	.ENDM
                 
                 	.MACRO __PUTWMRN
                 	STS  @0+(@1),R@2
                 	STS  @0+(@1)+1,R@3
                 	.ENDM
                 
                 	.MACRO __PUTBZR
                 	STD  Z+@1,R@0
                 	.ENDM
                 
                 	.MACRO __PUTWZR
                 	STD  Z+@2,R@0
                 	STD  Z+@2+1,R@1
                 	.ENDM
                 
                 	.MACRO __GETW1R
                 	MOV  R30,R@0
                 	MOV  R31,R@1
                 	.ENDM
                 
                 	.MACRO __GETW2R
                 	MOV  R26,R@0
                 	MOV  R27,R@1
                 	.ENDM
                 
                 	.MACRO __GETWRN
                 	LDI  R@0,LOW(@2)
                 	LDI  R@1,HIGH(@2)
                 	.ENDM
                 
                 	.MACRO __PUTW1R
                 	MOV  R@0,R30
                 	MOV  R@1,R31
                 	.ENDM
                 
                 	.MACRO __PUTW2R
                 	MOV  R@0,R26
                 	MOV  R@1,R27
                 	.ENDM
                 
                 	.MACRO __ADDWRN
                 	SUBI R@0,LOW(-@2)
                 	SBCI R@1,HIGH(-@2)
                 	.ENDM
                 
                 	.MACRO __ADDWRR
                 	ADD  R@0,R@2
                 	ADC  R@1,R@3
                 	.ENDM
                 
                 	.MACRO __SUBWRN
                 	SUBI R@0,LOW(@2)
                 	SBCI R@1,HIGH(@2)
                 	.ENDM
                 
                 	.MACRO __SUBWRR
                 	SUB  R@0,R@2
                 	SBC  R@1,R@3
                 	.ENDM
                 
                 	.MACRO __ANDWRN
                 	ANDI R@0,LOW(@2)
                 	ANDI R@1,HIGH(@2)
                 	.ENDM
                 
                 	.MACRO __ANDWRR
                 	AND  R@0,R@2
                 	AND  R@1,R@3
                 	.ENDM
                 
                 	.MACRO __ORWRN
                 	ORI  R@0,LOW(@2)
                 	ORI  R@1,HIGH(@2)
                 	.ENDM
                 
                 	.MACRO __ORWRR
                 	OR   R@0,R@2
                 	OR   R@1,R@3
                 	.ENDM
                 
                 	.MACRO __EORWRR
                 	EOR  R@0,R@2
                 	EOR  R@1,R@3
                 	.ENDM
                 
                 	.MACRO __GETWRS
                 	LDD  R@0,Y+@2
                 	LDD  R@1,Y+@2+1
                 	.ENDM
                 
                 	.MACRO __PUTBSR
                 	STD  Y+@1,R@0
                 	.ENDM
                 
                 	.MACRO __PUTWSR
                 	STD  Y+@2,R@0
                 	STD  Y+@2+1,R@1
                 	.ENDM
                 
                 	.MACRO __MOVEWRR
                 	MOV  R@0,R@2
                 	MOV  R@1,R@3
                 	.ENDM
                 
                 	.MACRO __INWR
                 	IN   R@0,@2
                 	IN   R@1,@2+1
                 	.ENDM
                 
                 	.MACRO __OUTWR
                 	OUT  @2+1,R@1
                 	OUT  @2,R@0
                 	.ENDM
                 
                 	.MACRO __CALL1MN
                 	LDS  R30,@0+(@1)
                 	LDS  R31,@0+(@1)+1
                 	ICALL
                 	.ENDM
                 
                 	.MACRO __CALL1FN
                 	LDI  R30,LOW(2*@0+(@1))
                 	LDI  R31,HIGH(2*@0+(@1))
                 	CALL __GETW1PF
                 	ICALL
                 	.ENDM
                 
                 	.MACRO __CALL2EN
                 	PUSH R26
                 	PUSH R27
                 	LDI  R26,LOW(@0+(@1))
                 	LDI  R27,HIGH(@0+(@1))
                 	CALL __EEPROMRDW
                 	POP  R27
                 	POP  R26
                 	ICALL
                 	.ENDM
                 
                 	.MACRO __CALL2EX
                 	SUBI R26,LOW(-@0)
                 	SBCI R27,HIGH(-@0)
                 	CALL __EEPROMRDD
                 	ICALL
                 	.ENDM
                 
                 	.MACRO __GETW1STACK
                 	IN   R30,SPL
                 	IN   R31,SPH
                 	ADIW R30,@0+1
                 	LD   R0,Z+
                 	LD   R31,Z
                 	MOV  R30,R0
                 	.ENDM
                 
                 	.MACRO __GETD1STACK
                 	IN   R30,SPL
                 	IN   R31,SPH
                 	ADIW R30,@0+1
                 	LD   R0,Z+
                 	LD   R1,Z+
                 	LD   R22,Z
                 	MOVW R30,R0
                 	.ENDM
                 
                 	.MACRO __NBST
                 	BST  R@0,@1
                 	IN   R30,SREG
                 	LDI  R31,0x40
                 	EOR  R30,R31
                 	OUT  SREG,R30
                 	.ENDM
                 
                 
                 	.MACRO __PUTB1SN
                 	LDD  R26,Y+@0
                 	LDD  R27,Y+@0+1
                 	SUBI R26,LOW(-@1)
                 	SBCI R27,HIGH(-@1)
                 	ST   X,R30
                 	.ENDM
                 
                 	.MACRO __PUTW1SN
                 	LDD  R26,Y+@0
                 	LDD  R27,Y+@0+1
                 	SUBI R26,LOW(-@1)
                 	SBCI R27,HIGH(-@1)
                 	ST   X+,R30
                 	ST   X,R31
                 	.ENDM
                 
                 	.MACRO __PUTD1SN
                 	LDD  R26,Y+@0
                 	LDD  R27,Y+@0+1
                 	SUBI R26,LOW(-@1)
                 	SBCI R27,HIGH(-@1)
                 	CALL __PUTDP1
                 	.ENDM
                 
                 	.MACRO __PUTB1SNS
                 	LDD  R26,Y+@0
                 	LDD  R27,Y+@0+1
                 	ADIW R26,@1
                 	ST   X,R30
                 	.ENDM
                 
                 	.MACRO __PUTW1SNS
                 	LDD  R26,Y+@0
                 	LDD  R27,Y+@0+1
                 	ADIW R26,@1
                 	ST   X+,R30
                 	ST   X,R31
                 	.ENDM
                 
                 	.MACRO __PUTD1SNS
                 	LDD  R26,Y+@0
                 	LDD  R27,Y+@0+1
                 	ADIW R26,@1
                 	CALL __PUTDP1
                 	.ENDM
                 
                 	.MACRO __PUTB1PMN
                 	LDS  R26,@0
                 	LDS  R27,@0+1
                 	SUBI R26,LOW(-@1)
                 	SBCI R27,HIGH(-@1)
                 	ST   X,R30
                 	.ENDM
                 
                 	.MACRO __PUTW1PMN
                 	LDS  R26,@0
                 	LDS  R27,@0+1
                 	SUBI R26,LOW(-@1)
                 	SBCI R27,HIGH(-@1)
                 	ST   X+,R30
                 	ST   X,R31
                 	.ENDM
                 
                 	.MACRO __PUTD1PMN
                 	LDS  R26,@0
                 	LDS  R27,@0+1
                 	SUBI R26,LOW(-@1)
                 	SBCI R27,HIGH(-@1)
                 	CALL __PUTDP1
                 	.ENDM
                 
                 	.MACRO __PUTB1PMNS
                 	LDS  R26,@0
                 	LDS  R27,@0+1
                 	ADIW R26,@1
                 	ST   X,R30
                 	.ENDM
                 
                 	.MACRO __PUTW1PMNS
                 	LDS  R26,@0
                 	LDS  R27,@0+1
                 	ADIW R26,@1
                 	ST   X+,R30
                 	ST   X,R31
                 	.ENDM
                 
                 	.MACRO __PUTD1PMNS
                 	LDS  R26,@0
                 	LDS  R27,@0+1
                 	ADIW R26,@1
                 	CALL __PUTDP1
                 	.ENDM
                 
                 	.MACRO __PUTB1RN
                 	MOVW R26,R@0
                 	SUBI R26,LOW(-@1)
                 	SBCI R27,HIGH(-@1)
                 	ST   X,R30
                 	.ENDM
                 
                 	.MACRO __PUTW1RN
                 	MOVW R26,R@0
                 	SUBI R26,LOW(-@1)
                 	SBCI R27,HIGH(-@1)
                 	ST   X+,R30
                 	ST   X,R31
                 	.ENDM
                 
                 	.MACRO __PUTD1RN
                 	MOVW R26,R@0
                 	SUBI R26,LOW(-@1)
                 	SBCI R27,HIGH(-@1)
                 	CALL __PUTDP1
                 	.ENDM
                 
                 	.MACRO __PUTB1RNS
                 	MOVW R26,R@0
                 	ADIW R26,@1
                 	ST   X,R30
                 	.ENDM
                 
                 	.MACRO __PUTW1RNS
                 	MOVW R26,R@0
                 	ADIW R26,@1
                 	ST   X+,R30
                 	ST   X,R31
                 	.ENDM
                 
                 	.MACRO __PUTD1RNS
                 	MOVW R26,R@0
                 	ADIW R26,@1
                 	CALL __PUTDP1
                 	.ENDM
                 
                 	.MACRO __PUTB1RON
                 	MOV  R26,R@0
                 	MOV  R27,R@1
                 	SUBI R26,LOW(-@2)
                 	SBCI R27,HIGH(-@2)
                 	ST   X,R30
                 	.ENDM
                 
                 	.MACRO __PUTW1RON
                 	MOV  R26,R@0
                 	MOV  R27,R@1
                 	SUBI R26,LOW(-@2)
                 	SBCI R27,HIGH(-@2)
                 	ST   X+,R30
                 	ST   X,R31
                 	.ENDM
                 
                 	.MACRO __PUTD1RON
                 	MOV  R26,R@0
                 	MOV  R27,R@1
                 	SUBI R26,LOW(-@2)
                 	SBCI R27,HIGH(-@2)
                 	CALL __PUTDP1
                 	.ENDM
                 
                 	.MACRO __PUTB1RONS
                 	MOV  R26,R@0
                 	MOV  R27,R@1
                 	ADIW R26,@2
                 	ST   X,R30
                 	.ENDM
                 
                 	.MACRO __PUTW1RONS
                 	MOV  R26,R@0
                 	MOV  R27,R@1
                 	ADIW R26,@2
                 	ST   X+,R30
                 	ST   X,R31
                 	.ENDM
                 
                 	.MACRO __PUTD1RONS
                 	MOV  R26,R@0
                 	MOV  R27,R@1
                 	ADIW R26,@2
                 	CALL __PUTDP1
                 	.ENDM
                 
                 
                 	.MACRO __GETB1SX
                 	MOVW R30,R28
                 	SUBI R30,LOW(-@0)
                 	SBCI R31,HIGH(-@0)
                 	LD   R30,Z
                 	.ENDM
                 
                 	.MACRO __GETB1HSX
                 	MOVW R30,R28
                 	SUBI R30,LOW(-@0)
                 	SBCI R31,HIGH(-@0)
                 	LD   R31,Z
                 	.ENDM
                 
                 	.MACRO __GETW1SX
                 	MOVW R30,R28
                 	SUBI R30,LOW(-@0)
                 	SBCI R31,HIGH(-@0)
                 	LD   R0,Z+
                 	LD   R31,Z
                 	MOV  R30,R0
                 	.ENDM
                 
                 	.MACRO __GETD1SX
                 	MOVW R30,R28
                 	SUBI R30,LOW(-@0)
                 	SBCI R31,HIGH(-@0)
                 	LD   R0,Z+
                 	LD   R1,Z+
                 	LD   R22,Z+
                 	LD   R23,Z
                 	MOVW R30,R0
                 	.ENDM
                 
                 	.MACRO __GETB2SX
                 	MOVW R26,R28
                 	SUBI R26,LOW(-@0)
                 	SBCI R27,HIGH(-@0)
                 	LD   R26,X
                 	.ENDM
                 
                 	.MACRO __GETW2SX
                 	MOVW R26,R28
                 	SUBI R26,LOW(-@0)
                 	SBCI R27,HIGH(-@0)
                 	LD   R0,X+
                 	LD   R27,X
                 	MOV  R26,R0
                 	.ENDM
                 
                 	.MACRO __GETD2SX
                 	MOVW R26,R28
                 	SUBI R26,LOW(-@0)
                 	SBCI R27,HIGH(-@0)
                 	LD   R0,X+
                 	LD   R1,X+
                 	LD   R24,X+
                 	LD   R25,X
                 	MOVW R26,R0
                 	.ENDM
                 
                 	.MACRO __GETBRSX
                 	MOVW R30,R28
                 	SUBI R30,LOW(-@1)
                 	SBCI R31,HIGH(-@1)
                 	LD   R@0,Z
                 	.ENDM
                 
                 	.MACRO __GETWRSX
                 	MOVW R30,R28
                 	SUBI R30,LOW(-@2)
                 	SBCI R31,HIGH(-@2)
                 	LD   R@0,Z+
                 	LD   R@1,Z
                 	.ENDM
                 
                 	.MACRO __GETBRSX2
                 	MOVW R26,R28
                 	SUBI R26,LOW(-@1)
                 	SBCI R27,HIGH(-@1)
                 	LD   R@0,X
                 	.ENDM
                 
                 	.MACRO __GETWRSX2
                 	MOVW R26,R28
                 	SUBI R26,LOW(-@2)
                 	SBCI R27,HIGH(-@2)
                 	LD   R@0,X+
                 	LD   R@1,X
                 	.ENDM
                 
                 	.MACRO __LSLW8SX
                 	MOVW R30,R28
                 	SUBI R30,LOW(-@0)
                 	SBCI R31,HIGH(-@0)
                 	LD   R31,Z
                 	CLR  R30
                 	.ENDM
                 
                 	.MACRO __PUTB1SX
                 	MOVW R26,R28
                 	SUBI R26,LOW(-@0)
                 	SBCI R27,HIGH(-@0)
                 	ST   X,R30
                 	.ENDM
                 
                 	.MACRO __PUTW1SX
                 	MOVW R26,R28
                 	SUBI R26,LOW(-@0)
                 	SBCI R27,HIGH(-@0)
                 	ST   X+,R30
                 	ST   X,R31
                 	.ENDM
                 
                 	.MACRO __PUTD1SX
                 	MOVW R26,R28
                 	SUBI R26,LOW(-@0)
                 	SBCI R27,HIGH(-@0)
                 	ST   X+,R30
                 	ST   X+,R31
                 	ST   X+,R22
                 	ST   X,R23
                 	.ENDM
                 
                 	.MACRO __CLRW1SX
                 	MOVW R26,R28
                 	SUBI R26,LOW(-@0)
                 	SBCI R27,HIGH(-@0)
                 	ST   X+,R30
                 	ST   X,R30
                 	.ENDM
                 
                 	.MACRO __CLRD1SX
                 	MOVW R26,R28
                 	SUBI R26,LOW(-@0)
                 	SBCI R27,HIGH(-@0)
                 	ST   X+,R30
                 	ST   X+,R30
                 	ST   X+,R30
                 	ST   X,R30
                 	.ENDM
                 
                 	.MACRO __PUTB2SX
                 	MOVW R30,R28
                 	SUBI R30,LOW(-@0)
                 	SBCI R31,HIGH(-@0)
                 	ST   Z,R26
                 	.ENDM
                 
                 	.MACRO __PUTW2SX
                 	MOVW R30,R28
                 	SUBI R30,LOW(-@0)
                 	SBCI R31,HIGH(-@0)
                 	ST   Z+,R26
                 	ST   Z,R27
                 	.ENDM
                 
                 	.MACRO __PUTD2SX
                 	MOVW R30,R28
                 	SUBI R30,LOW(-@0)
                 	SBCI R31,HIGH(-@0)
                 	ST   Z+,R26
                 	ST   Z+,R27
                 	ST   Z+,R24
                 	ST   Z,R25
                 	.ENDM
                 
                 	.MACRO __PUTBSRX
                 	MOVW R30,R28
                 	SUBI R30,LOW(-@1)
                 	SBCI R31,HIGH(-@1)
                 	ST   Z,R@0
                 	.ENDM
                 
                 	.MACRO __PUTWSRX
                 	MOVW R30,R28
                 	SUBI R30,LOW(-@2)
                 	SBCI R31,HIGH(-@2)
                 	ST   Z+,R@0
                 	ST   Z,R@1
                 	.ENDM
                 
                 	.MACRO __PUTB1SNX
                 	MOVW R26,R28
                 	SUBI R26,LOW(-@0)
                 	SBCI R27,HIGH(-@0)
                 	LD   R0,X+
                 	LD   R27,X
                 	MOV  R26,R0
                 	SUBI R26,LOW(-@1)
                 	SBCI R27,HIGH(-@1)
                 	ST   X,R30
                 	.ENDM
                 
                 	.MACRO __PUTW1SNX
                 	MOVW R26,R28
                 	SUBI R26,LOW(-@0)
                 	SBCI R27,HIGH(-@0)
                 	LD   R0,X+
                 	LD   R27,X
                 	MOV  R26,R0
                 	SUBI R26,LOW(-@1)
                 	SBCI R27,HIGH(-@1)
                 	ST   X+,R30
                 	ST   X,R31
                 	.ENDM
                 
                 	.MACRO __PUTD1SNX
                 	MOVW R26,R28
                 	SUBI R26,LOW(-@0)
                 	SBCI R27,HIGH(-@0)
                 	LD   R0,X+
                 	LD   R27,X
                 	MOV  R26,R0
                 	SUBI R26,LOW(-@1)
                 	SBCI R27,HIGH(-@1)
                 	ST   X+,R30
                 	ST   X+,R31
                 	ST   X+,R22
                 	ST   X,R23
                 	.ENDM
                 
                 	.MACRO __MULBRR
                 	MULS R@0,R@1
                 	MOVW R30,R0
                 	.ENDM
                 
                 	.MACRO __MULBRRU
                 	MUL  R@0,R@1
                 	MOVW R30,R0
                 	.ENDM
                 
                 	.MACRO __MULBRR0
                 	MULS R@0,R@1
                 	.ENDM
                 
                 	.MACRO __MULBRRU0
                 	MUL  R@0,R@1
                 	.ENDM
                 
                 	.MACRO __MULBNWRU
                 	LDI  R26,@2
                 	MUL  R26,R@0
                 	MOVW R30,R0
                 	MUL  R26,R@1
                 	ADD  R31,R0
                 	.ENDM
                 
                 ;NAME DEFINITIONS FOR GLOBAL VARIABLES ALLOCATED TO REGISTERS
                 	.DEF _num=R4
                 	.DEF _num_msb=R5
                 	.DEF _strZ=R7
                 	.DEF _strX=R8
                 	.DEF _strX_msb=R9
                 	.DEF _negin=R10
                 	.DEF _negin_msb=R11
                 	.DEF __lcd_x=R6
                 	.DEF __lcd_y=R13
                 	.DEF __lcd_maxx=R12
                 
                 	.CSEG
                 	.ORG 0x00
                 
                 ;START OF CODE MARKER
                 __START_OF_CODE:
                 
                 ;INTERRUPT VECTORS
000000 940c 0038 	JMP  __RESET
000002 940c 0000 	JMP  0x00
000004 940c 0000 	JMP  0x00
000006 940c 0000 	JMP  0x00
000008 940c 0000 	JMP  0x00
00000a 940c 0000 	JMP  0x00
00000c 940c 0000 	JMP  0x00
00000e 940c 0000 	JMP  0x00
000010 940c 0000 	JMP  0x00
000012 940c 0065 	JMP  _timer0_ovf_isr
000014 940c 0000 	JMP  0x00
000016 940c 0000 	JMP  0x00
000018 940c 0000 	JMP  0x00
00001a 940c 0000 	JMP  0x00
00001c 940c 0000 	JMP  0x00
00001e 940c 0000 	JMP  0x00
000020 940c 0000 	JMP  0x00
000022 940c 0000 	JMP  0x00
000024 940c 0000 	JMP  0x00
000026 940c 0000 	JMP  0x00
000028 940c 0000 	JMP  0x00
                 
                 _0x2000003:
00002a c080      	.DB  0x80,0xC0
                 _0x2020060:
C:\Users\NooShin\Desktop\Lab\6\Q1\Debug\List\d.asm(1131): warning: .cseg .db misalignment - padding zero byte
00002b 0001      	.DB  0x1
                 _0x2020000:
00002c 4e2d
00002d 4e41
00002e 4900
00002f 464e      	.DB  0x2D,0x4E,0x41,0x4E,0x0,0x49,0x4E,0x46
C:\Users\NooShin\Desktop\Lab\6\Q1\Debug\List\d.asm(1134): warning: .cseg .db misalignment - padding zero byte
000030 0000      	.DB  0x0
                 
                 __GLOBAL_INI_TBL:
000031 0002      	.DW  0x02
000032 0160      	.DW  __base_y_G100
000033 0054      	.DW  _0x2000003*2
                 
000034 0001      	.DW  0x01
000035 0164      	.DW  __seed_G101
000036 0056      	.DW  _0x2020060*2
                 
                 _0xFFFFFFFF:
000037 0000      	.DW  0
                 
                 #define __GLOBAL_INI_TBL_PRESENT 1
                 
                 __RESET:
000038 94f8      	CLI
000039 27ee      	CLR  R30
00003a bbec      	OUT  EECR,R30
                 
                 ;INTERRUPT VECTORS ARE PLACED
                 ;AT THE START OF FLASH
00003b e0f1      	LDI  R31,1
00003c bffb      	OUT  GICR,R31
00003d bfeb      	OUT  GICR,R30
00003e bfe5      	OUT  MCUCR,R30
                 
                 ;CLEAR R2-R14
00003f e08d      	LDI  R24,(14-2)+1
000040 e0a2      	LDI  R26,2
000041 27bb      	CLR  R27
                 __CLEAR_REG:
000042 93ed      	ST   X+,R30
000043 958a      	DEC  R24
000044 f7e9      	BRNE __CLEAR_REG
                 
                 ;CLEAR SRAM
000045 e080      	LDI  R24,LOW(__CLEAR_SRAM_SIZE)
000046 e094      	LDI  R25,HIGH(__CLEAR_SRAM_SIZE)
000047 e6a0      	LDI  R26,__SRAM_START
                 __CLEAR_SRAM:
000048 93ed      	ST   X+,R30
000049 9701      	SBIW R24,1
00004a f7e9      	BRNE __CLEAR_SRAM
                 
                 ;GLOBAL VARIABLES INITIALIZATION
00004b e6e2      	LDI  R30,LOW(__GLOBAL_INI_TBL*2)
00004c e0f0      	LDI  R31,HIGH(__GLOBAL_INI_TBL*2)
                 __GLOBAL_INI_NEXT:
00004d 9185      	LPM  R24,Z+
00004e 9195      	LPM  R25,Z+
00004f 9700      	SBIW R24,0
000050 f061      	BREQ __GLOBAL_INI_END
000051 91a5      	LPM  R26,Z+
000052 91b5      	LPM  R27,Z+
000053 9005      	LPM  R0,Z+
000054 9015      	LPM  R1,Z+
000055 01bf      	MOVW R22,R30
000056 01f0      	MOVW R30,R0
                 __GLOBAL_INI_LOOP:
000057 9005      	LPM  R0,Z+
000058 920d      	ST   X+,R0
000059 9701      	SBIW R24,1
00005a f7e1      	BRNE __GLOBAL_INI_LOOP
00005b 01fb      	MOVW R30,R22
00005c cff0      	RJMP __GLOBAL_INI_NEXT
                 __GLOBAL_INI_END:
                 
                 ;HARDWARE STACK POINTER INITIALIZATION
00005d e5ef      	LDI  R30,LOW(__SRAM_END-__HEAP_SIZE)
00005e bfed      	OUT  SPL,R30
00005f e0e4      	LDI  R30,HIGH(__SRAM_END-__HEAP_SIZE)
000060 bfee      	OUT  SPH,R30
                 
                 ;DATA STACK POINTER INITIALIZATION
000061 e6c0      	LDI  R28,LOW(__SRAM_START+__DSTACK_SIZE)
000062 e0d1      	LDI  R29,HIGH(__SRAM_START+__DSTACK_SIZE)
                 
000063 940c 0078 	JMP  _main
                 
                 	.ESEG
                 	.ORG 0
                 
                 	.DSEG
                 	.ORG 0x160
                 
                 	.CSEG
                 ;/*******************************************************
                 ;This program was created by the
                 ;CodeWizardAVR V3.12 Advanced
                 ;Automatic Program Generator
                 ;© Copyright 1998-2014 Pavel Haiduc, HP InfoTech s.r.l.
                 ;http://www.hpinfotech.com
                 ;
                 ;Project :
                 ;Version :
                 ;Date    : 12/18/2018
                 ;Author  :
                 ;Company :
                 ;Comments:
                 ;
                 ;
                 ;Chip type               : ATmega16
                 ;Program type            : Application
                 ;AVR Core Clock frequency: 8.000000 MHz
                 ;Memory model            : Small
                 ;External RAM size       : 0
                 ;Data Stack size         : 256
                 ;*******************************************************/
                 ;
                 ;#include <mega16.h>
                 	#ifndef __SLEEP_DEFINED__
                 	#define __SLEEP_DEFINED__
                 	.EQU __se_bit=0x40
                 	.EQU __sm_mask=0xB0
                 	.EQU __sm_powerdown=0x20
                 	.EQU __sm_powersave=0x30
                 	.EQU __sm_standby=0xA0
                 	.EQU __sm_ext_standby=0xB0
                 	.EQU __sm_adc_noise_red=0x10
                 	.SET power_ctrl_reg=mcucr
                 	#endif
                 ;
                 ;#include <delay.h>
                 ;
                 ;// Alphanumeric LCD functions
                 ;#include <alcd.h>
                 ;#include <stdlib.h>
                 ;// Declare your global variables here
                 ; int num;
                 ;char strZ;
                 ;char flash *strX;
                 ;char *negin;
                 ;// Timer 0 overflow interrupt service routine
                 ;interrupt [TIM0_OVF] void timer0_ovf_isr(void)
                 ; 0000 0026 {
                 
                 	.CSEG
                 _timer0_ovf_isr:
                 ; .FSTART _timer0_ovf_isr
000065 93ea      	ST   -Y,R30
                 ; 0000 0027 // Reinitialize Timer 0 value
                 ; 0000 0028 TCNT0=0xB2;
000066 ebe2      	LDI  R30,LOW(178)
000067 bfe2      	OUT  0x32,R30
                 ; 0000 0029 // Place your code here
                 ; 0000 002A 
                 ; 0000 002B }
000068 91e9      	LD   R30,Y+
000069 9518      	RETI
                 ; .FEND
                 ;
                 ;// Voltage Reference: AVCC pin
                 ;#define ADC_VREF_TYPE ((0<<REFS1) | (1<<REFS0) | (0<<ADLAR))
                 ;
                 ;// Read the AD conversion result
                 ;unsigned int read_adc(unsigned char adc_input)
                 ; 0000 0032 {
                 _read_adc:
                 ; .FSTART _read_adc
                 ; 0000 0033 ADMUX=adc_input | ADC_VREF_TYPE;
00006a 93aa      	ST   -Y,R26
                 ;	adc_input -> Y+0
00006b 81e8      	LD   R30,Y
00006c 64e0      	ORI  R30,0x40
00006d b9e7      	OUT  0x7,R30
                 ; 0000 0034 // Delay needed for the stabilization of the ADC input voltage
                 ; 0000 0035 delay_us(10);
                +
00006e e18b     +LDI R24 , LOW ( 27 )
                +__DELAY_USB_LOOP :
00006f 958a     +DEC R24
000070 f7f1     +BRNE __DELAY_USB_LOOP
                 	__DELAY_USB 27
                 ; 0000 0036 // Start the AD conversion
                 ; 0000 0037 ADCSRA|=(1<<ADSC);
000071 9a36      	SBI  0x6,6
                 ; 0000 0038 // Wait for the AD conversion to complete
                 ; 0000 0039 while ((ADCSRA & (1<<ADIF))==0);
                 _0x3:
000072 9b34      	SBIS 0x6,4
000073 cffe      	RJMP _0x3
                 ; 0000 003A ADCSRA|=(1<<ADIF);
000074 9a34      	SBI  0x6,4
                 ; 0000 003B return ADCW;
000075 b1e4      	IN   R30,0x4
000076 b1f5      	IN   R31,0x4+1
000077 c0cd      	RJMP _0x20A0001
                 ; 0000 003C }
                 ; .FEND
                 ;void main(void)
                 ; 0000 003E {
                 _main:
                 ; .FSTART _main
                 ; 0000 003F // Declare your local variables here
                 ; 0000 0040 
                 ; 0000 0041 // Input/Output Ports initialization
                 ; 0000 0042 // Port A initialization
                 ; 0000 0043 // Function: Bit7=In Bit6=In Bit5=In Bit4=In Bit3=In Bit2=In Bit1=In Bit0=In
                 ; 0000 0044 DDRA=(0<<DDA7) | (0<<DDA6) | (0<<DDA5) | (0<<DDA4) | (0<<DDA3) | (0<<DDA2) | (0<<DDA1) | (0<<DDA0);
000078 e0e0      	LDI  R30,LOW(0)
000079 bbea      	OUT  0x1A,R30
                 ; 0000 0045 // State: Bit7=T Bit6=T Bit5=T Bit4=T Bit3=T Bit2=T Bit1=T Bit0=T
                 ; 0000 0046 PORTA=(0<<PORTA7) | (0<<PORTA6) | (0<<PORTA5) | (0<<PORTA4) | (0<<PORTA3) | (0<<PORTA2) | (0<<PORTA1) | (0<<PORTA0);
00007a bbeb      	OUT  0x1B,R30
                 ; 0000 0047 
                 ; 0000 0048 // Port B initialization
                 ; 0000 0049 // Function: Bit7=In Bit6=In Bit5=In Bit4=In Bit3=In Bit2=In Bit1=In Bit0=In
                 ; 0000 004A DDRB=(0<<DDB7) | (0<<DDB6) | (0<<DDB5) | (0<<DDB4) | (0<<DDB3) | (0<<DDB2) | (0<<DDB1) | (0<<DDB0);
00007b bbe7      	OUT  0x17,R30
                 ; 0000 004B // State: Bit7=T Bit6=T Bit5=T Bit4=T Bit3=T Bit2=T Bit1=T Bit0=T
                 ; 0000 004C PORTB=(0<<PORTB7) | (0<<PORTB6) | (0<<PORTB5) | (0<<PORTB4) | (0<<PORTB3) | (0<<PORTB2) | (0<<PORTB1) | (0<<PORTB0);
00007c bbe8      	OUT  0x18,R30
                 ; 0000 004D 
                 ; 0000 004E // Port C initialization
                 ; 0000 004F // Function: Bit7=Out Bit6=Out Bit5=Out Bit4=Out Bit3=Out Bit2=Out Bit1=Out Bit0=Out
                 ; 0000 0050 DDRC=(1<<DDC7) | (1<<DDC6) | (1<<DDC5) | (1<<DDC4) | (1<<DDC3) | (1<<DDC2) | (1<<DDC1) | (1<<DDC0);
00007d efef      	LDI  R30,LOW(255)
00007e bbe4      	OUT  0x14,R30
                 ; 0000 0051 // State: Bit7=0 Bit6=0 Bit5=0 Bit4=0 Bit3=0 Bit2=0 Bit1=0 Bit0=0
                 ; 0000 0052 PORTC=(0<<PORTC7) | (0<<PORTC6) | (0<<PORTC5) | (0<<PORTC4) | (0<<PORTC3) | (0<<PORTC2) | (0<<PORTC1) | (0<<PORTC0);
00007f e0e0      	LDI  R30,LOW(0)
000080 bbe5      	OUT  0x15,R30
                 ; 0000 0053 
                 ; 0000 0054 // Port D initialization
                 ; 0000 0055 // Function: Bit7=In Bit6=In Bit5=In Bit4=In Bit3=In Bit2=In Bit1=In Bit0=In
                 ; 0000 0056 DDRD=(0<<DDD7) | (0<<DDD6) | (0<<DDD5) | (0<<DDD4) | (0<<DDD3) | (0<<DDD2) | (0<<DDD1) | (0<<DDD0);
000081 bbe1      	OUT  0x11,R30
                 ; 0000 0057 // State: Bit7=T Bit6=T Bit5=T Bit4=T Bit3=T Bit2=T Bit1=T Bit0=T
                 ; 0000 0058 PORTD=(0<<PORTD7) | (0<<PORTD6) | (0<<PORTD5) | (0<<PORTD4) | (0<<PORTD3) | (0<<PORTD2) | (0<<PORTD1) | (0<<PORTD0);
000082 bbe2      	OUT  0x12,R30
                 ; 0000 0059 
                 ; 0000 005A // Timer/Counter 0 initialization
                 ; 0000 005B // Clock source: System Clock
                 ; 0000 005C // Clock value: 7.813 kHz
                 ; 0000 005D // Mode: Normal top=0xFF
                 ; 0000 005E // OC0 output: Disconnected
                 ; 0000 005F // Timer Period: 9.984 ms
                 ; 0000 0060 TCCR0=(0<<WGM00) | (0<<COM01) | (0<<COM00) | (0<<WGM01) | (1<<CS02) | (0<<CS01) | (1<<CS00);
000083 e0e5      	LDI  R30,LOW(5)
000084 bfe3      	OUT  0x33,R30
                 ; 0000 0061 TCNT0=0xB2;
000085 ebe2      	LDI  R30,LOW(178)
000086 bfe2      	OUT  0x32,R30
                 ; 0000 0062 OCR0=0x00;
000087 e0e0      	LDI  R30,LOW(0)
000088 bfec      	OUT  0x3C,R30
                 ; 0000 0063 
                 ; 0000 0064 // Timer/Counter 1 initialization
                 ; 0000 0065 // Clock source: System Clock
                 ; 0000 0066 // Clock value: Timer1 Stopped
                 ; 0000 0067 // Mode: Normal top=0xFFFF
                 ; 0000 0068 // OC1A output: Disconnected
                 ; 0000 0069 // OC1B output: Disconnected
                 ; 0000 006A // Noise Canceler: Off
                 ; 0000 006B // Input Capture on Falling Edge
                 ; 0000 006C // Timer1 Overflow Interrupt: Off
                 ; 0000 006D // Input Capture Interrupt: Off
                 ; 0000 006E // Compare A Match Interrupt: Off
                 ; 0000 006F // Compare B Match Interrupt: Off
                 ; 0000 0070 TCCR1A=(0<<COM1A1) | (0<<COM1A0) | (0<<COM1B1) | (0<<COM1B0) | (0<<WGM11) | (0<<WGM10);
000089 bdef      	OUT  0x2F,R30
                 ; 0000 0071 TCCR1B=(0<<ICNC1) | (0<<ICES1) | (0<<WGM13) | (0<<WGM12) | (0<<CS12) | (0<<CS11) | (0<<CS10);
00008a bdee      	OUT  0x2E,R30
                 ; 0000 0072 TCNT1H=0x00;
00008b bded      	OUT  0x2D,R30
                 ; 0000 0073 TCNT1L=0x00;
00008c bdec      	OUT  0x2C,R30
                 ; 0000 0074 ICR1H=0x00;
00008d bde7      	OUT  0x27,R30
                 ; 0000 0075 ICR1L=0x00;
00008e bde6      	OUT  0x26,R30
                 ; 0000 0076 OCR1AH=0x00;
00008f bdeb      	OUT  0x2B,R30
                 ; 0000 0077 OCR1AL=0x00;
000090 bdea      	OUT  0x2A,R30
                 ; 0000 0078 OCR1BH=0x00;
000091 bde9      	OUT  0x29,R30
                 ; 0000 0079 OCR1BL=0x00;
000092 bde8      	OUT  0x28,R30
                 ; 0000 007A 
                 ; 0000 007B // Timer/Counter 2 initialization
                 ; 0000 007C // Clock source: System Clock
                 ; 0000 007D // Clock value: Timer2 Stopped
                 ; 0000 007E // Mode: Normal top=0xFF
                 ; 0000 007F // OC2 output: Disconnected
                 ; 0000 0080 ASSR=0<<AS2;
000093 bde2      	OUT  0x22,R30
                 ; 0000 0081 TCCR2=(0<<PWM2) | (0<<COM21) | (0<<COM20) | (0<<CTC2) | (0<<CS22) | (0<<CS21) | (0<<CS20);
000094 bde5      	OUT  0x25,R30
                 ; 0000 0082 TCNT2=0x00;
000095 bde4      	OUT  0x24,R30
                 ; 0000 0083 OCR2=0x00;
000096 bde3      	OUT  0x23,R30
                 ; 0000 0084 
                 ; 0000 0085 // Timer(s)/Counter(s) Interrupt(s) initialization
                 ; 0000 0086 TIMSK=(0<<OCIE2) | (0<<TOIE2) | (0<<TICIE1) | (0<<OCIE1A) | (0<<OCIE1B) | (0<<TOIE1) | (0<<OCIE0) | (1<<TOIE0);
000097 e0e1      	LDI  R30,LOW(1)
000098 bfe9      	OUT  0x39,R30
                 ; 0000 0087 
                 ; 0000 0088 // External Interrupt(s) initialization
                 ; 0000 0089 // INT0: Off
                 ; 0000 008A // INT1: Off
                 ; 0000 008B // INT2: Off
                 ; 0000 008C MCUCR=(0<<ISC11) | (0<<ISC10) | (0<<ISC01) | (0<<ISC00);
000099 e0e0      	LDI  R30,LOW(0)
00009a bfe5      	OUT  0x35,R30
                 ; 0000 008D MCUCSR=(0<<ISC2);
00009b bfe4      	OUT  0x34,R30
                 ; 0000 008E 
                 ; 0000 008F // USART initialization
                 ; 0000 0090 // USART disabled
                 ; 0000 0091 UCSRB=(0<<RXCIE) | (0<<TXCIE) | (0<<UDRIE) | (0<<RXEN) | (0<<TXEN) | (0<<UCSZ2) | (0<<RXB8) | (0<<TXB8);
00009c b9ea      	OUT  0xA,R30
                 ; 0000 0092 
                 ; 0000 0093 // Analog Comparator initialization
                 ; 0000 0094 // Analog Comparator: Off
                 ; 0000 0095 // The Analog Comparator's positive input is
                 ; 0000 0096 // connected to the AIN0 pin
                 ; 0000 0097 // The Analog Comparator's negative input is
                 ; 0000 0098 // connected to the AIN1 pin
                 ; 0000 0099 ACSR=(1<<ACD) | (0<<ACBG) | (0<<ACO) | (0<<ACI) | (0<<ACIE) | (0<<ACIC) | (0<<ACIS1) | (0<<ACIS0);
00009d e8e0      	LDI  R30,LOW(128)
00009e b9e8      	OUT  0x8,R30
                 ; 0000 009A 
                 ; 0000 009B // ADC initialization
                 ; 0000 009C // ADC Clock frequency: 1000.000 kHz
                 ; 0000 009D // ADC Voltage Reference: AVCC pin
                 ; 0000 009E // ADC Auto Trigger Source: Free Running
                 ; 0000 009F ADMUX=ADC_VREF_TYPE;
00009f e4e0      	LDI  R30,LOW(64)
0000a0 b9e7      	OUT  0x7,R30
                 ; 0000 00A0 ADCSRA=(1<<ADEN) | (0<<ADSC) | (1<<ADATE) | (0<<ADIF) | (0<<ADIE) | (0<<ADPS2) | (1<<ADPS1) | (1<<ADPS0);
0000a1 eae3      	LDI  R30,LOW(163)
0000a2 b9e6      	OUT  0x6,R30
                 ; 0000 00A1 SFIOR=(0<<ADTS2) | (0<<ADTS1) | (0<<ADTS0);
0000a3 e0e0      	LDI  R30,LOW(0)
0000a4 bfe0      	OUT  0x30,R30
                 ; 0000 00A2 
                 ; 0000 00A3 // SPI initialization
                 ; 0000 00A4 // SPI disabled
                 ; 0000 00A5 SPCR=(0<<SPIE) | (0<<SPE) | (0<<DORD) | (0<<MSTR) | (0<<CPOL) | (0<<CPHA) | (0<<SPR1) | (0<<SPR0);
0000a5 b9ed      	OUT  0xD,R30
                 ; 0000 00A6 
                 ; 0000 00A7 // TWI initialization
                 ; 0000 00A8 // TWI disabled
                 ; 0000 00A9 TWCR=(0<<TWEA) | (0<<TWSTA) | (0<<TWSTO) | (0<<TWEN) | (0<<TWIE);
0000a6 bfe6      	OUT  0x36,R30
                 ; 0000 00AA 
                 ; 0000 00AB // Alphanumeric LCD initialization
                 ; 0000 00AC // Connections are specified in the
                 ; 0000 00AD // Project|Configure|C Compiler|Libraries|Alphanumeric LCD menu:
                 ; 0000 00AE // RS - PORTC Bit 0
                 ; 0000 00AF // RD - PORTC Bit 1
                 ; 0000 00B0 // EN - PORTC Bit 2
                 ; 0000 00B1 // D4 - PORTC Bit 4
                 ; 0000 00B2 // D5 - PORTC Bit 5
                 ; 0000 00B3 // D6 - PORTC Bit 6
                 ; 0000 00B4 // D7 - PORTC Bit 7
                 ; 0000 00B5 // Characters/line: 16
                 ; 0000 00B6 lcd_init(16);
0000a7 e1a0      	LDI  R26,LOW(16)
0000a8 d070      	RCALL _lcd_init
                 ; 0000 00B7 
                 ; 0000 00B8 // Global enable interrupts
                 ; 0000 00B9 #asm("sei")
0000a9 9478      	sei
                 ; 0000 00BA 
                 ; 0000 00BB while (1)
                 _0x6:
                 ; 0000 00BC       {
                 ; 0000 00BD       lcd_gotoxy(0,0);
0000aa e0e0      	LDI  R30,LOW(0)
0000ab 93ea      	ST   -Y,R30
0000ac e0a0      	LDI  R26,LOW(0)
0000ad d02c      	RCALL _lcd_gotoxy
                 ; 0000 00BE       num = read_adc(0);
0000ae e0a0      	LDI  R26,LOW(0)
0000af dfba      	RCALL _read_adc
0000b0 012f      	MOVW R4,R30
                 ; 0000 00BF       //num = num /10 ;
                 ; 0000 00C0       /*if (num == (562))
                 ; 0000 00C1             strX = " 1 ";
                 ; 0000 00C2       else if (num == (542))
                 ; 0000 00C3             strX = " 2 ";
                 ; 0000 00C4       else if (num == (522))
                 ; 0000 00C5            strX = " 3 ";
                 ; 0000 00C6       else if (num == (482))
                 ; 0000 00C7            strX = " 4 ";
                 ; 0000 00C8       else if (num == (452))
                 ; 0000 00C9            strX = " 5 ";
                 ; 0000 00CA       else if (num == (422))
                 ; 0000 00CB            strX = " 6 ";
                 ; 0000 00CC       else if (num == (372))
                 ; 0000 00CD            strX = " 7 ";
                 ; 0000 00CE        else if (num == (332))
                 ; 0000 00CF             strX = " 8 ";
                 ; 0000 00D0       else if (num == (292))
                 ; 0000 00D1            strX = " 9 ";
                 ; 0000 00D2       else if (num == (202))
                 ; 0000 00D3            strX = " * ";
                 ; 0000 00D4       else if (num == (142))
                 ; 0000 00D5            strX = " 0 ";
                 ; 0000 00D6       else if (num == (702))
                 ; 0000 00D7            strX = " # ";
                 ; 0000 00D8       else if (num == (102))
                 ; 0000 00D9            strX = " ! ";
                 ; 0000 00DA       else
                 ; 0000 00DB            strX = " A ";*/
                 ; 0000 00DC 
                 ; 0000 00DD       /*if (( num < 570) && ( num > 560))
                 ; 0000 00DE             strX = " 1 ";
                 ; 0000 00DF       else if (( num < 550) && ( num > 540))
                 ; 0000 00E0             strX = " 2 ";
                 ; 0000 00E1       else if (( num < 530) && ( num > 520))
                 ; 0000 00E2            strX = " 3 ";
                 ; 0000 00E3       else if (( num < 490) && ( num > 480))
                 ; 0000 00E4            strX = " 4 ";
                 ; 0000 00E5       else if (( num < 460) && ( num > 450))
                 ; 0000 00E6            strX = " 5 ";
                 ; 0000 00E7       else if (( num < 430) && ( num > 420))
                 ; 0000 00E8            strX = " 6 ";
                 ; 0000 00E9       else if (( num < 380) && ( num > 370))
                 ; 0000 00EA            strX = " 7 ";
                 ; 0000 00EB        else if (( num < 340) && ( num > 330))
                 ; 0000 00EC             strX = " 8 ";
                 ; 0000 00ED       else if (( num < 300) && ( num > 290))
                 ; 0000 00EE            strX = " 9 ";
                 ; 0000 00EF       else if (( num < 210) && ( num > 200))
                 ; 0000 00F0            strX = " * ";
                 ; 0000 00F1       else if (( num < 150) && ( num > 140))
                 ; 0000 00F2            strX = " 0 ";
                 ; 0000 00F3       else if (( num < 710) && ( num > 700))
                 ; 0000 00F4            strX = " # ";
                 ; 0000 00F5       else if (num == (102))
                 ; 0000 00F6            strX = " ! ";
                 ; 0000 00F7       else
                 ; 0000 00F8            strX = " A ";
                 ; 0000 00F9         */
                 ; 0000 00FA       itoa(num, negin);
0000b1 925a      	ST   -Y,R5
0000b2 924a      	ST   -Y,R4
0000b3 01d5      	MOVW R26,R10
0000b4 940e 0147 	CALL _itoa
                 ; 0000 00FB       lcd_puts(negin);
0000b6 01d5      	MOVW R26,R10
0000b7 d050      	RCALL _lcd_puts
                 ; 0000 00FC       //lcd_putsf(strX);
                 ; 0000 00FD       //lcd_putchar(strZ);
                 ; 0000 00FE       //lcd_clear();
                 ; 0000 00FF       }
0000b8 cff1      	RJMP _0x6
                 ; 0000 0100 }
                 _0x9:
0000b9 cfff      	RJMP _0x9
                 ; .FEND
                 	#ifndef __SLEEP_DEFINED__
                 	#endif
                 
                 	.DSEG
                 
                 	.CSEG
                 __lcd_write_nibble_G100:
                 ; .FSTART __lcd_write_nibble_G100
0000ba 93aa      	ST   -Y,R26
0000bb b3e5      	IN   R30,0x15
0000bc 70ef      	ANDI R30,LOW(0xF)
0000bd 2fae      	MOV  R26,R30
0000be 81e8      	LD   R30,Y
0000bf 7fe0      	ANDI R30,LOW(0xF0)
0000c0 2bea      	OR   R30,R26
0000c1 bbe5      	OUT  0x15,R30
                +
0000c2 e08d     +LDI R24 , LOW ( 13 )
                +__DELAY_USB_LOOP :
0000c3 958a     +DEC R24
0000c4 f7f1     +BRNE __DELAY_USB_LOOP
                 	__DELAY_USB 13
0000c5 9aaa      	SBI  0x15,2
                +
0000c6 e08d     +LDI R24 , LOW ( 13 )
                +__DELAY_USB_LOOP :
0000c7 958a     +DEC R24
0000c8 f7f1     +BRNE __DELAY_USB_LOOP
                 	__DELAY_USB 13
0000c9 98aa      	CBI  0x15,2
                +
0000ca e08d     +LDI R24 , LOW ( 13 )
                +__DELAY_USB_LOOP :
0000cb 958a     +DEC R24
0000cc f7f1     +BRNE __DELAY_USB_LOOP
                 	__DELAY_USB 13
0000cd c077      	RJMP _0x20A0001
                 ; .FEND
                 __lcd_write_data:
                 ; .FSTART __lcd_write_data
0000ce 93aa      	ST   -Y,R26
0000cf 81a8      	LD   R26,Y
0000d0 dfe9      	RCALL __lcd_write_nibble_G100
0000d1 81e8          ld    r30,y
0000d2 95e2          swap  r30
0000d3 83e8          st    y,r30
0000d4 81a8      	LD   R26,Y
0000d5 dfe4      	RCALL __lcd_write_nibble_G100
                +
0000d6 e885     +LDI R24 , LOW ( 133 )
                +__DELAY_USB_LOOP :
0000d7 958a     +DEC R24
0000d8 f7f1     +BRNE __DELAY_USB_LOOP
                 	__DELAY_USB 133
0000d9 c06b      	RJMP _0x20A0001
                 ; .FEND
                 _lcd_gotoxy:
                 ; .FSTART _lcd_gotoxy
0000da 93aa      	ST   -Y,R26
0000db 81e8      	LD   R30,Y
0000dc e0f0      	LDI  R31,0
0000dd 5ae0      	SUBI R30,LOW(-__base_y_G100)
0000de 4ffe      	SBCI R31,HIGH(-__base_y_G100)
0000df 81e0      	LD   R30,Z
0000e0 81a9      	LDD  R26,Y+1
0000e1 0fae      	ADD  R26,R30
0000e2 dfeb      	RCALL __lcd_write_data
0000e3 8069      	LDD  R6,Y+1
0000e4 80d8      	LDD  R13,Y+0
0000e5 9622      	ADIW R28,2
0000e6 9508      	RET
                 ; .FEND
                 _lcd_clear:
                 ; .FSTART _lcd_clear
0000e7 e0a2      	LDI  R26,LOW(2)
0000e8 940e 0175 	CALL SUBOPT_0x0
0000ea e0ac      	LDI  R26,LOW(12)
0000eb dfe2      	RCALL __lcd_write_data
0000ec e0a1      	LDI  R26,LOW(1)
0000ed 940e 0175 	CALL SUBOPT_0x0
0000ef e0e0      	LDI  R30,LOW(0)
0000f0 2ede      	MOV  R13,R30
0000f1 2e6e      	MOV  R6,R30
0000f2 9508      	RET
                 ; .FEND
                 _lcd_putchar:
                 ; .FSTART _lcd_putchar
0000f3 93aa      	ST   -Y,R26
0000f4 81a8      	LD   R26,Y
0000f5 30aa      	CPI  R26,LOW(0xA)
0000f6 f011      	BREQ _0x2000005
0000f7 146c      	CP   R6,R12
0000f8 f048      	BRLO _0x2000004
                 _0x2000005:
0000f9 e0e0      	LDI  R30,LOW(0)
0000fa 93ea      	ST   -Y,R30
0000fb 94d3      	INC  R13
0000fc 2dad      	MOV  R26,R13
0000fd dfdc      	RCALL _lcd_gotoxy
0000fe 81a8      	LD   R26,Y
0000ff 30aa      	CPI  R26,LOW(0xA)
000100 f409      	BRNE _0x2000007
000101 c043      	RJMP _0x20A0001
                 _0x2000007:
                 _0x2000004:
000102 9463      	INC  R6
000103 9aa8      	SBI  0x15,0
000104 81a8      	LD   R26,Y
000105 dfc8      	RCALL __lcd_write_data
000106 98a8      	CBI  0x15,0
000107 c03d      	RJMP _0x20A0001
                 ; .FEND
                 _lcd_puts:
                 ; .FSTART _lcd_puts
000108 93ba      	ST   -Y,R27
000109 93aa      	ST   -Y,R26
00010a 931a      	ST   -Y,R17
                 _0x2000008:
00010b 81a9      	LDD  R26,Y+1
00010c 81ba      	LDD  R27,Y+1+1
00010d 91ed      	LD   R30,X+
00010e 83a9      	STD  Y+1,R26
00010f 83ba      	STD  Y+1+1,R27
000110 2f1e      	MOV  R17,R30
000111 30e0      	CPI  R30,0
000112 f019      	BREQ _0x200000A
000113 2fa1      	MOV  R26,R17
000114 dfde      	RCALL _lcd_putchar
000115 cff5      	RJMP _0x2000008
                 _0x200000A:
000116 8118      	LDD  R17,Y+0
000117 9623      	ADIW R28,3
000118 9508      	RET
                 ; .FEND
                 _lcd_init:
                 ; .FSTART _lcd_init
000119 93aa      	ST   -Y,R26
00011a b3e4      	IN   R30,0x14
00011b 6fe0      	ORI  R30,LOW(0xF0)
00011c bbe4      	OUT  0x14,R30
00011d 9aa2      	SBI  0x14,2
00011e 9aa0      	SBI  0x14,0
00011f 9aa1      	SBI  0x14,1
000120 98aa      	CBI  0x15,2
000121 98a8      	CBI  0x15,0
000122 98a9      	CBI  0x15,1
000123 80c8      	LDD  R12,Y+0
000124 81e8      	LD   R30,Y
000125 58e0      	SUBI R30,-LOW(128)
                +
000126 93e0 0162+STS __base_y_G100 + ( 2 ) , R30
                 	__PUTB1MN __base_y_G100,2
000128 81e8      	LD   R30,Y
000129 54e0      	SUBI R30,-LOW(192)
                +
00012a 93e0 0163+STS __base_y_G100 + ( 3 ) , R30
                 	__PUTB1MN __base_y_G100,3
00012c e1a4      	LDI  R26,LOW(20)
00012d e0b0      	LDI  R27,0
00012e 940e 0183 	CALL _delay_ms
000130 940e 017b 	CALL SUBOPT_0x1
000132 940e 017b 	CALL SUBOPT_0x1
000134 940e 017b 	CALL SUBOPT_0x1
000136 e2a0      	LDI  R26,LOW(32)
000137 df82      	RCALL __lcd_write_nibble_G100
                +
000138 ec88     +LDI R24 , LOW ( 200 )
000139 e090     +LDI R25 , HIGH ( 200 )
                +__DELAY_USW_LOOP :
00013a 9701     +SBIW R24 , 1
00013b f7f1     +BRNE __DELAY_USW_LOOP
                 	__DELAY_USW 200
00013c e2a8      	LDI  R26,LOW(40)
00013d df90      	RCALL __lcd_write_data
00013e e0a4      	LDI  R26,LOW(4)
00013f df8e      	RCALL __lcd_write_data
000140 e8a5      	LDI  R26,LOW(133)
000141 df8c      	RCALL __lcd_write_data
000142 e0a6      	LDI  R26,LOW(6)
000143 df8a      	RCALL __lcd_write_data
000144 dfa2      	RCALL _lcd_clear
                 _0x20A0001:
000145 9621      	ADIW R28,1
000146 9508      	RET
                 ; .FEND
                 
                 	.CSEG
                 _itoa:
                 ; .FSTART _itoa
000147 93ba      	ST   -Y,R27
000148 93aa      	ST   -Y,R26
000149 91a9          ld   r26,y+
00014a 91b9          ld   r27,y+
00014b 91e9          ld   r30,y+
00014c 91f9          ld   r31,y+
00014d 9630          adiw r30,0
00014e f42a          brpl __itoa0
00014f 95e0          com  r30
000150 95f0          com  r31
000151 9631          adiw r30,1
000152 e26d          ldi  r22,'-'
000153 936d          st   x+,r22
                 __itoa0:
000154 94e8          clt
000155 e180          ldi  r24,low(10000)
000156 e297          ldi  r25,high(10000)
000157 d00d          rcall __itoa1
000158 ee88          ldi  r24,low(1000)
000159 e093          ldi  r25,high(1000)
00015a d00a          rcall __itoa1
00015b e684          ldi  r24,100
00015c 2799          clr  r25
00015d d007          rcall __itoa1
00015e e08a          ldi  r24,10
00015f d005          rcall __itoa1
000160 2f6e          mov  r22,r30
000161 d010          rcall __itoa5
000162 2766          clr  r22
000163 936c          st   x,r22
000164 9508          ret
                 
                 __itoa1:
000165 2766          clr	 r22
                 __itoa2:
000166 17e8          cp   r30,r24
000167 07f9          cpc  r31,r25
000168 f020          brlo __itoa3
000169 9563          inc  r22
00016a 1be8          sub  r30,r24
00016b 0bf9          sbc  r31,r25
00016c f7c9          brne __itoa2
                 __itoa3:
00016d 2366          tst  r22
00016e f411          brne __itoa4
00016f f016          brts __itoa5
000170 9508          ret
                 __itoa4:
000171 9468          set
                 __itoa5:
000172 5d60          subi r22,-0x30
000173 936d          st   x+,r22
000174 9508          ret
                 ; .FEND
                 
                 	.DSEG
                 
                 	.CSEG
                 
                 	.CSEG
                 
                 	.CSEG
                 
                 	.CSEG
                 
                 	.DSEG
                 __base_y_G100:
000160           	.BYTE 0x4
                 __seed_G101:
000164           	.BYTE 0x4
                 
                 	.CSEG
                 ;OPTIMIZER ADDED SUBROUTINE, CALLED 2 TIMES, CODE SIZE REDUCTION:1 WORDS
                 SUBOPT_0x0:
000175 940e 00ce 	CALL __lcd_write_data
000177 e0a3      	LDI  R26,LOW(3)
000178 e0b0      	LDI  R27,0
000179 940c 0183 	JMP  _delay_ms
                 
                 ;OPTIMIZER ADDED SUBROUTINE, CALLED 3 TIMES, CODE SIZE REDUCTION:7 WORDS
                 SUBOPT_0x1:
00017b e3a0      	LDI  R26,LOW(48)
00017c 940e 00ba 	CALL __lcd_write_nibble_G100
                +
00017e ec88     +LDI R24 , LOW ( 200 )
00017f e090     +LDI R25 , HIGH ( 200 )
                +__DELAY_USW_LOOP :
000180 9701     +SBIW R24 , 1
000181 f7f1     +BRNE __DELAY_USW_LOOP
                 	__DELAY_USW 200
000182 9508      	RET
                 
                 
                 	.CSEG
                 _delay_ms:
000183 9610      	adiw r26,0
000184 f039      	breq __delay_ms1
                 __delay_ms0:
                +
000185 ed80     +LDI R24 , LOW ( 0x7D0 )
000186 e097     +LDI R25 , HIGH ( 0x7D0 )
                +__DELAY_USW_LOOP :
000187 9701     +SBIW R24 , 1
000188 f7f1     +BRNE __DELAY_USW_LOOP
                 	__DELAY_USW 0x7D0
000189 95a8      	wdr
00018a 9711      	sbiw r26,1
00018b f7c9      	brne __delay_ms0
                 __delay_ms1:
00018c 9508      	ret
                 
                 ;END OF CODE MARKER
                 __END_OF_CODE:


RESOURCE USE INFORMATION
------------------------

Notice:
The register and instruction counts are symbol table hit counts,
and hence implicitly used resources are not counted, eg, the
'lpm' instruction without operands implicitly uses r0 and z,
none of which are counted.

x,y,z are separate entities in the symbol table and are
counted separately from r26..r31 here.

.dseg memory usage only counts static data declared with .byte

ATmega16 register use summary:
r0 :   4 r1 :   1 r2 :   0 r3 :   0 r4 :   2 r5 :   1 r6 :   4 r7 :   0 
r8 :   0 r9 :   0 r10:   2 r11:   0 r12:   2 r13:   4 r14:   0 r15:   0 
r16:   0 r17:   4 r18:   0 r19:   0 r20:   0 r21:   0 r22:  12 r23:   0 
r24:  29 r25:  10 r26:  45 r27:   9 r28:   4 r29:   1 r30: 110 r31:  10 
x  :   7 y  :  42 z  :   8 
Registers used: 21 out of 35 (60.0%)

ATmega16 instruction use summary:
.lds  :   0 .lds.l:   0 .sts  :   0 .sts.l:   0 adc   :   0 add   :   1 
adiw  :   6 and   :   0 andi  :   2 asr   :   0 bclr  :   0 bld   :   0 
brbc  :   0 brbs  :   0 brcc  :   0 brcs  :   0 break :   0 breq  :   4 
brge  :   0 brhc  :   0 brhs  :   0 brid  :   0 brie  :   0 brlo  :   2 
brlt  :   0 brmi  :   0 brne  :  15 brpl  :   1 brsh  :   0 brtc  :   0 
brts  :   1 brvc  :   0 brvs  :   0 bset  :   0 bst   :   0 call  :   9 
cbi   :   5 cbr   :   0 clc   :   0 clh   :   0 cli   :   1 cln   :   0 
clr   :   5 cls   :   0 clt   :   1 clv   :   0 clz   :   0 com   :   2 
cp    :   2 cpc   :   1 cpi   :   3 cpse  :   0 dec   :   6 des   :   0 
eor   :   0 fmul  :   0 fmuls :   0 fmulsu:   0 icall :   0 ijmp  :   0 
in    :   4 inc   :   3 jmp   :  23 ld    :  18 ldd   :   7 ldi   :  63 
lds   :   0 lpm   :   7 lsl   :   0 lsr   :   0 mov   :   7 movw  :   6 
mul   :   0 muls  :   0 mulsu :   0 neg   :   0 nop   :   0 or    :   1 
ori   :   2 out   :  45 pop   :   0 push  :   0 rcall :  22 ret   :   9 
reti  :   1 rjmp  :  10 rol   :   0 ror   :   0 sbc   :   1 sbci  :   1 
sbi   :   7 sbic  :   0 sbis  :   1 sbiw  :   7 sbr   :   0 sbrc  :   0 
sbrs  :   0 sec   :   0 seh   :   0 sei   :   1 sen   :   0 ser   :   0 
ses   :   0 set   :   1 sev   :   0 sez   :   0 sleep :   0 spm   :   0 
st    :  23 std   :   2 sts   :   2 sub   :   1 subi  :   4 swap  :   1 
tst   :   1 wdr   :   1 
Instructions used: 49 out of 116 (42.2%)

ATmega16 memory use summary [bytes]:
Segment   Begin    End      Code   Data   Used    Size   Use%
---------------------------------------------------------------
[.cseg] 0x000000 0x00031a    766     28    794   16384   4.8%
[.dseg] 0x000060 0x000168      0      8      8    1024   0.8%
[.eseg] 0x000000 0x000000      0      0      0     512   0.0%

Assembly complete, 0 errors, 12 warnings
